stencil_alltoallw.c: In function ‘main’:
stencil_alltoallw.c:160:84: warning: passing argument 8 of ‘MPI_Alltoallw’ from incompatible pointer type [-Wincompatible-pointer-types]
  160 |     MPI_Alltoallw(aold, send_counts, sdispls, &typeNS, anew, recv_counts, rdispls, typeNS, MPI_COMM_WORLD);
      |                                                                                    ^~~~~~
      |                                                                                    |
      |                                                                                    MPI_Datatype {aka struct ompi_datatype_t *}
In file included from stencil_alltoallw.c:10:
/soft/easybuild/x86_64/software/OpenMPI/4.1.2-GCC-10.2.0-with-slurm/include/mpi.h:1338:113: note: expected ‘struct ompi_datatype_t * const*’ but argument is of type ‘MPI_Datatype’ {aka ‘struct ompi_datatype_t *’}
 1338 |                                  void *recvbuf, const int recvcounts[], const int rdispls[], const MPI_Datatype recvtypes[],
      |                                                                                              ~~~~~~~~~~~~~~~~~~~^~~~~~~~~~~
stencil_alltoallw.c:163:84: warning: passing argument 8 of ‘MPI_Alltoallw’ from incompatible pointer type [-Wincompatible-pointer-types]
  163 |     MPI_Alltoallw(aold, send_counts, sdispls, &typeEW, anew, recv_counts, rdispls, typeEW, MPI_COMM_WORLD);
      |                                                                                    ^~~~~~
      |                                                                                    |
      |                                                                                    MPI_Datatype {aka struct ompi_datatype_t *}
In file included from stencil_alltoallw.c:10:
/soft/easybuild/x86_64/software/OpenMPI/4.1.2-GCC-10.2.0-with-slurm/include/mpi.h:1338:113: note: expected ‘struct ompi_datatype_t * const*’ but argument is of type ‘MPI_Datatype’ {aka ‘struct ompi_datatype_t *’}
 1338 |                                  void *recvbuf, const int recvcounts[], const int rdispls[], const MPI_Datatype recvtypes[],
      |                                                                                              ~~~~~~~~~~~~~~~~~~~^~~~~~~~~~~
[node010:4005268] *** An error occurred in MPI_Alltoallw
[node010:4005268] *** reported by process [367722496,34]
[node010:4005268] *** on communicator MPI_COMM_WORLD
[node010:4005268] *** MPI_ERR_TYPE: invalid datatype
[node010:4005268] *** MPI_ERRORS_ARE_FATAL (processes in this communicator will now abort,
[node010:4005268] ***    and potentially your MPI job)
[node010:4005270] *** An error occurred in MPI_Alltoallw
[node010:4005270] *** reported by process [367722496,36]
[node010:4005270] *** on communicator MPI_COMM_WORLD
[node010:4005270] *** MPI_ERR_TYPE: invalid datatype
[node010:4005270] *** MPI_ERRORS_ARE_FATAL (processes in this communicator will now abort,
srun: Job step aborted: Waiting up to 32 seconds for job step to finish.
[node010:4005270] ***    and potentially your MPI job)
[node010:4005269] *** An error occurred in MPI_Alltoallw
[node010:4005269] *** reported by process [367722496,35]
[node010:4005269] *** on communicator MPI_COMM_WORLD
[node010:4005269] *** MPI_ERR_TYPE: invalid datatype
[node010:4005269] *** MPI_ERRORS_ARE_FATAL (processes in this communicator will now abort,
[node010:4005269] ***    and potentially your MPI job)
slurmstepd: error: *** STEP 333291.0 ON node009 CANCELLED AT 2023-05-22T21:42:31 ***
In: PMI_Abort(3, N/A)
In: PMI_Abort(3, N/A)
In: PMI_Abort(3, N/A)
srun: error: node010: tasks 32-33,37-63: Killed
srun: error: node010: tasks 34-36: Exited with exit code 3
srun: error: node009: tasks 0-31: Killed
