[node002:1356526:0:1356526] Caught signal 11 (Segmentation fault: address not mapped to object at address 0x800000010)
==== backtrace (tid:1356526) ====
 0 0x00000000000201f3 ucs_debug_print_backtrace()  /dev/shm/easybuild/UCX/1.9.0/GCCcore-10.2.0/ucx-1.9.0/src/ucs/debug/debug.c:656
 1 0x0000000000012b30 .annobin_sigaction.c()  sigaction.c:0
 2 0x00000000000663b6 MPI_Alltoallw()  ???:0
 3 0x0000000000401ab1 main()  /homedtic/u199149/lab2_T1G12/4_stencil/stencil_alltoallw.c:193
 4 0x00000000000234a3 __libc_start_main()  ???:0
 5 0x000000000040106e _start()  ???:0
=================================
[node002:1356526] *** Process received signal ***
[node002:1356526] Signal: Segmentation fault (11)
[node002:1356526] Signal code:  (-6)
[node002:1356526] Failing at address: 0xff7760014b2ee
[node002:1356526] [ 0] /lib64/libpthread.so.0(+0x12b30)[0x14d3e2df3b30]
[node002:1356526] [ 1] /soft/easybuild/x86_64/software/OpenMPI/4.1.2-GCC-10.2.0-with-slurm/lib/libmpi.so.40(PMPI_Alltoallw+0x116)[0x14d3e43983b6]
[node002:1356526] [ 2] stencil_alltoallw[0x401ab1]
[node002:1356526] [ 3] /lib64/libc.so.6(__libc_start_main+0xf3)[0x14d3e3b164a3]
[node002:1356526] [ 4] stencil_alltoallw[0x40106e]
[node002:1356526] *** End of error message ***
[node002:1356531:0:1356531] Caught signal 11 (Segmentation fault: address not mapped to object at address 0x800000010)
==== backtrace (tid:1356531) ====
 0 0x00000000000201f3 ucs_debug_print_backtrace()  /dev/shm/easybuild/UCX/1.9.0/GCCcore-10.2.0/ucx-1.9.0/src/ucs/debug/debug.c:656
 1 0x0000000000012b30 .annobin_sigaction.c()  sigaction.c:0
 2 0x00000000000663b6 MPI_Alltoallw()  ???:0
 3 0x0000000000401ab1 main()  /homedtic/u199149/lab2_T1G12/4_stencil/stencil_alltoallw.c:193
 4 0x00000000000234a3 __libc_start_main()  ???:0
 5 0x000000000040106e _start()  ???:0
=================================
[node002:1356531] *** Process received signal ***
[node002:1356531] Signal: Segmentation fault (11)
[node002:1356531] Signal code:  (-6)
[node002:1356531] Failing at address: 0xff7760014b2f3
[node002:1356531] [ 0] /lib64/libpthread.so.0(+0x12b30)[0x14baa2702b30]
[node002:1356531] [ 1] /soft/easybuild/x86_64/software/OpenMPI/4.1.2-GCC-10.2.0-with-slurm/lib/libmpi.so.40(PMPI_Alltoallw+0x116)[0x14baa3ca73b6]
[node002:1356531] [ 2] stencil_alltoallw[0x401ab1]
[node002:1356531] [ 3] /lib64/libc.so.6(__libc_start_main+0xf3)[0x14baa34254a3]
[node002:1356531] [ 4] stencil_alltoallw[0x40106e]
[node002:1356531] *** End of error message ***
[node002:1356534:0:1356534] Caught signal 11 (Segmentation fault: address not mapped to object at address 0x800000010)
[node002:1356537:0:1356537] Caught signal 11 (Segmentation fault: address not mapped to object at address 0x800000010)
[node002:1356538:0:1356538] Caught signal 11 (Segmentation fault: address not mapped to object at address 0x800000010)
[node002:1356539:0:1356539] Caught signal 11 (Segmentation fault: address not mapped to object at address 0x800000010)
[node002:1356540:0:1356540] Caught signal 11 (Segmentation fault: address not mapped to object at address 0x800000010)
[node003:572581:0:572581] Caught signal 11 (Segmentation fault: address not mapped to object at address 0x800000010)
[node003:572582:0:572582] Caught signal 11 (Segmentation fault: address not mapped to object at address 0x800000010)
[node003:572583:0:572583] Caught signal 11 (Segmentation fault: address not mapped to object at address 0x800000010)
[node003:572584:0:572584] Caught signal 11 (Segmentation fault: address not mapped to object at address 0x800000010)
[node003:572585:0:572585] Caught signal 11 (Segmentation fault: address not mapped to object at address 0x800000010)
[node003:572587:0:572587] Caught signal 11 (Segmentation fault: address not mapped to object at address 0x800000010)
[node003:572586:0:572586] Caught signal 11 (Segmentation fault: address not mapped to object at address 0x800000010)
[node003:572588:0:572588] Caught signal 11 (Segmentation fault: address not mapped to object at address 0x800000010)
[node003:572578:0:572578] Caught signal 11 (Segmentation fault: address not mapped to object at address 0x800000010)
==== backtrace (tid:1356534) ====
 0 0x00000000000201f3 ucs_debug_print_backtrace()  /dev/shm/easybuild/UCX/1.9.0/GCCcore-10.2.0/ucx-1.9.0/src/ucs/debug/debug.c:656
 1 0x0000000000012b30 .annobin_sigaction.c()  sigaction.c:0
 2 0x00000000000663b6 MPI_Alltoallw()  ???:0
 3 0x0000000000401a54 main()  /homedtic/u199149/lab2_T1G12/4_stencil/stencil_alltoallw.c:190
 4 0x00000000000234a3 __libc_start_main()  ???:0
 5 0x000000000040106e _start()  ???:0
=================================
[node002:1356534] *** Process received signal ***
[node002:1356534] Signal: Segmentation fault (11)
[node002:1356534] Signal code:  (-6)
[node002:1356534] Failing at address: 0xff7760014b2f6
[node002:1356534] [ 0] /lib64/libpthread.so.0(+0x12b30)[0x145d7ecccb30]
[node002:1356534] [ 1] /soft/easybuild/x86_64/software/OpenMPI/4.1.2-GCC-10.2.0-with-slurm/lib/libmpi.so.40(PMPI_Alltoallw+0x116)[0x145d802713b6]
[node002:1356534] [ 2] stencil_alltoallw[0x401a54]
[node002:1356534] [ 3] /lib64/libc.so.6(__libc_start_main+0xf3)[0x145d7f9ef4a3]
[node002:1356534] [ 4] stencil_alltoallw[0x40106e]
[node002:1356534] *** End of error message ***
[node002:1356541:0:1356541] Caught signal 11 (Segmentation fault: address not mapped to object at address 0x800000010)
[node002:1356542:0:1356542] Caught signal 11 (Segmentation fault: address not mapped to object at address 0x800000011)
[node002:1356543:0:1356543] Caught signal 11 (Segmentation fault: address not mapped to object at address 0x800000010)
[node002:1356544:0:1356544] Caught signal 11 (Segmentation fault: address not mapped to object at address 0x800000010)
[node003:572593:0:572593] Caught signal 11 (Segmentation fault: address not mapped to object at address 0x800000010)
[node003:572594:0:572594] Caught signal 11 (Segmentation fault: address not mapped to object at address 0x800000010)
[node003:572590:0:572590] Caught signal 11 (Segmentation fault: address not mapped to object at address 0x800000010)
[node003:572591:0:572591] Caught signal 11 (Segmentation fault: address not mapped to object at address 0x800000010)
[node003:572592:0:572592] Caught signal 11 (Segmentation fault: address not mapped to object at address 0x800000010)
[node003:572596:0:572596] Caught signal 11 (Segmentation fault: address not mapped to object at address 0x800000010)
[node003:572595:0:572595] Caught signal 11 (Segmentation fault: address not mapped to object at address 0x800000010)
[node002:1356545:0:1356545] Caught signal 11 (Segmentation fault: address not mapped to object at address 0x800000010)
==== backtrace (tid: 572581) ====
 0 0x00000000000201f3 ucs_debug_print_backtrace()  /dev/shm/easybuild/UCX/1.9.0/GCCcore-10.2.0/ucx-1.9.0/src/ucs/debug/debug.c:656
 1 0x0000000000012b30 .annobin_sigaction.c()  sigaction.c:0
 2 0x00000000000663b6 MPI_Alltoallw()  ???:0
 3 0x0000000000401a54 main()  /homedtic/u199149/lab2_T1G12/4_stencil/stencil_alltoallw.c:190
 4 0x00000000000234a3 __libc_start_main()  ???:0
 5 0x000000000040106e _start()  ???:0
=================================
==== backtrace (tid:1356538) ====
 0 0x00000000000201f3 ucs_debug_print_backtrace()  /dev/shm/easybuild/UCX/1.9.0/GCCcore-10.2.0/ucx-1.9.0/src/ucs/debug/debug.c:656
 1 0x0000000000012b30 .annobin_sigaction.c()  sigaction.c:0
 2 0x00000000000663b6 MPI_Alltoallw()  ???:0
 3 0x0000000000401a54 main()  /homedtic/u199149/lab2_T1G12/4_stencil/stencil_alltoallw.c:190
 4 0x00000000000234a3 __libc_start_main()  ???:0
[node003:572581] *** Process received signal ***
[node003:572581] Signal: Segmentation fault (11)
[node003:572581] Signal code:  (-6)
[node003:572581] Failing at address: 0xff7760008bca5
 5 0x000000000040106e _start()  ???:0
[node003:572581] [ 0] /lib64/libpthread.so.0(+0x12b30)[0x14c48ea1eb30]
[node003:572581] [ 1] /soft/easybuild/x86_64/software/OpenMPI/4.1.2-GCC-10.2.0-with-slurm/lib/libmpi.so.40(PMPI_Alltoallw+0x116)[0x14c48ffc43b6]
==== backtrace (tid:1356537) ====
 0 0x00000000000201f3 ucs_debug_print_backtrace()  /dev/shm/easybuild/UCX/1.9.0/GCCcore-10.2.0/ucx-1.9.0/src/ucs/debug/debug.c:656
 1 0x0000000000012b30 .annobin_sigaction.c()  sigaction.c:0
 2 0x00000000000663b6 MPI_Alltoallw()  ???:0
 3 0x0000000000401a54 main()  /homedtic/u199149/lab2_T1G12/4_stencil/stencil_alltoallw.c:190
 4 0x00000000000234a3 __libc_start_main()  ???:0
 5 0x000000000040106e _start()  ???:0
=================================
[node003:572581] [ 2] stencil_alltoallw[0x401a54]
[node003:572581] [ 3] /lib64/libc.so.6(__libc_start_main+0xf3)[0x14c48f7414a3]
=================================
[node003:572581] [ 4] stencil_alltoallw[0x40106e]
[node003:572581] *** End of error message ***
[node002:1356537] *** Process received signal ***
[node002:1356537] Signal: Segmentation fault (11)
[node002:1356537] Signal code:  (-6)
[node002:1356537] Failing at address: 0xff7760014b2f9
==== backtrace (tid: 572588) ====
 0 0x00000000000201f3 ucs_debug_print_backtrace()  /dev/shm/easybuild/UCX/1.9.0/GCCcore-10.2.0/ucx-1.9.0/src/ucs/debug/debug.c:656
 1 0x0000000000012b30 .annobin_sigaction.c()  sigaction.c:0
 2 0x00000000000663b6 MPI_Alltoallw()  ???:0
 3 0x0000000000401a54 main()  /homedtic/u199149/lab2_T1G12/4_stencil/stencil_alltoallw.c:190
 4 0x00000000000234a3 __libc_start_main()  ???:0
 5 0x000000000040106e _start()  ???:0
[node002:1356538] *** Process received signal ***
[node002:1356538] Signal: Segmentation fault (11)
[node002:1356538] Signal code:  (-6)
[node002:1356538] Failing at address: 0xff7760014b2fa
=================================
[node002:1356537] [ 0] /lib64/libpthread.so.0(+0x12b30)[0x14efebb89b30]
[node003:572588] *** Process received signal ***
[node003:572588] Signal: Segmentation fault (11)
[node003:572588] Signal code:  (-6)
[node003:572588] Failing at address: 0xff7760008bcac
[node002:1356538] [ 0] /lib64/libpthread.so.0(+0x12b30)[0x152ec7654b30]
==== backtrace (tid: 572582) ====
 0 0x00000000000201f3 ucs_debug_print_backtrace()  /dev/shm/easybuild/UCX/1.9.0/GCCcore-10.2.0/ucx-1.9.0/src/ucs/debug/debug.c:656
 1 0x0000000000012b30 .annobin_sigaction.c()  sigaction.c:0
 2 0x00000000000663b6 MPI_Alltoallw()  ???:0
[node002:1356537] [ 1] /soft/easybuild/x86_64/software/OpenMPI/4.1.2-GCC-10.2.0-with-slurm/lib/libmpi.so.40(PMPI_Alltoallw+0x116)[0x14efed12e3b6]
[node002:1356537] [ 2] stencil_alltoallw[0x401a54]
[node002:1356537] [ 3] /lib64/libc.so.6(__libc_start_main+0xf3)[0x14efec8ac4a3]
 3 0x0000000000401a54 main()  /homedtic/u199149/lab2_T1G12/4_stencil/stencil_alltoallw.c:190
 4 0x00000000000234a3 __libc_start_main()  ???:0
 5 0x000000000040106e _start()  ???:0
[node002:1356538] [ 1] /soft/easybuild/x86_64/software/OpenMPI/4.1.2-GCC-10.2.0-with-slurm/lib/libmpi.so.40(PMPI_Alltoallw+0x116)[0x152ec8bf93b6]
[node002:1356538] [ 2] stencil_alltoallw[0x401a54]
=================================
[node002:1356537] [ 4] stencil_alltoallw[0x40106e]
[node002:1356537] *** End of error message ***
==== backtrace (tid: 572583) ====
 0 0x00000000000201f3 ucs_debug_print_backtrace()  /dev/shm/easybuild/UCX/1.9.0/GCCcore-10.2.0/ucx-1.9.0/src/ucs/debug/debug.c:656
 1 0x0000000000012b30 .annobin_sigaction.c()  sigaction.c:0
 2 0x00000000000663b6 MPI_Alltoallw()  ???:0
 3 0x0000000000401a54 main()  /homedtic/u199149/lab2_T1G12/4_stencil/stencil_alltoallw.c:190
 4 0x00000000000234a3 __libc_start_main()  ???:0
 5 0x000000000040106e _start()  ???:0
[node002:1356538] [ 3] /lib64/libc.so.6(__libc_start_main+0xf3)[0x152ec83774a3]
[node002:1356538] [ 4] stencil_alltoallw[0x40106e]
[node002:1356538] *** End of error message ***
=================================
[node003:572582] *** Process received signal ***
[node003:572582] Signal: Segmentation fault (11)
[node003:572582] Signal code:  (-6)
[node003:572582] Failing at address: 0xff7760008bca6
[node002:1356546:0:1356546] Caught signal 11 (Segmentation fault: address not mapped to object at address 0x800000010)
[node003:572583] *** Process received signal ***
[node003:572583] Signal: Segmentation fault (11)
[node003:572583] Signal code:  (-6)
[node003:572583] Failing at address: 0xff7760008bca7
==== backtrace (tid:1356539) ====
 0 0x00000000000201f3 ucs_debug_print_backtrace()  /dev/shm/easybuild/UCX/1.9.0/GCCcore-10.2.0/ucx-1.9.0/src/ucs/debug/debug.c:656
 1 0x0000000000012b30 .annobin_sigaction.c()  sigaction.c:0
 2 0x00000000000663b6 MPI_Alltoallw()  ???:0
 3 0x0000000000401a54 main()  /homedtic/u199149/lab2_T1G12/4_stencil/stencil_alltoallw.c:190
 4 0x00000000000234a3 __libc_start_main()  ???:0
 5 0x000000000040106e _start()  ???:0
[node003:572588] [ 0] /lib64/libpthread.so.0(+0x12b30)[0x153a7239bb30]
[node003:572588] [ 1] /soft/easybuild/x86_64/software/OpenMPI/4.1.2-GCC-10.2.0-with-slurm/lib/libmpi.so.40(PMPI_Alltoallw+0x116)[0x153a739413b6]
[node003:572588] [ 2] stencil_alltoallw[0x401a54]
==== backtrace (tid:1356540) ====
 0 0x00000000000201f3 ucs_debug_print_backtrace()  /dev/shm/easybuild/UCX/1.9.0/GCCcore-10.2.0/ucx-1.9.0/src/ucs/debug/debug.c:656
 1 0x0000000000012b30 .annobin_sigaction.c()  sigaction.c:0
 2 0x00000000000663b6 MPI_Alltoallw()  ???:0
 3 0x0000000000401a54 main()  /homedtic/u199149/lab2_T1G12/4_stencil/stencil_alltoallw.c:190
 4 0x00000000000234a3 __libc_start_main()  ???:0
 5 0x000000000040106e _start()  ???:0
[node003:572588] [ 3] /lib64/libc.so.6(__libc_start_main+0xf3)[0x153a730be4a3]
[node003:572588] [ 4] stencil_alltoallw[0x40106e]
[node003:572588] *** End of error message ***
=================================
[node003:572582] [ 0] /lib64/libpthread.so.0(+0x12b30)[0x1521e77b0b30]
=================================
[node003:572583] [ 0] /lib64/libpthread.so.0(+0x12b30)[0x14c37ddf2b30]
[node002:1356539] *** Process received signal ***
[node002:1356539] Signal: Segmentation fault (11)
[node002:1356539] Signal code:  (-6)
[node002:1356539] Failing at address: 0xff7760014b2fb
[node003:572582] [ 1] /soft/easybuild/x86_64/software/OpenMPI/4.1.2-GCC-10.2.0-with-slurm/lib/libmpi.so.40(PMPI_Alltoallw+0x116)[0x1521e8d563b6]
[node002:1356540] *** Process received signal ***
[node002:1356540] Signal: Segmentation fault (11)
[node002:1356540] Signal code:  (-6)
[node002:1356540] Failing at address: 0xff7760014b2fc
[node003:572583] [ 1] /soft/easybuild/x86_64/software/OpenMPI/4.1.2-GCC-10.2.0-with-slurm/lib/libmpi.so.40(PMPI_Alltoallw+0x116)[0x14c37f3983b6]
[node002:1356539] [ 0] /lib64/libpthread.so.0(+0x12b30)[0x14ed79e77b30]
[node003:572582] [ 2] stencil_alltoallw[0x401a54]
[node003:572582] [ 3] /lib64/libc.so.6(__libc_start_main+0xf3)[0x1521e84d34a3]
[node002:1356540] [ 0] /lib64/libpthread.so.0(+0x12b30)[0x14c8796fbb30]
[node003:572583] [ 2] stencil_alltoallw[0x401a54]
[node003:572583] [ 3] /lib64/libc.so.6(__libc_start_main+0xf3)[0x14c37eb154a3]
[node002:1356539] [ 1] /soft/easybuild/x86_64/software/OpenMPI/4.1.2-GCC-10.2.0-with-slurm/lib/libmpi.so.40(PMPI_Alltoallw+0x116)[0x14ed7b41c3b6]
[node003:572582] [ 4] stencil_alltoallw[0x40106e]
[node003:572582] *** End of error message ***
[node002:1356540] [ 1] /soft/easybuild/x86_64/software/OpenMPI/4.1.2-GCC-10.2.0-with-slurm/lib/libmpi.so.40(PMPI_Alltoallw+0x116)[0x14c87aca03b6]
[node003:572583] [ 4] stencil_alltoallw[0x40106e]
[node003:572583] *** End of error message ***
[node002:1356539] [ 2] stencil_alltoallw[0x401a54]
==== backtrace (tid: 572585) ====
 0 0x00000000000201f3 ucs_debug_print_backtrace()  /dev/shm/easybuild/UCX/1.9.0/GCCcore-10.2.0/ucx-1.9.0/src/ucs/debug/debug.c:656
 1 0x0000000000012b30 .annobin_sigaction.c()  sigaction.c:0
 2 0x00000000000663b6 MPI_Alltoallw()  ???:0
 3 0x0000000000401a54 main()  /homedtic/u199149/lab2_T1G12/4_stencil/stencil_alltoallw.c:190
 4 0x00000000000234a3 __libc_start_main()  ???:0
 5 0x000000000040106e _start()  ???:0
[node002:1356540] [ 2] stencil_alltoallw[0x401a54]
==== backtrace (tid: 572586) ====
 0 0x00000000000201f3 ucs_debug_print_backtrace()  /dev/shm/easybuild/UCX/1.9.0/GCCcore-10.2.0/ucx-1.9.0/src/ucs/debug/debug.c:656
 1 0x0000000000012b30 .annobin_sigaction.c()  sigaction.c:0
 2 0x00000000000663b6 MPI_Alltoallw()  ???:0
 3 0x0000000000401a54 main()  /homedtic/u199149/lab2_T1G12/4_stencil/stencil_alltoallw.c:190
 4 0x00000000000234a3 __libc_start_main()  ???:0
 5 0x000000000040106e _start()  ???:0
=================================
[node002:1356539] [ 3] /lib64/libc.so.6(__libc_start_main+0xf3)[0x14ed7ab9a4a3]
[node002:1356539] [ 4] stencil_alltoallw[0x40106e]
[node002:1356539] *** End of error message ***
==== backtrace (tid: 572587) ====
 0 0x00000000000201f3 ucs_debug_print_backtrace()  /dev/shm/easybuild/UCX/1.9.0/GCCcore-10.2.0/ucx-1.9.0/src/ucs/debug/debug.c:656
 1 0x0000000000012b30 .annobin_sigaction.c()  sigaction.c:0
 2 0x00000000000663b6 MPI_Alltoallw()  ???:0
 3 0x0000000000401a54 main()  /homedtic/u199149/lab2_T1G12/4_stencil/stencil_alltoallw.c:190
 4 0x00000000000234a3 __libc_start_main()  ???:0
 5 0x000000000040106e _start()  ???:0
=================================
[node002:1356540] [ 3] /lib64/libc.so.6(__libc_start_main+0xf3)[0x14c87a41e4a3]
[node002:1356540] [ 4] stencil_alltoallw[0x40106e]
[node002:1356540] *** End of error message ***
=================================
[node003:572587] *** Process received signal ***
[node003:572587] Signal: Segmentation fault (11)
[node003:572587] Signal code:  (-6)
[node003:572587] Failing at address: 0xff7760008bcab
[node002:1356547:0:1356547] Caught signal 11 (Segmentation fault: address not mapped to object at address 0x800000010)
[node003:572585] *** Process received signal ***
[node003:572585] Signal: Segmentation fault (11)
[node003:572585] Signal code:  (-6)
[node003:572585] Failing at address: 0xff7760008bca9
==== backtrace (tid: 572578) ====
 0 0x00000000000201f3 ucs_debug_print_backtrace()  /dev/shm/easybuild/UCX/1.9.0/GCCcore-10.2.0/ucx-1.9.0/src/ucs/debug/debug.c:656
 1 0x0000000000012b30 .annobin_sigaction.c()  sigaction.c:0
 2 0x00000000000663b6 MPI_Alltoallw()  ???:0
 3 0x0000000000401a54 main()  /homedtic/u199149/lab2_T1G12/4_stencil/stencil_alltoallw.c:190
 4 0x00000000000234a3 __libc_start_main()  ???:0
 5 0x000000000040106e _start()  ???:0
[node002:1356548:0:1356548] Caught signal 11 (Segmentation fault: address not mapped to object at address 0x800000010)
=================================
[node003:572578] *** Process received signal ***
[node003:572578] Signal: Segmentation fault (11)
[node003:572578] Signal code:  (-6)
[node003:572578] Failing at address: 0xff7760008bca2
[node002:1356549:0:1356549] Caught signal 11 (Segmentation fault: address not mapped to object at address 0x800000010)
[node003:572587] [ 0] /lib64/libpthread.so.0(+0x12b30)[0x14b22e8feb30]
[node003:572587] [ 1] /soft/easybuild/x86_64/software/OpenMPI/4.1.2-GCC-10.2.0-with-slurm/lib/libmpi.so.40(PMPI_Alltoallw+0x116)[0x14b22fea43b6]
[node003:572585] [ 0] /lib64/libpthread.so.0(+0x12b30)[0x14c83bd8bb30]
[node002:1356550:0:1356550] Caught signal 11 (Segmentation fault: address not mapped to object at address 0x800000010)
[node003:572585] [ 1] /soft/easybuild/x86_64/software/OpenMPI/4.1.2-GCC-10.2.0-with-slurm/lib/libmpi.so.40(PMPI_Alltoallw+0x116)[0x14c83d3313b6]
[node003:572585] [ 2] stencil_alltoallw[0x401a54]
[node002:1356551:0:1356551] Caught signal 11 (Segmentation fault: address not mapped to object at address 0x800000010)
[node003:572587] [ 2] stencil_alltoallw[0x401a54]
[node003:572587] [ 3] /lib64/libc.so.6(__libc_start_main+0xf3)[0x14b22f6214a3]
==== backtrace (tid:1356541) ====
 0 0x00000000000201f3 ucs_debug_print_backtrace()  /dev/shm/easybuild/UCX/1.9.0/GCCcore-10.2.0/ucx-1.9.0/src/ucs/debug/debug.c:656
 1 0x0000000000012b30 .annobin_sigaction.c()  sigaction.c:0
 2 0x00000000000663b6 MPI_Alltoallw()  ???:0
 3 0x0000000000401a54 main()  /homedtic/u199149/lab2_T1G12/4_stencil/stencil_alltoallw.c:190
[node003:572578] [ 0] /lib64/libpthread.so.0(+0x12b30)[0x14da69388b30]
[node003:572578] [ 1] /soft/easybuild/x86_64/software/OpenMPI/4.1.2-GCC-10.2.0-with-slurm/lib/libmpi.so.40(PMPI_Alltoallw+0x116)[0x14da6a92e3b6]
 4 0x00000000000234a3 __libc_start_main()  ???:0
 5 0x000000000040106e _start()  ???:0
=================================
[node003:572585] [ 3] /lib64/libc.so.6(__libc_start_main+0xf3)[0x14c83caae4a3]
[node002:1356541] *** Process received signal ***
[node002:1356541] Signal: Segmentation fault (11)
[node002:1356541] Signal code:  (-6)
[node002:1356541] Failing at address: 0xff7760014b2fd
[node003:572578] [ 2] stencil_alltoallw[0x401a54]
[node002:1356541] [ 0] /lib64/libpthread.so.0(+0x12b30)[0x14edda672b30]
[node003:572585] [ 4] stencil_alltoallw[0x40106e]
[node003:572585] *** End of error message ***
[node002:1356541] [ 1] /soft/easybuild/x86_64/software/OpenMPI/4.1.2-GCC-10.2.0-with-slurm/lib/libmpi.so.40(PMPI_Alltoallw+0x116)[0x14eddbc173b6]
[node002:1356541] [ 2] stencil_alltoallw[0x401a54]
[node003:572587] [ 4] stencil_alltoallw[0x40106e]
[node003:572587] *** End of error message ***
[node002:1356541] [ 3] /lib64/libc.so.6(__libc_start_main+0xf3)[0x14eddb3954a3]
[node002:1356541] [ 4] stencil_alltoallw[0x40106e]
[node002:1356541] *** End of error message ***
[node003:572578] [ 3] /lib64/libc.so.6(__libc_start_main+0xf3)[0x14da6a0ab4a3]
==== backtrace (tid:1356544) ====
 0 0x00000000000201f3 ucs_debug_print_backtrace()  /dev/shm/easybuild/UCX/1.9.0/GCCcore-10.2.0/ucx-1.9.0/src/ucs/debug/debug.c:656
 1 0x0000000000012b30 .annobin_sigaction.c()  sigaction.c:0
 2 0x00000000000663b6 MPI_Alltoallw()  ???:0
 3 0x0000000000401a54 main()  /homedtic/u199149/lab2_T1G12/4_stencil/stencil_alltoallw.c:190
 4 0x00000000000234a3 __libc_start_main()  ???:0
 5 0x000000000040106e _start()  ???:0
[node003:572578] [ 4] stencil_alltoallw[0x40106e]
[node003:572578] *** End of error message ***
=================================
[node003:572586] *** Process received signal ***
[node003:572586] Signal: Segmentation fault (11)
[node003:572586] Signal code:  (-6)
[node003:572586] Failing at address: 0xff7760008bcaa
[node002:1356544] *** Process received signal ***
[node002:1356544] Signal: Segmentation fault (11)
[node002:1356544] Signal code:  (-6)
[node002:1356544] Failing at address: 0xff7760014b300
[node003:572586] [ 0] /lib64/libpthread.so.0(+0x12b30)[0x14c0d7620b30]
[node002:1356544] [ 0] /lib64/libpthread.so.0(+0x12b30)[0x15173c119b30]
[node003:572586] [ 1] /soft/easybuild/x86_64/software/OpenMPI/4.1.2-GCC-10.2.0-with-slurm/lib/libmpi.so.40(PMPI_Alltoallw+0x116)[0x14c0d8bc63b6]
[node003:572586] [ 2] stencil_alltoallw[0x401a54]
[node003:572586] [ 3] /lib64/libc.so.6(__libc_start_main+0xf3)[0x14c0d83434a3]
[node003:572586] [ 4] stencil_alltoallw[0x40106e]
[node003:572586] *** End of error message ***
[node002:1356544] [ 1] /soft/easybuild/x86_64/software/OpenMPI/4.1.2-GCC-10.2.0-with-slurm/lib/libmpi.so.40(PMPI_Alltoallw+0x116)[0x15173d6be3b6]
[node002:1356544] [ 2] stencil_alltoallw[0x401a54]
==== backtrace (tid: 572584) ====
 0 0x00000000000201f3 ucs_debug_print_backtrace()  /dev/shm/easybuild/UCX/1.9.0/GCCcore-10.2.0/ucx-1.9.0/src/ucs/debug/debug.c:656
 1 0x0000000000012b30 .annobin_sigaction.c()  sigaction.c:0
 2 0x00000000000663b6 MPI_Alltoallw()  ???:0
 3 0x0000000000401a54 main()  /homedtic/u199149/lab2_T1G12/4_stencil/stencil_alltoallw.c:190
 4 0x00000000000234a3 __libc_start_main()  ???:0
 5 0x000000000040106e _start()  ???:0
[node002:1356544] [ 3] /lib64/libc.so.6(__libc_start_main+0xf3)[0x15173ce3c4a3]
[node002:1356544] [ 4] stencil_alltoallw[0x40106e]
[node002:1356544] *** End of error message ***
=================================
[node003:572584] *** Process received signal ***
[node003:572584] Signal: Segmentation fault (11)
[node003:572584] Signal code:  (-6)
[node003:572584] Failing at address: 0xff7760008bca8
[node002:1356553:0:1356553] Caught signal 11 (Segmentation fault: address not mapped to object at address 0x800000010)
[node003:572584] [ 0] /lib64/libpthread.so.0(+0x12b30)[0x147815e9fb30]
[node003:572584] [ 1] /soft/easybuild/x86_64/software/OpenMPI/4.1.2-GCC-10.2.0-with-slurm/lib/libmpi.so.40(PMPI_Alltoallw+0x116)[0x1478174453b6]
[node002:1356555:0:1356555] Caught signal 11 (Segmentation fault: address not mapped to object at address 0x800000010)
[node003:572584] [ 2] stencil_alltoallw[0x401a54]
[node003:572584] [ 3] /lib64/libc.so.6(__libc_start_main+0xf3)[0x147816bc24a3]
[node003:572584] [ 4] stencil_alltoallw[0x40106e]
[node003:572584] *** End of error message ***
==== backtrace (tid: 572594) ====
 0 0x00000000000201f3 ucs_debug_print_backtrace()  /dev/shm/easybuild/UCX/1.9.0/GCCcore-10.2.0/ucx-1.9.0/src/ucs/debug/debug.c:656
 1 0x0000000000012b30 .annobin_sigaction.c()  sigaction.c:0
 2 0x00000000000663b6 MPI_Alltoallw()  ???:0
 3 0x0000000000401a54 main()  /homedtic/u199149/lab2_T1G12/4_stencil/stencil_alltoallw.c:190
 4 0x00000000000234a3 __libc_start_main()  ???:0
 5 0x000000000040106e _start()  ???:0
=================================
[node002:1356554:0:1356554] Caught signal 11 (Segmentation fault: address not mapped to object at address 0x800000010)
[node003:572594] *** Process received signal ***
[node003:572594] Signal: Segmentation fault (11)
[node003:572594] Signal code:  (-6)
[node003:572594] Failing at address: 0xff7760008bcb2
[node003:572594] [ 0] /lib64/libpthread.so.0(+0x12b30)[0x153cc0aadb30]
[node003:572594] [ 1] /soft/easybuild/x86_64/software/OpenMPI/4.1.2-GCC-10.2.0-with-slurm/lib/libmpi.so.40(PMPI_Alltoallw+0x116)[0x153cc20533b6]
[node003:572594] [ 2] stencil_alltoallw[0x401a54]
[node002:1356524:0:1356524] Caught signal 11 (Segmentation fault: address not mapped to object at address 0x800000010)
[node003:572594] [ 3] /lib64/libc.so.6(__libc_start_main+0xf3)[0x153cc17d04a3]
[node003:572594] [ 4] stencil_alltoallw[0x40106e]
[node003:572594] *** End of error message ***
==== backtrace (tid:1356543) ====
 0 0x00000000000201f3 ucs_debug_print_backtrace()  /dev/shm/easybuild/UCX/1.9.0/GCCcore-10.2.0/ucx-1.9.0/src/ucs/debug/debug.c:656
 1 0x0000000000012b30 .annobin_sigaction.c()  sigaction.c:0
 2 0x00000000000663b6 MPI_Alltoallw()  ???:0
 3 0x0000000000401a54 main()  /homedtic/u199149/lab2_T1G12/4_stencil/stencil_alltoallw.c:190
 4 0x00000000000234a3 __libc_start_main()  ???:0
 5 0x000000000040106e _start()  ???:0
==== backtrace (tid: 572593) ====
 0 0x00000000000201f3 ucs_debug_print_backtrace()  /dev/shm/easybuild/UCX/1.9.0/GCCcore-10.2.0/ucx-1.9.0/src/ucs/debug/debug.c:656
 1 0x0000000000012b30 .annobin_sigaction.c()  sigaction.c:0
 2 0x00000000000663b6 MPI_Alltoallw()  ???:0
 3 0x0000000000401a54 main()  /homedtic/u199149/lab2_T1G12/4_stencil/stencil_alltoallw.c:190
 4 0x00000000000234a3 __libc_start_main()  ???:0
 5 0x000000000040106e _start()  ???:0
=================================
[node003:572593] *** Process received signal ***
[node003:572593] Signal: Segmentation fault (11)
[node003:572593] Signal code:  (-6)
[node003:572593] Failing at address: 0xff7760008bcb1
==== backtrace (tid:1356542) ====
 0 0x00000000000201f3 ucs_debug_print_backtrace()  /dev/shm/easybuild/UCX/1.9.0/GCCcore-10.2.0/ucx-1.9.0/src/ucs/debug/debug.c:656
 1 0x0000000000012b30 .annobin_sigaction.c()  sigaction.c:0
 2 0x00000000000663b6 MPI_Alltoallw()  ???:0
 3 0x0000000000401a54 main()  /homedtic/u199149/lab2_T1G12/4_stencil/stencil_alltoallw.c:190
 4 0x00000000000234a3 __libc_start_main()  ???:0
 5 0x000000000040106e _start()  ???:0
=================================
[node003:572593] [ 0] /lib64/libpthread.so.0(+0x12b30)[0x14a0d4cdcb30]
[node003:572593] [ 1] /soft/easybuild/x86_64/software/OpenMPI/4.1.2-GCC-10.2.0-with-slurm/lib/libmpi.so.40(PMPI_Alltoallw+0x116)[0x14a0d62823b6]
[node003:572593] [ 2] stencil_alltoallw[0x401a54]
[node003:572593] [ 3] /lib64/libc.so.6(__libc_start_main+0xf3)[0x14a0d59ff4a3]
[node003:572593] [ 4] stencil_alltoallw[0x40106e]
[node003:572593] *** End of error message ***
=================================
==== backtrace (tid: 572595) ====
 0 0x00000000000201f3 ucs_debug_print_backtrace()  /dev/shm/easybuild/UCX/1.9.0/GCCcore-10.2.0/ucx-1.9.0/src/ucs/debug/debug.c:656
 1 0x0000000000012b30 .annobin_sigaction.c()  sigaction.c:0
 2 0x00000000000663b6 MPI_Alltoallw()  ???:0
 3 0x0000000000401a54 main()  /homedtic/u199149/lab2_T1G12/4_stencil/stencil_alltoallw.c:190
 4 0x00000000000234a3 __libc_start_main()  ???:0
 5 0x000000000040106e _start()  ???:0
=================================
[node002:1356542] *** Process received signal ***
[node002:1356542] Signal: Segmentation fault (11)
[node002:1356542] Signal code:  (-6)
[node002:1356542] Failing at address: 0xff7760014b2fe
[node003:572595] *** Process received signal ***
[node003:572595] Signal: Segmentation fault (11)
[node003:572595] Signal code:  (-6)
[node003:572595] Failing at address: 0xff7760008bcb3
[node002:1356543] *** Process received signal ***
[node002:1356543] Signal: Segmentation fault (11)
[node002:1356543] Signal code:  (-6)
[node002:1356543] Failing at address: 0xff7760014b2ff
[node003:572595] [ 0] /lib64/libpthread.so.0(+0x12b30)[0x14f2b26a5b30]
[node002:1356542] [ 0] /lib64/libpthread.so.0(+0x12b30)[0x14dafc69ab30]
[node003:572595] [ 1] /soft/easybuild/x86_64/software/OpenMPI/4.1.2-GCC-10.2.0-with-slurm/lib/libmpi.so.40(PMPI_Alltoallw+0x116)[0x14f2b3c4b3b6]
[node003:572595] [ 2] stencil_alltoallw[0x401a54]
[node002:1356543] [ 0] /lib64/libpthread.so.0(+0x12b30)[0x149c6706db30]
[node003:572595] [ 3] /lib64/libc.so.6(__libc_start_main+0xf3)[0x14f2b33c84a3]
[node003:572595] [ 4] stencil_alltoallw[0x40106e]
[node003:572595] *** End of error message ***
[node002:1356542] [ 1] /soft/easybuild/x86_64/software/OpenMPI/4.1.2-GCC-10.2.0-with-slurm/lib/libmpi.so.40(PMPI_Alltoallw+0x116)[0x14dafdc3f3b6]
[node002:1356542] [ 2] stencil_alltoallw[0x401a54]
==== backtrace (tid: 572591) ====
 0 0x00000000000201f3 ucs_debug_print_backtrace()  /dev/shm/easybuild/UCX/1.9.0/GCCcore-10.2.0/ucx-1.9.0/src/ucs/debug/debug.c:656
 1 0x0000000000012b30 .annobin_sigaction.c()  sigaction.c:0
 2 0x00000000000663b6 MPI_Alltoallw()  ???:0
 3 0x0000000000401a54 main()  /homedtic/u199149/lab2_T1G12/4_stencil/stencil_alltoallw.c:190
 4 0x00000000000234a3 __libc_start_main()  ???:0
 5 0x000000000040106e _start()  ???:0
[node002:1356543] [ 1] /soft/easybuild/x86_64/software/OpenMPI/4.1.2-GCC-10.2.0-with-slurm/lib/libmpi.so.40(PMPI_Alltoallw+0x116)[0x149c686123b6]
[node002:1356543] [ 2] stencil_alltoallw[0x401a54]
==== backtrace (tid: 572592) ====
 0 0x00000000000201f3 ucs_debug_print_backtrace()  /dev/shm/easybuild/UCX/1.9.0/GCCcore-10.2.0/ucx-1.9.0/src/ucs/debug/debug.c:656
 1 0x0000000000012b30 .annobin_sigaction.c()  sigaction.c:0
 2 0x00000000000663b6 MPI_Alltoallw()  ???:0
 3 0x0000000000401a54 main()  /homedtic/u199149/lab2_T1G12/4_stencil/stencil_alltoallw.c:190
 4 0x00000000000234a3 __libc_start_main()  ???:0
 5 0x000000000040106e _start()  ???:0
[node002:1356542] [ 3] /lib64/libc.so.6(__libc_start_main+0xf3)[0x14dafd3bd4a3]
[node002:1356542] [ 4] stencil_alltoallw[0x40106e]
[node002:1356542] *** End of error message ***
=================================
[node002:1356543] [ 3] /lib64/libc.so.6(__libc_start_main+0xf3)[0x149c67d904a3]
[node002:1356543] [ 4] stencil_alltoallw[0x40106e]
[node002:1356543] *** End of error message ***
=================================
==== backtrace (tid:1356545) ====
 0 0x00000000000201f3 ucs_debug_print_backtrace()  /dev/shm/easybuild/UCX/1.9.0/GCCcore-10.2.0/ucx-1.9.0/src/ucs/debug/debug.c:656
 1 0x0000000000012b30 .annobin_sigaction.c()  sigaction.c:0
 2 0x00000000000663b6 MPI_Alltoallw()  ???:0
 3 0x0000000000401a54 main()  /homedtic/u199149/lab2_T1G12/4_stencil/stencil_alltoallw.c:190
 4 0x00000000000234a3 __libc_start_main()  ???:0
 5 0x000000000040106e _start()  ???:0
[node003:572591] *** Process received signal ***
[node003:572591] Signal: Segmentation fault (11)
[node003:572591] Signal code:  (-6)
[node003:572591] Failing at address: 0xff7760008bcaf
=================================
[node003:572592] *** Process received signal ***
[node003:572592] Signal: Segmentation fault (11)
[node003:572592] Signal code:  (-6)
[node003:572592] Failing at address: 0xff7760008bcb0
[node002:1356545] *** Process received signal ***
[node002:1356545] Signal: Segmentation fault (11)
[node002:1356545] Signal code:  (-6)
[node002:1356545] Failing at address: 0xff7760014b301
==== backtrace (tid: 572590) ====
 0 0x00000000000201f3 ucs_debug_print_backtrace()  /dev/shm/easybuild/UCX/1.9.0/GCCcore-10.2.0/ucx-1.9.0/src/ucs/debug/debug.c:656
 1 0x0000000000012b30 .annobin_sigaction.c()  sigaction.c:0
 2 0x00000000000663b6 MPI_Alltoallw()  ???:0
 3 0x0000000000401a54 main()  /homedtic/u199149/lab2_T1G12/4_stencil/stencil_alltoallw.c:190
 4 0x00000000000234a3 __libc_start_main()  ???:0
==== backtrace (tid:1356546) ====
 0 0x00000000000201f3 ucs_debug_print_backtrace()  /dev/shm/easybuild/UCX/1.9.0/GCCcore-10.2.0/ucx-1.9.0/src/ucs/debug/debug.c:656
 1 0x0000000000012b30 .annobin_sigaction.c()  sigaction.c:0
 2 0x00000000000663b6 MPI_Alltoallw()  ???:0
 3 0x0000000000401a54 main()  /homedtic/u199149/lab2_T1G12/4_stencil/stencil_alltoallw.c:190
 4 0x00000000000234a3 __libc_start_main()  ???:0
 5 0x000000000040106e _start()  ???:0
 5 0x000000000040106e _start()  ???:0
=================================
=================================
[node003:572590] *** Process received signal ***
[node003:572590] Signal: Segmentation fault (11)
[node003:572590] Signal code:  (-6)
[node003:572590] Failing at address: 0xff7760008bcae
[node002:1356546] *** Process received signal ***
[node002:1356546] Signal: Segmentation fault (11)
[node002:1356546] Signal code:  (-6)
[node002:1356546] Failing at address: 0xff7760014b302
[node003:572590] [ 0] /lib64/libpthread.so.0(+0x12b30)[0x14d5714edb30]
[node002:1356545] [ 0] /lib64/libpthread.so.0(+0x12b30)[0x15214c04cb30]
[node003:572591] [ 0] /lib64/libpthread.so.0(+0x12b30)[0x1460394efb30]
[node002:1356545] [ 1] /soft/easybuild/x86_64/software/OpenMPI/4.1.2-GCC-10.2.0-with-slurm/lib/libmpi.so.40(PMPI_Alltoallw+0x116)[0x15214d5f13b6]
[node003:572592] [ 0] /lib64/libpthread.so.0(+0x12b30)[0x152ed8331b30]
[node002:1356545] [ 2] stencil_alltoallw[0x401a54]
[node003:572590] [ 1] /soft/easybuild/x86_64/software/OpenMPI/4.1.2-GCC-10.2.0-with-slurm/lib/libmpi.so.40(PMPI_Alltoallw+0x116)[0x14d572a933b6]
[node003:572590] [ 2] stencil_alltoallw[0x401a54]
[node002:1356545] [ 3] /lib64/libc.so.6(__libc_start_main+0xf3)[0x15214cd6f4a3]
[node003:572591] [ 1] /soft/easybuild/x86_64/software/OpenMPI/4.1.2-GCC-10.2.0-with-slurm/lib/libmpi.so.40(PMPI_Alltoallw+0x116)[0x14603aa953b6]
[node003:572591] [ 2] stencil_alltoallw[0x401a54]
[node002:1356545] [ 4] stencil_alltoallw[0x40106e]
[node002:1356545] *** End of error message ***
[node003:572592] [ 1] /soft/easybuild/x86_64/software/OpenMPI/4.1.2-GCC-10.2.0-with-slurm/lib/libmpi.so.40(PMPI_Alltoallw+0x116)[0x152ed98d73b6]
[node003:572592] [ 2] stencil_alltoallw[0x401a54]
[node003:572592] [ 3] /lib64/libc.so.6(__libc_start_main+0xf3)[0x152ed90544a3]
[node003:572592] [ 4] stencil_alltoallw[0x40106e]
[node003:572592] *** End of error message ***
[node002:1356546] [ 0] /lib64/libpthread.so.0(+0x12b30)[0x1456c457fb30]
[node003:572590] [ 3] /lib64/libc.so.6(__libc_start_main+0xf3)[0x14d5722104a3]
[node003:572590] [ 4] stencil_alltoallw[0x40106e]
[node003:572590] *** End of error message ***
[node002:1356546] [ 1] /soft/easybuild/x86_64/software/OpenMPI/4.1.2-GCC-10.2.0-with-slurm/lib/libmpi.so.40(PMPI_Alltoallw+0x116)[0x1456c5b243b6]
[node003:572591] [ 3] /lib64/libc.so.6(__libc_start_main+0xf3)[0x14603a2124a3]
[node003:572591] [ 4] stencil_alltoallw[0x40106e]
[node003:572591] *** End of error message ***
[node002:1356546] [ 2] stencil_alltoallw[0x401a54]
[node002:1356546] [ 3] /lib64/libc.so.6(__libc_start_main+0xf3)[0x1456c52a24a3]
[node003:572597:0:572597] Caught signal 11 (Segmentation fault: address not mapped to object at address 0x800000010)
[node002:1356546] [ 4] stencil_alltoallw[0x40106e]
[node002:1356546] *** End of error message ***
[node003:572599:0:572599] Caught signal 11 (Segmentation fault: address not mapped to object at address 0x800000010)
==== backtrace (tid:1356547) ====
 0 0x00000000000201f3 ucs_debug_print_backtrace()  /dev/shm/easybuild/UCX/1.9.0/GCCcore-10.2.0/ucx-1.9.0/src/ucs/debug/debug.c:656
 1 0x0000000000012b30 .annobin_sigaction.c()  sigaction.c:0
 2 0x00000000000663b6 MPI_Alltoallw()  ???:0
 3 0x0000000000401a54 main()  /homedtic/u199149/lab2_T1G12/4_stencil/stencil_alltoallw.c:190
 4 0x00000000000234a3 __libc_start_main()  ???:0
 5 0x000000000040106e _start()  ???:0
=================================
==== backtrace (tid: 572596) ====
 0 0x00000000000201f3 ucs_debug_print_backtrace()  /dev/shm/easybuild/UCX/1.9.0/GCCcore-10.2.0/ucx-1.9.0/src/ucs/debug/debug.c:656
 1 0x0000000000012b30 .annobin_sigaction.c()  sigaction.c:0
 2 0x00000000000663b6 MPI_Alltoallw()  ???:0
 3 0x0000000000401a54 main()  /homedtic/u199149/lab2_T1G12/4_stencil/stencil_alltoallw.c:190
 4 0x00000000000234a3 __libc_start_main()  ???:0
 5 0x000000000040106e _start()  ???:0
[node002:1356547] *** Process received signal ***
[node002:1356547] Signal: Segmentation fault (11)
[node002:1356547] Signal code:  (-6)
[node002:1356547] Failing at address: 0xff7760014b303
=================================
[node002:1356547] [ 0] /lib64/libpthread.so.0(+0x12b30)[0x14bfd8074b30]
[node003:572596] *** Process received signal ***
[node003:572596] Signal: Segmentation fault (11)
[node003:572596] Signal code:  (-6)
[node003:572596] Failing at address: 0xff7760008bcb4
[node002:1356547] [ 1] /soft/easybuild/x86_64/software/OpenMPI/4.1.2-GCC-10.2.0-with-slurm/lib/libmpi.so.40(PMPI_Alltoallw+0x116)[0x14bfd96193b6]
[node002:1356547] [ 2] stencil_alltoallw[0x401a54]
[node002:1356547] [ 3] /lib64/libc.so.6(__libc_start_main+0xf3)[0x14bfd8d974a3]
[node003:572596] [ 0] /lib64/libpthread.so.0(+0x12b30)[0x151ac8355b30]
[node003:572596] [ 1] /soft/easybuild/x86_64/software/OpenMPI/4.1.2-GCC-10.2.0-with-slurm/lib/libmpi.so.40(PMPI_Alltoallw+0x116)[0x151ac98fb3b6]
[node002:1356547] [ 4] stencil_alltoallw[0x40106e]
[node002:1356547] *** End of error message ***
[node003:572596] [ 2] stencil_alltoallw[0x401a54]
[node003:572596] [ 3] /lib64/libc.so.6(__libc_start_main+0xf3)[0x151ac90784a3]
[node003:572596] [ 4] stencil_alltoallw[0x40106e]
[node003:572596] *** End of error message ***
[node002:1356530:0:1356530] Caught signal 11 (Segmentation fault: address not mapped to object at address 0x800000010)
[node003:572600:0:572600] Caught signal 11 (Segmentation fault: address not mapped to object at address 0x800000011)
[node003:572601:0:572601] Caught signal 11 (Segmentation fault: address not mapped to object at address 0x800000010)
[node003:572570:0:572570] Caught signal 11 (Segmentation fault: address not mapped to object at address 0x800000010)
==== backtrace (tid: 572597) ====
 0 0x00000000000201f3 ucs_debug_print_backtrace()  /dev/shm/easybuild/UCX/1.9.0/GCCcore-10.2.0/ucx-1.9.0/src/ucs/debug/debug.c:656
 1 0x0000000000012b30 .annobin_sigaction.c()  sigaction.c:0
 2 0x00000000000663b6 MPI_Alltoallw()  ???:0
 3 0x0000000000401a54 main()  /homedtic/u199149/lab2_T1G12/4_stencil/stencil_alltoallw.c:190
 4 0x00000000000234a3 __libc_start_main()  ???:0
 5 0x000000000040106e _start()  ???:0
=================================
[node003:572597] *** Process received signal ***
[node003:572597] Signal: Segmentation fault (11)
[node003:572597] Signal code:  (-6)
[node003:572597] Failing at address: 0xff7760008bcb5
[node003:572597] [ 0] /lib64/libpthread.so.0(+0x12b30)[0x15484ccb7b30]
[node003:572597] [ 1] /soft/easybuild/x86_64/software/OpenMPI/4.1.2-GCC-10.2.0-with-slurm/lib/libmpi.so.40(PMPI_Alltoallw+0x116)[0x15484e25d3b6]
[node003:572597] [ 2] stencil_alltoallw[0x401a54]
==== backtrace (tid:1356551) ====
 0 0x00000000000201f3 ucs_debug_print_backtrace()  /dev/shm/easybuild/UCX/1.9.0/GCCcore-10.2.0/ucx-1.9.0/src/ucs/debug/debug.c:656
 1 0x0000000000012b30 .annobin_sigaction.c()  sigaction.c:0
 2 0x00000000000663b6 MPI_Alltoallw()  ???:0
 3 0x0000000000401a54 main()  /homedtic/u199149/lab2_T1G12/4_stencil/stencil_alltoallw.c:190
 4 0x00000000000234a3 __libc_start_main()  ???:0
 5 0x000000000040106e _start()  ???:0
[node003:572597] [ 3] /lib64/libc.so.6(__libc_start_main+0xf3)[0x15484d9da4a3]
[node003:572597] [ 4] stencil_alltoallw[0x40106e]
[node003:572597] *** End of error message ***
==== backtrace (tid:1356550) ====
 0 0x00000000000201f3 ucs_debug_print_backtrace()  /dev/shm/easybuild/UCX/1.9.0/GCCcore-10.2.0/ucx-1.9.0/src/ucs/debug/debug.c:656
 1 0x0000000000012b30 .annobin_sigaction.c()  sigaction.c:0
 2 0x00000000000663b6 MPI_Alltoallw()  ???:0
 3 0x0000000000401a54 main()  /homedtic/u199149/lab2_T1G12/4_stencil/stencil_alltoallw.c:190
 4 0x00000000000234a3 __libc_start_main()  ???:0
=================================
 5 0x000000000040106e _start()  ???:0
=================================
[node003:572589:0:572589] Caught signal 11 (Segmentation fault: address not mapped to object at address 0x800000010)
[node002:1356550] *** Process received signal ***
[node002:1356550] Signal: Segmentation fault (11)
[node002:1356550] Signal code:  (-6)
[node002:1356550] Failing at address: 0xff7760014b306
==== backtrace (tid: 572599) ====
 0 0x00000000000201f3 ucs_debug_print_backtrace()  /dev/shm/easybuild/UCX/1.9.0/GCCcore-10.2.0/ucx-1.9.0/src/ucs/debug/debug.c:656
 1 0x0000000000012b30 .annobin_sigaction.c()  sigaction.c:0
 2 0x00000000000663b6 MPI_Alltoallw()  ???:0
 3 0x0000000000401a54 main()  /homedtic/u199149/lab2_T1G12/4_stencil/stencil_alltoallw.c:190
 4 0x00000000000234a3 __libc_start_main()  ???:0
 5 0x000000000040106e _start()  ???:0
[node002:1356551] *** Process received signal ***
=================================
[node002:1356551] Signal: Segmentation fault (11)
[node002:1356551] Signal code:  (-6)
[node002:1356551] Failing at address: 0xff7760014b307
[node003:572599] *** Process received signal ***
[node003:572599] Signal: Segmentation fault (11)
[node003:572599] Signal code:  (-6)
[node003:572599] Failing at address: 0xff7760008bcb7
==== backtrace (tid:1356548) ====
 0 0x00000000000201f3 ucs_debug_print_backtrace()  /dev/shm/easybuild/UCX/1.9.0/GCCcore-10.2.0/ucx-1.9.0/src/ucs/debug/debug.c:656
 1 0x0000000000012b30 .annobin_sigaction.c()  sigaction.c:0
 2 0x00000000000663b6 MPI_Alltoallw()  ???:0
[node003:572599] [ 0] /lib64/libpthread.so.0(+0x12b30)[0x147e17787b30]
 3 0x0000000000401a54 main()  /homedtic/u199149/lab2_T1G12/4_stencil/stencil_alltoallw.c:190
 4 0x00000000000234a3 __libc_start_main()  ???:0
 5 0x000000000040106e _start()  ???:0
=================================
[node003:572599] [ 1] /soft/easybuild/x86_64/software/OpenMPI/4.1.2-GCC-10.2.0-with-slurm/lib/libmpi.so.40(PMPI_Alltoallw+0x116)[0x147e18d2d3b6]
[node002:1356548] *** Process received signal ***
[node002:1356548] Signal: Segmentation fault (11)
[node002:1356548] Signal code:  (-6)
[node002:1356548] Failing at address: 0xff7760014b304
[node003:572599] [ 2] stencil_alltoallw[0x401a54]
[node002:1356550] [ 0] /lib64/libpthread.so.0(+0x12b30)[0x146202e25b30]
[node003:572599] [ 3] /lib64/libc.so.6(__libc_start_main+0xf3)[0x147e184aa4a3]
[node002:1356551] [ 0] /lib64/libpthread.so.0(+0x12b30)[0x148d82697b30]
[node003:572599] [ 4] stencil_alltoallw[0x40106e]
[node003:572599] *** End of error message ***
[node002:1356548] [ 0] /lib64/libpthread.so.0(+0x12b30)[0x14ca6a7f7b30]
==== backtrace (tid: 572570) ====
 0 0x00000000000201f3 ucs_debug_print_backtrace()  /dev/shm/easybuild/UCX/1.9.0/GCCcore-10.2.0/ucx-1.9.0/src/ucs/debug/debug.c:656
 1 0x0000000000012b30 .annobin_sigaction.c()  sigaction.c:0
 2 0x00000000000663b6 MPI_Alltoallw()  ???:0
[node002:1356550] [ 1] /soft/easybuild/x86_64/software/OpenMPI/4.1.2-GCC-10.2.0-with-slurm/lib/libmpi.so.40(PMPI_Alltoallw+0x116)[0x1462043ca3b6]
[node002:1356550] [ 2] stencil_alltoallw[0x401a54]
[node002:1356550] [ 3] /lib64/libc.so.6(__libc_start_main+0xf3)[0x146203b484a3]
 3 0x0000000000401a54 main()  /homedtic/u199149/lab2_T1G12/4_stencil/stencil_alltoallw.c:190
 4 0x00000000000234a3 __libc_start_main()  ???:0
 5 0x000000000040106e _start()  ???:0
=================================
[node002:1356551] [ 1] /soft/easybuild/x86_64/software/OpenMPI/4.1.2-GCC-10.2.0-with-slurm/lib/libmpi.so.40(PMPI_Alltoallw+0x116)[0x148d83c3c3b6]
[node002:1356551] [ 2] stencil_alltoallw[0x401a54]
[node002:1356551] [ 3] /lib64/libc.so.6(__libc_start_main+0xf3)[0x148d833ba4a3]
[node002:1356551] [ 4] stencil_alltoallw[0x40106e]
[node002:1356551] *** End of error message ***
[node003:572570] *** Process received signal ***
[node002:1356548] [ 1] /soft/easybuild/x86_64/software/OpenMPI/4.1.2-GCC-10.2.0-with-slurm/lib/libmpi.so.40(PMPI_Alltoallw+0x116)[0x14ca6bd9c3b6]
[node002:1356548] [ 2] stencil_alltoallw[0x401a54]
[node002:1356548] [ 3] /lib64/libc.so.6(__libc_start_main+0xf3)[0x14ca6b51a4a3]
[node003:572570] Signal: Segmentation fault (11)
[node003:572570] Signal code:  (-6)
[node003:572570] Failing at address: 0xff7760008bc9a
[node002:1356550] [ 4] stencil_alltoallw[0x40106e]
[node002:1356550] *** End of error message ***
[node003:572570] [ 0] /lib64/libpthread.so.0(+0x12b30)[0x14de1a376b30]
[node002:1356548] [ 4] stencil_alltoallw[0x40106e]
[node002:1356548] *** End of error message ***
[node003:572570] [ 1] /soft/easybuild/x86_64/software/OpenMPI/4.1.2-GCC-10.2.0-with-slurm/lib/libmpi.so.40(PMPI_Alltoallw+0x116)[0x14de1b91c3b6]
[node003:572570] [ 2] stencil_alltoallw[0x401a54]
==== backtrace (tid:1356553) ====
 0 0x00000000000201f3 ucs_debug_print_backtrace()  /dev/shm/easybuild/UCX/1.9.0/GCCcore-10.2.0/ucx-1.9.0/src/ucs/debug/debug.c:656
 1 0x0000000000012b30 .annobin_sigaction.c()  sigaction.c:0
 2 0x00000000000663b6 MPI_Alltoallw()  ???:0
 3 0x0000000000401a54 main()  /homedtic/u199149/lab2_T1G12/4_stencil/stencil_alltoallw.c:190
 4 0x00000000000234a3 __libc_start_main()  ???:0
 5 0x000000000040106e _start()  ???:0
=================================
[node003:572570] [ 3] /lib64/libc.so.6(__libc_start_main+0xf3)[0x14de1b0994a3]
[node003:572570] [ 4] stencil_alltoallw[0x40106e]
[node003:572570] *** End of error message ***
[node002:1356553] *** Process received signal ***
[node002:1356553] Signal: Segmentation fault (11)
[node002:1356553] Signal code:  (-6)
[node002:1356553] Failing at address: 0xff7760014b309
==== backtrace (tid: 572600) ====
 0 0x00000000000201f3 ucs_debug_print_backtrace()  /dev/shm/easybuild/UCX/1.9.0/GCCcore-10.2.0/ucx-1.9.0/src/ucs/debug/debug.c:656
 1 0x0000000000012b30 .annobin_sigaction.c()  sigaction.c:0
 2 0x00000000000663b6 MPI_Alltoallw()  ???:0
 3 0x0000000000401a54 main()  /homedtic/u199149/lab2_T1G12/4_stencil/stencil_alltoallw.c:190
 4 0x00000000000234a3 __libc_start_main()  ???:0
 5 0x000000000040106e _start()  ???:0
=================================
[node002:1356553] [ 0] /lib64/libpthread.so.0(+0x12b30)[0x14f9d573fb30]
==== backtrace (tid: 572601) ====
 0 0x00000000000201f3 ucs_debug_print_backtrace()  /dev/shm/easybuild/UCX/1.9.0/GCCcore-10.2.0/ucx-1.9.0/src/ucs/debug/debug.c:656
 1 0x0000000000012b30 .annobin_sigaction.c()  sigaction.c:0
 2 0x00000000000663b6 MPI_Alltoallw()  ???:0
 3 0x0000000000401a54 main()  /homedtic/u199149/lab2_T1G12/4_stencil/stencil_alltoallw.c:190
 4 0x00000000000234a3 __libc_start_main()  ???:0
 5 0x000000000040106e _start()  ???:0
=================================
[node003:572601] *** Process received signal ***
[node003:572601] Signal: Segmentation fault (11)
[node003:572601] Signal code:  (-6)
[node003:572601] Failing at address: 0xff7760008bcb9
[node002:1356553] [ 1] /soft/easybuild/x86_64/software/OpenMPI/4.1.2-GCC-10.2.0-with-slurm/lib/libmpi.so.40(PMPI_Alltoallw+0x116)[0x14f9d6ce43b6]
[node003:572600] *** Process received signal ***
[node003:572600] Signal: Segmentation fault (11)
[node003:572600] Signal code:  (-6)
[node003:572600] Failing at address: 0xff7760008bcb8
[node003:572601] [ 0] /lib64/libpthread.so.0(+0x12b30)[0x14cec1694b30]
[node003:572600] [ 0] /lib64/libpthread.so.0(+0x12b30)[0x14dbebdfab30]
[node003:572601] [ 1] /soft/easybuild/x86_64/software/OpenMPI/4.1.2-GCC-10.2.0-with-slurm/lib/libmpi.so.40(PMPI_Alltoallw+0x116)[0x14cec2c3a3b6]
[node003:572601] [ 2] stencil_alltoallw[0x401a54]
[node003:572600] [ 1] /soft/easybuild/x86_64/software/OpenMPI/4.1.2-GCC-10.2.0-with-slurm/lib/libmpi.so.40(PMPI_Alltoallw+0x116)[0x14dbed3a03b6]
[node003:572600] [ 2] stencil_alltoallw[0x401a54]
[node003:572600] [ 3] /lib64/libc.so.6(__libc_start_main+0xf3)[0x14dbecb1d4a3]
[node003:572600] [ 4] stencil_alltoallw[0x40106e]
[node002:1356553] [ 2] stencil_alltoallw[0x401a54]
[node003:572601] [ 3] /lib64/libc.so.6(__libc_start_main+0xf3)[0x14cec23b74a3]
[node003:572601] [ 4] stencil_alltoallw[0x40106e]
[node003:572601] *** End of error message ***
[node002:1356553] [ 3] /lib64/libc.so.6(__libc_start_main+0xf3)[0x14f9d64624a3]
[node003:572600] *** End of error message ***
==== backtrace (tid:1356549) ====
 0 0x00000000000201f3 ucs_debug_print_backtrace()  /dev/shm/easybuild/UCX/1.9.0/GCCcore-10.2.0/ucx-1.9.0/src/ucs/debug/debug.c:656
 1 0x0000000000012b30 .annobin_sigaction.c()  sigaction.c:0
 2 0x00000000000663b6 MPI_Alltoallw()  ???:0
[node002:1356553] [ 4] stencil_alltoallw[0x40106e]
[node002:1356553] *** End of error message ***
 3 0x0000000000401a54 main()  /homedtic/u199149/lab2_T1G12/4_stencil/stencil_alltoallw.c:190
 4 0x00000000000234a3 __libc_start_main()  ???:0
 5 0x000000000040106e _start()  ???:0
=================================
[node002:1356549] *** Process received signal ***
[node002:1356549] Signal: Segmentation fault (11)
[node002:1356549] Signal code:  (-6)
[node002:1356549] Failing at address: 0xff7760014b305
==== backtrace (tid: 572589) ====
 0 0x00000000000201f3 ucs_debug_print_backtrace()  /dev/shm/easybuild/UCX/1.9.0/GCCcore-10.2.0/ucx-1.9.0/src/ucs/debug/debug.c:656
 1 0x0000000000012b30 .annobin_sigaction.c()  sigaction.c:0
 2 0x00000000000663b6 MPI_Alltoallw()  ???:0
 3 0x0000000000401a54 main()  /homedtic/u199149/lab2_T1G12/4_stencil/stencil_alltoallw.c:190
 4 0x00000000000234a3 __libc_start_main()  ???:0
 5 0x000000000040106e _start()  ???:0
=================================
[node002:1356549] [ 0] /lib64/libpthread.so.0(+0x12b30)[0x151719411b30]
[node003:572589] *** Process received signal ***
[node003:572589] Signal: Segmentation fault (11)
[node003:572589] Signal code:  (-6)
srun: error: node002: tasks 0,2,6,12,24-25,29-31: Segmentation fault (core dumped)
[node003:572589] Failing at address: 0xff7760008bcad
[node002:1356549] [ 1] /soft/easybuild/x86_64/software/OpenMPI/4.1.2-GCC-10.2.0-with-slurm/lib/libmpi.so.40(PMPI_Alltoallw+0x116)[0x15171a9b63b6]
[node002:1356549] [ 2] stencil_alltoallw[0x401a54]
[node002:1356549] [ 3] /lib64/libc.so.6(__libc_start_main+0xf3)[0x15171a1344a3]
[node003:572589] [ 0] /lib64/libpthread.so.0(+0x12b30)[0x149fbb4a5b30]
[node002:1356549] [ 4] stencil_alltoallw[0x40106e]
[node002:1356549] *** End of error message ***
[node003:572589] [ 1] /soft/easybuild/x86_64/software/OpenMPI/4.1.2-GCC-10.2.0-with-slurm/lib/libmpi.so.40(PMPI_Alltoallw+0x116)[0x149fbca4b3b6]
[node003:572589] [ 2] stencil_alltoallw[0x401a54]
==== backtrace (tid:1356524) ====
 0 0x00000000000201f3 ucs_debug_print_backtrace()  /dev/shm/easybuild/UCX/1.9.0/GCCcore-10.2.0/ucx-1.9.0/src/ucs/debug/debug.c:656
 1 0x0000000000012b30 .annobin_sigaction.c()  sigaction.c:0
 2 0x00000000000663b6 MPI_Alltoallw()  ???:0
 3 0x0000000000401ab1 main()  /homedtic/u199149/lab2_T1G12/4_stencil/stencil_alltoallw.c:193
 4 0x00000000000234a3 __libc_start_main()  ???:0
[node003:572589] [ 3] /lib64/libc.so.6(__libc_start_main+0xf3)[0x149fbc1c84a3]
[node003:572589] [ 4] stencil_alltoallw[0x40106e]
[node003:572589] *** End of error message ***
 5 0x000000000040106e _start()  ???:0
=================================
[node002:1356524] *** Process received signal ***
[node002:1356524] Signal: Segmentation fault (11)
[node002:1356524] Signal code:  (-6)
[node002:1356524] Failing at address: 0xff7760014b2ec
==== backtrace (tid:1356554) ====
 0 0x00000000000201f3 ucs_debug_print_backtrace()  /dev/shm/easybuild/UCX/1.9.0/GCCcore-10.2.0/ucx-1.9.0/src/ucs/debug/debug.c:656
 1 0x0000000000012b30 .annobin_sigaction.c()  sigaction.c:0
 2 0x00000000000663b6 MPI_Alltoallw()  ???:0
 3 0x0000000000401a54 main()  /homedtic/u199149/lab2_T1G12/4_stencil/stencil_alltoallw.c:190
 4 0x00000000000234a3 __libc_start_main()  ???:0
 5 0x000000000040106e _start()  ???:0
=================================
[node002:1356554] *** Process received signal ***
[node002:1356524] [ 0] /lib64/libpthread.so.0(+0x12b30)[0x14efed880b30]
[node002:1356554] Signal: Segmentation fault (11)
[node002:1356554] Signal code:  (-6)
[node002:1356554] Failing at address: 0xff7760014b30a
[node002:1356524] [ 1] /soft/easybuild/x86_64/software/OpenMPI/4.1.2-GCC-10.2.0-with-slurm/lib/libmpi.so.40(PMPI_Alltoallw+0x116)[0x14efeee253b6]
[node002:1356524] [ 2] stencil_alltoallw[0x401ab1]
[node002:1356524] [ 3] /lib64/libc.so.6(__libc_start_main+0xf3)[0x14efee5a34a3]
[node002:1356524] [ 4] stencil_alltoallw[0x40106e]
[node002:1356524] *** End of error message ***
[node002:1356554] [ 0] /lib64/libpthread.so.0(+0x12b30)[0x15413f5a3b30]
[node002:1356554] [ 1] /soft/easybuild/x86_64/software/OpenMPI/4.1.2-GCC-10.2.0-with-slurm/lib/libmpi.so.40(PMPI_Alltoallw+0x116)[0x154140b483b6]
[node002:1356554] [ 2] stencil_alltoallw[0x401a54]
[node002:1356554] [ 3] /lib64/libc.so.6(__libc_start_main+0xf3)[0x1541402c64a3]
[node002:1356554] [ 4] stencil_alltoallw[0x40106e]
[node002:1356554] *** End of error message ***
==== backtrace (tid:1356555) ====
 0 0x00000000000201f3 ucs_debug_print_backtrace()  /dev/shm/easybuild/UCX/1.9.0/GCCcore-10.2.0/ucx-1.9.0/src/ucs/debug/debug.c:656
 1 0x0000000000012b30 .annobin_sigaction.c()  sigaction.c:0
 2 0x00000000000663b6 MPI_Alltoallw()  ???:0
 3 0x0000000000401a54 main()  /homedtic/u199149/lab2_T1G12/4_stencil/stencil_alltoallw.c:190
 4 0x00000000000234a3 __libc_start_main()  ???:0
 5 0x000000000040106e _start()  ???:0
=================================
[node002:1356555] *** Process received signal ***
[node002:1356555] Signal: Segmentation fault (11)
[node002:1356555] Signal code:  (-6)
[node002:1356555] Failing at address: 0xff7760014b30b
[node003:572579:0:572579] Caught signal 11 (Segmentation fault: address not mapped to object at address 0x800000010)
[node002:1356555] [ 0] /lib64/libpthread.so.0(+0x12b30)[0x14dd39b99b30]
[node002:1356555] [ 1] /soft/easybuild/x86_64/software/OpenMPI/4.1.2-GCC-10.2.0-with-slurm/lib/libmpi.so.40(PMPI_Alltoallw+0x116)[0x14dd3b13e3b6]
[node002:1356555] [ 2] stencil_alltoallw[0x401a54]
[node002:1356555] [ 3] /lib64/libc.so.6(__libc_start_main+0xf3)[0x14dd3a8bc4a3]
[node002:1356555] [ 4] stencil_alltoallw[0x40106e]
[node002:1356555] *** End of error message ***
==== backtrace (tid:1356530) ====
 0 0x00000000000201f3 ucs_debug_print_backtrace()  /dev/shm/easybuild/UCX/1.9.0/GCCcore-10.2.0/ucx-1.9.0/src/ucs/debug/debug.c:656
 1 0x0000000000012b30 .annobin_sigaction.c()  sigaction.c:0
 2 0x00000000000663b6 MPI_Alltoallw()  ???:0
 3 0x0000000000401ab1 main()  /homedtic/u199149/lab2_T1G12/4_stencil/stencil_alltoallw.c:193
 4 0x00000000000234a3 __libc_start_main()  ???:0
 5 0x000000000040106e _start()  ???:0
=================================
[node002:1356530] *** Process received signal ***
[node002:1356530] Signal: Segmentation fault (11)
[node002:1356530] Signal code:  (-6)
[node002:1356530] Failing at address: 0xff7760014b2f2
[node002:1356530] [ 0] /lib64/libpthread.so.0(+0x12b30)[0x14676ac2bb30]
[node002:1356530] [ 1] /soft/easybuild/x86_64/software/OpenMPI/4.1.2-GCC-10.2.0-with-slurm/lib/libmpi.so.40(PMPI_Alltoallw+0x116)[0x14676c1d03b6]
[node002:1356530] [ 2] stencil_alltoallw[0x401ab1]
[node002:1356530] [ 3] /lib64/libc.so.6(__libc_start_main+0xf3)[0x14676b94e4a3]
[node002:1356530] [ 4] stencil_alltoallw[0x40106e]
[node002:1356530] *** End of error message ***
[node002:1356536:0:1356536] Caught signal 11 (Segmentation fault: address not mapped to object at address 0x800000010)
[node002:1356525:0:1356525] Caught signal 11 (Segmentation fault: address not mapped to object at address 0x800000010)
==== backtrace (tid:1356536) ====
 0 0x00000000000201f3 ucs_debug_print_backtrace()  /dev/shm/easybuild/UCX/1.9.0/GCCcore-10.2.0/ucx-1.9.0/src/ucs/debug/debug.c:656
 1 0x0000000000012b30 .annobin_sigaction.c()  sigaction.c:0
 2 0x00000000000663b6 MPI_Alltoallw()  ???:0
 3 0x0000000000401a54 main()  /homedtic/u199149/lab2_T1G12/4_stencil/stencil_alltoallw.c:190
 4 0x00000000000234a3 __libc_start_main()  ???:0
 5 0x000000000040106e _start()  ???:0
=================================
[node002:1356536] *** Process received signal ***
[node002:1356536] Signal: Segmentation fault (11)
[node002:1356536] Signal code:  (-6)
[node002:1356536] Failing at address: 0xff7760014b2f8
[node002:1356536] [ 0] /lib64/libpthread.so.0(+0x12b30)[0x14e6bfd7bb30]
[node002:1356536] [ 1] /soft/easybuild/x86_64/software/OpenMPI/4.1.2-GCC-10.2.0-with-slurm/lib/libmpi.so.40(PMPI_Alltoallw+0x116)[0x14e6c13203b6]
[node002:1356536] [ 2] stencil_alltoallw[0x401a54]
[node002:1356536] [ 3] /lib64/libc.so.6(__libc_start_main+0xf3)[0x14e6c0a9e4a3]
[node002:1356536] [ 4] stencil_alltoallw[0x40106e]
[node002:1356536] *** End of error message ***
[node002:1356535:0:1356535] Caught signal 11 (Segmentation fault: address not mapped to object at address 0x800000010)
[node003:572580:0:572580] Caught signal 11 (Segmentation fault: address not mapped to object at address 0x800000010)
==== backtrace (tid: 572579) ====
 0 0x00000000000201f3 ucs_debug_print_backtrace()  /dev/shm/easybuild/UCX/1.9.0/GCCcore-10.2.0/ucx-1.9.0/src/ucs/debug/debug.c:656
 1 0x0000000000012b30 .annobin_sigaction.c()  sigaction.c:0
 2 0x00000000000663b6 MPI_Alltoallw()  ???:0
 3 0x0000000000401a54 main()  /homedtic/u199149/lab2_T1G12/4_stencil/stencil_alltoallw.c:190
 4 0x00000000000234a3 __libc_start_main()  ???:0
 5 0x000000000040106e _start()  ???:0
=================================
[node003:572579] *** Process received signal ***
[node003:572579] Signal: Segmentation fault (11)
[node003:572579] Signal code:  (-6)
[node003:572579] Failing at address: 0xff7760008bca3
[node003:572579] [ 0] /lib64/libpthread.so.0(+0x12b30)[0x14f051aceb30]
[node003:572579] [ 1] /soft/easybuild/x86_64/software/OpenMPI/4.1.2-GCC-10.2.0-with-slurm/lib/libmpi.so.40(PMPI_Alltoallw+0x116)[0x14f0530743b6]
[node003:572579] [ 2] stencil_alltoallw[0x401a54]
[node003:572579] [ 3] /lib64/libc.so.6(__libc_start_main+0xf3)[0x14f0527f14a3]
[node003:572579] [ 4] stencil_alltoallw[0x40106e]
[node003:572579] *** End of error message ***
[node003:572573:0:572573] Caught signal 11 (Segmentation fault: address not mapped to object at address 0x800000010)
==== backtrace (tid:1356525) ====
 0 0x00000000000201f3 ucs_debug_print_backtrace()  /dev/shm/easybuild/UCX/1.9.0/GCCcore-10.2.0/ucx-1.9.0/src/ucs/debug/debug.c:656
 1 0x0000000000012b30 .annobin_sigaction.c()  sigaction.c:0
 2 0x00000000000663b6 MPI_Alltoallw()  ???:0
srun: error: node003: tasks 32,41,51,59,61-63: Segmentation fault (core dumped)
 3 0x0000000000401ab1 main()  /homedtic/u199149/lab2_T1G12/4_stencil/stencil_alltoallw.c:193
 4 0x00000000000234a3 __libc_start_main()  ???:0
 5 0x000000000040106e _start()  ???:0
=================================
[node002:1356525] *** Process received signal ***
[node002:1356525] Signal: Segmentation fault (11)
[node002:1356525] Signal code:  (-6)
[node002:1356525] Failing at address: 0xff7760014b2ed
[node002:1356525] [ 0] /lib64/libpthread.so.0(+0x12b30)[0x147905371b30]
[node002:1356525] [ 1] /soft/easybuild/x86_64/software/OpenMPI/4.1.2-GCC-10.2.0-with-slurm/lib/libmpi.so.40(PMPI_Alltoallw+0x116)[0x1479069163b6]
[node002:1356525] [ 2] stencil_alltoallw[0x401ab1]
[node002:1356525] [ 3] /lib64/libc.so.6(__libc_start_main+0xf3)[0x1479060944a3]
[node002:1356525] [ 4] stencil_alltoallw[0x40106e]
[node002:1356525] *** End of error message ***
==== backtrace (tid:1356535) ====
 0 0x00000000000201f3 ucs_debug_print_backtrace()  /dev/shm/easybuild/UCX/1.9.0/GCCcore-10.2.0/ucx-1.9.0/src/ucs/debug/debug.c:656
 1 0x0000000000012b30 .annobin_sigaction.c()  sigaction.c:0
 2 0x00000000000663b6 MPI_Alltoallw()  ???:0
 3 0x0000000000401a54 main()  /homedtic/u199149/lab2_T1G12/4_stencil/stencil_alltoallw.c:190
 4 0x00000000000234a3 __libc_start_main()  ???:0
 5 0x000000000040106e _start()  ???:0
=================================
[node002:1356535] *** Process received signal ***
[node002:1356535] Signal: Segmentation fault (11)
[node002:1356535] Signal code:  (-6)
[node002:1356535] Failing at address: 0xff7760014b2f7
[node002:1356535] [ 0] /lib64/libpthread.so.0(+0x12b30)[0x14ae627cbb30]
[node002:1356535] [ 1] /soft/easybuild/x86_64/software/OpenMPI/4.1.2-GCC-10.2.0-with-slurm/lib/libmpi.so.40(PMPI_Alltoallw+0x116)[0x14ae63d703b6]
[node002:1356535] [ 2] stencil_alltoallw[0x401a54]
[node002:1356535] [ 3] /lib64/libc.so.6(__libc_start_main+0xf3)[0x14ae634ee4a3]
[node002:1356535] [ 4] stencil_alltoallw[0x40106e]
[node002:1356535] *** End of error message ***
==== backtrace (tid: 572573) ====
 0 0x00000000000201f3 ucs_debug_print_backtrace()  /dev/shm/easybuild/UCX/1.9.0/GCCcore-10.2.0/ucx-1.9.0/src/ucs/debug/debug.c:656
 1 0x0000000000012b30 .annobin_sigaction.c()  sigaction.c:0
 2 0x00000000000663b6 MPI_Alltoallw()  ???:0
 3 0x0000000000401a54 main()  /homedtic/u199149/lab2_T1G12/4_stencil/stencil_alltoallw.c:190
 4 0x00000000000234a3 __libc_start_main()  ???:0
 5 0x000000000040106e _start()  ???:0
=================================
[node003:572573] *** Process received signal ***
[node003:572573] Signal: Segmentation fault (11)
[node003:572573] Signal code:  (-6)
[node003:572573] Failing at address: 0xff7760008bc9d
[node003:572573] [ 0] /lib64/libpthread.so.0(+0x12b30)[0x14c8ba3a7b30]
[node003:572573] [ 1] /soft/easybuild/x86_64/software/OpenMPI/4.1.2-GCC-10.2.0-with-slurm/lib/libmpi.so.40(PMPI_Alltoallw+0x116)[0x14c8bb94d3b6]
[node003:572573] [ 2] stencil_alltoallw[0x401a54]
[node003:572573] [ 3] /lib64/libc.so.6(__libc_start_main+0xf3)[0x14c8bb0ca4a3]
[node003:572573] [ 4] stencil_alltoallw[0x40106e]
[node003:572573] *** End of error message ***
[node002:1356552:0:1356552] Caught signal 11 (Segmentation fault: address not mapped to object at address 0x800000010)
[node002:1356527:0:1356527] Caught signal 11 (Segmentation fault: address not mapped to object at address 0x800000010)
==== backtrace (tid:1356552) ====
 0 0x00000000000201f3 ucs_debug_print_backtrace()  /dev/shm/easybuild/UCX/1.9.0/GCCcore-10.2.0/ucx-1.9.0/src/ucs/debug/debug.c:656
 1 0x0000000000012b30 .annobin_sigaction.c()  sigaction.c:0
 2 0x00000000000663b6 MPI_Alltoallw()  ???:0
 3 0x0000000000401a54 main()  /homedtic/u199149/lab2_T1G12/4_stencil/stencil_alltoallw.c:190
 4 0x00000000000234a3 __libc_start_main()  ???:0
 5 0x000000000040106e _start()  ???:0
=================================
[node002:1356552] *** Process received signal ***
[node002:1356552] Signal: Segmentation fault (11)
[node002:1356552] Signal code:  (-6)
[node002:1356552] Failing at address: 0xff7760014b308
[node002:1356552] [ 0] /lib64/libpthread.so.0(+0x12b30)[0x14ab6c576b30]
[node002:1356552] [ 1] /soft/easybuild/x86_64/software/OpenMPI/4.1.2-GCC-10.2.0-with-slurm/lib/libmpi.so.40(PMPI_Alltoallw+0x116)[0x14ab6db1b3b6]
[node002:1356552] [ 2] stencil_alltoallw[0x401a54]
[node002:1356552] [ 3] /lib64/libc.so.6(__libc_start_main+0xf3)[0x14ab6d2994a3]
[node002:1356552] [ 4] stencil_alltoallw[0x40106e]
[node002:1356552] *** End of error message ***
==== backtrace (tid: 572580) ====
 0 0x00000000000201f3 ucs_debug_print_backtrace()  /dev/shm/easybuild/UCX/1.9.0/GCCcore-10.2.0/ucx-1.9.0/src/ucs/debug/debug.c:656
 1 0x0000000000012b30 .annobin_sigaction.c()  sigaction.c:0
 2 0x00000000000663b6 MPI_Alltoallw()  ???:0
 3 0x0000000000401a54 main()  /homedtic/u199149/lab2_T1G12/4_stencil/stencil_alltoallw.c:190
 4 0x00000000000234a3 __libc_start_main()  ???:0
 5 0x000000000040106e _start()  ???:0
=================================
[node003:572580] *** Process received signal ***
[node003:572580] Signal: Segmentation fault (11)
[node003:572580] Signal code:  (-6)
[node003:572580] Failing at address: 0xff7760008bca4
[node003:572580] [ 0] /lib64/libpthread.so.0(+0x12b30)[0x14630ad88b30]
[node003:572580] [ 1] /soft/easybuild/x86_64/software/OpenMPI/4.1.2-GCC-10.2.0-with-slurm/lib/libmpi.so.40(PMPI_Alltoallw+0x116)[0x14630c32e3b6]
[node003:572580] [ 2] stencil_alltoallw[0x401a54]
[node003:572580] [ 3] /lib64/libc.so.6(__libc_start_main+0xf3)[0x14630baab4a3]
[node003:572580] [ 4] stencil_alltoallw[0x40106e]
[node003:572580] *** End of error message ***
==== backtrace (tid:1356527) ====
 0 0x00000000000201f3 ucs_debug_print_backtrace()  /dev/shm/easybuild/UCX/1.9.0/GCCcore-10.2.0/ucx-1.9.0/src/ucs/debug/debug.c:656
 1 0x0000000000012b30 .annobin_sigaction.c()  sigaction.c:0
 2 0x00000000000663b6 MPI_Alltoallw()  ???:0
 3 0x0000000000401ab1 main()  /homedtic/u199149/lab2_T1G12/4_stencil/stencil_alltoallw.c:193
 4 0x00000000000234a3 __libc_start_main()  ???:0
 5 0x000000000040106e _start()  ???:0
=================================
[node002:1356527] *** Process received signal ***
[node002:1356527] Signal: Segmentation fault (11)
[node002:1356527] Signal code:  (-6)
[node002:1356527] Failing at address: 0xff7760014b2ef
[node002:1356527] [ 0] /lib64/libpthread.so.0(+0x12b30)[0x152f2d5bab30]
[node002:1356527] [ 1] /soft/easybuild/x86_64/software/OpenMPI/4.1.2-GCC-10.2.0-with-slurm/lib/libmpi.so.40(PMPI_Alltoallw+0x116)[0x152f2eb5f3b6]
[node002:1356527] [ 2] stencil_alltoallw[0x401ab1]
[node002:1356527] [ 3] /lib64/libc.so.6(__libc_start_main+0xf3)[0x152f2e2dd4a3]
[node002:1356527] [ 4] stencil_alltoallw[0x40106e]
[node002:1356527] *** End of error message ***
[node003:572598:0:572598] Caught signal 11 (Segmentation fault: address not mapped to object at address 0x800000010)
srun: error: node002: tasks 1,7,11: Segmentation fault (core dumped)
[node002:1356532:0:1356532] Caught signal 11 (Segmentation fault: address not mapped to object at address 0x800000010)
[node003:572576:0:572576] Caught signal 11 (Segmentation fault: address not mapped to object at address 0x800000010)
[node002:1356529:0:1356529] Caught signal 11 (Segmentation fault: address not mapped to object at address 0x800000010)
srun: error: node003: tasks 35,43: Segmentation fault (core dumped)
==== backtrace (tid:1356532) ====
 0 0x00000000000201f3 ucs_debug_print_backtrace()  /dev/shm/easybuild/UCX/1.9.0/GCCcore-10.2.0/ucx-1.9.0/src/ucs/debug/debug.c:656
 1 0x0000000000012b30 .annobin_sigaction.c()  sigaction.c:0
 2 0x00000000000663b6 MPI_Alltoallw()  ???:0
 3 0x0000000000401a54 main()  /homedtic/u199149/lab2_T1G12/4_stencil/stencil_alltoallw.c:190
 4 0x00000000000234a3 __libc_start_main()  ???:0
 5 0x000000000040106e _start()  ???:0
=================================
[node002:1356532] *** Process received signal ***
[node002:1356532] Signal: Segmentation fault (11)
[node002:1356532] Signal code:  (-6)
[node002:1356532] Failing at address: 0xff7760014b2f4
[node002:1356532] [ 0] /lib64/libpthread.so.0(+0x12b30)[0x14c824dd4b30]
[node002:1356532] [ 1] /soft/easybuild/x86_64/software/OpenMPI/4.1.2-GCC-10.2.0-with-slurm/lib/libmpi.so.40(PMPI_Alltoallw+0x116)[0x14c8263793b6]
[node002:1356532] [ 2] stencil_alltoallw[0x401a54]
[node002:1356532] [ 3] /lib64/libc.so.6(__libc_start_main+0xf3)[0x14c825af74a3]
[node002:1356532] [ 4] stencil_alltoallw[0x40106e]
[node002:1356532] *** End of error message ***
[node002:1356528:0:1356528] Caught signal 11 (Segmentation fault: address not mapped to object at address 0x800000010)
==== backtrace (tid:1356529) ====
 0 0x00000000000201f3 ucs_debug_print_backtrace()  /dev/shm/easybuild/UCX/1.9.0/GCCcore-10.2.0/ucx-1.9.0/src/ucs/debug/debug.c:656
 1 0x0000000000012b30 .annobin_sigaction.c()  sigaction.c:0
 2 0x00000000000663b6 MPI_Alltoallw()  ???:0
 3 0x0000000000401ab1 main()  /homedtic/u199149/lab2_T1G12/4_stencil/stencil_alltoallw.c:193
 4 0x00000000000234a3 __libc_start_main()  ???:0
 5 0x000000000040106e _start()  ???:0
=================================
[node002:1356529] *** Process received signal ***
[node002:1356529] Signal: Segmentation fault (11)
[node002:1356529] Signal code:  (-6)
[node002:1356529] Failing at address: 0xff7760014b2f1
[node002:1356529] [ 0] /lib64/libpthread.so.0(+0x12b30)[0x14c3cff6ab30]
[node002:1356529] [ 1] /soft/easybuild/x86_64/software/OpenMPI/4.1.2-GCC-10.2.0-with-slurm/lib/libmpi.so.40(PMPI_Alltoallw+0x116)[0x14c3d150f3b6]
[node002:1356529] [ 2] stencil_alltoallw[0x401ab1]
[node002:1356529] [ 3] /lib64/libc.so.6(__libc_start_main+0xf3)[0x14c3d0c8d4a3]
[node002:1356529] [ 4] stencil_alltoallw[0x40106e]
[node002:1356529] *** End of error message ***
[node003:572575:0:572575] Caught signal 11 (Segmentation fault: address not mapped to object at address 0x800000010)
[node003:572572:0:572572] Caught signal 11 (Segmentation fault: address not mapped to object at address 0x800000010)
==== backtrace (tid: 572576) ====
 0 0x00000000000201f3 ucs_debug_print_backtrace()  /dev/shm/easybuild/UCX/1.9.0/GCCcore-10.2.0/ucx-1.9.0/src/ucs/debug/debug.c:656
 1 0x0000000000012b30 .annobin_sigaction.c()  sigaction.c:0
 2 0x00000000000663b6 MPI_Alltoallw()  ???:0
 3 0x0000000000401a54 main()  /homedtic/u199149/lab2_T1G12/4_stencil/stencil_alltoallw.c:190
 4 0x00000000000234a3 __libc_start_main()  ???:0
 5 0x000000000040106e _start()  ???:0
=================================
[node003:572576] *** Process received signal ***
[node003:572576] Signal: Segmentation fault (11)
[node003:572576] Signal code:  (-6)
[node003:572576] Failing at address: 0xff7760008bca0
[node003:572576] [ 0] /lib64/libpthread.so.0(+0x12b30)[0x1475a069db30]
[node003:572576] [ 1] /soft/easybuild/x86_64/software/OpenMPI/4.1.2-GCC-10.2.0-with-slurm/lib/libmpi.so.40(PMPI_Alltoallw+0x116)[0x1475a1c433b6]
[node003:572576] [ 2] stencil_alltoallw[0x401a54]
[node003:572576] [ 3] /lib64/libc.so.6(__libc_start_main+0xf3)[0x1475a13c04a3]
[node003:572576] [ 4] stencil_alltoallw[0x40106e]
[node003:572576] *** End of error message ***
[node003:572574:0:572574] Caught signal 11 (Segmentation fault: address not mapped to object at address 0x800000011)
srun: error: node002: tasks 3,5,8: Segmentation fault (core dumped)
==== backtrace (tid:1356528) ====
 0 0x00000000000201f3 ucs_debug_print_backtrace()  /dev/shm/easybuild/UCX/1.9.0/GCCcore-10.2.0/ucx-1.9.0/src/ucs/debug/debug.c:656
 1 0x0000000000012b30 .annobin_sigaction.c()  sigaction.c:0
 2 0x00000000000663b6 MPI_Alltoallw()  ???:0
 3 0x0000000000401ab1 main()  /homedtic/u199149/lab2_T1G12/4_stencil/stencil_alltoallw.c:193
 4 0x00000000000234a3 __libc_start_main()  ???:0
 5 0x000000000040106e _start()  ???:0
=================================
[node002:1356528] *** Process received signal ***
[node002:1356528] Signal: Segmentation fault (11)
[node002:1356528] Signal code:  (-6)
[node002:1356528] Failing at address: 0xff7760014b2f0
[node002:1356528] [ 0] /lib64/libpthread.so.0(+0x12b30)[0x14cfb16c2b30]
[node002:1356528] [ 1] /soft/easybuild/x86_64/software/OpenMPI/4.1.2-GCC-10.2.0-with-slurm/lib/libmpi.so.40(PMPI_Alltoallw+0x116)[0x14cfb2c673b6]
[node002:1356528] [ 2] stencil_alltoallw[0x401ab1]
[node002:1356528] [ 3] /lib64/libc.so.6(__libc_start_main+0xf3)[0x14cfb23e54a3]
[node002:1356528] [ 4] stencil_alltoallw[0x40106e]
[node002:1356528] *** End of error message ***
[node003:572577:0:572577] Caught signal 11 (Segmentation fault: address not mapped to object at address 0x800000010)
[node002:1356533:0:1356533] Caught signal 11 (Segmentation fault: address not mapped to object at address 0x800000010)
[node003:572571:0:572571] Caught signal 11 (Segmentation fault: address not mapped to object at address 0x800000010)
==== backtrace (tid: 572575) ====
 0 0x00000000000201f3 ucs_debug_print_backtrace()  /dev/shm/easybuild/UCX/1.9.0/GCCcore-10.2.0/ucx-1.9.0/src/ucs/debug/debug.c:656
 1 0x0000000000012b30 .annobin_sigaction.c()  sigaction.c:0
 2 0x00000000000663b6 MPI_Alltoallw()  ???:0
 3 0x0000000000401a54 main()  /homedtic/u199149/lab2_T1G12/4_stencil/stencil_alltoallw.c:190
 4 0x00000000000234a3 __libc_start_main()  ???:0
 5 0x000000000040106e _start()  ???:0
=================================
[node003:572575] *** Process received signal ***
[node003:572575] Signal: Segmentation fault (11)
[node003:572575] Signal code:  (-6)
[node003:572575] Failing at address: 0xff7760008bc9f
[node003:572575] [ 0] /lib64/libpthread.so.0(+0x12b30)[0x15243bc1ab30]
[node003:572575] [ 1] /soft/easybuild/x86_64/software/OpenMPI/4.1.2-GCC-10.2.0-with-slurm/lib/libmpi.so.40(PMPI_Alltoallw+0x116)[0x15243d1c03b6]
[node003:572575] [ 2] stencil_alltoallw[0x401a54]
[node003:572575] [ 3] /lib64/libc.so.6(__libc_start_main+0xf3)[0x15243c93d4a3]
[node003:572575] [ 4] stencil_alltoallw[0x40106e]
[node003:572575] *** End of error message ***
==== backtrace (tid: 572598) ====
 0 0x00000000000201f3 ucs_debug_print_backtrace()  /dev/shm/easybuild/UCX/1.9.0/GCCcore-10.2.0/ucx-1.9.0/src/ucs/debug/debug.c:656
 1 0x0000000000012b30 .annobin_sigaction.c()  sigaction.c:0
 2 0x00000000000663b6 MPI_Alltoallw()  ???:0
 3 0x0000000000401a54 main()  /homedtic/u199149/lab2_T1G12/4_stencil/stencil_alltoallw.c:190
 4 0x00000000000234a3 __libc_start_main()  ???:0
 5 0x000000000040106e _start()  ???:0
=================================
[node003:572598] *** Process received signal ***
[node003:572598] Signal: Segmentation fault (11)
[node003:572598] Signal code:  (-6)
[node003:572598] Failing at address: 0xff7760008bcb6
[node003:572598] [ 0] /lib64/libpthread.so.0(+0x12b30)[0x1476659c0b30]
[node003:572598] [ 1] /soft/easybuild/x86_64/software/OpenMPI/4.1.2-GCC-10.2.0-with-slurm/lib/libmpi.so.40(PMPI_Alltoallw+0x116)[0x147666f663b6]
[node003:572598] [ 2] stencil_alltoallw[0x401a54]
[node003:572598] [ 3] /lib64/libc.so.6(__libc_start_main+0xf3)[0x1476666e34a3]
[node003:572598] [ 4] stencil_alltoallw[0x40106e]
[node003:572598] *** End of error message ***
==== backtrace (tid:1356533) ====
 0 0x00000000000201f3 ucs_debug_print_backtrace()  /dev/shm/easybuild/UCX/1.9.0/GCCcore-10.2.0/ucx-1.9.0/src/ucs/debug/debug.c:656
 1 0x0000000000012b30 .annobin_sigaction.c()  sigaction.c:0
 2 0x00000000000663b6 MPI_Alltoallw()  ???:0
 3 0x0000000000401a54 main()  /homedtic/u199149/lab2_T1G12/4_stencil/stencil_alltoallw.c:190
 4 0x00000000000234a3 __libc_start_main()  ???:0
 5 0x000000000040106e _start()  ???:0
=================================
[node002:1356533] *** Process received signal ***
[node002:1356533] Signal: Segmentation fault (11)
[node002:1356533] Signal code:  (-6)
[node002:1356533] Failing at address: 0xff7760014b2f5
[node002:1356533] [ 0] /lib64/libpthread.so.0(+0x12b30)[0x147575a11b30]
[node002:1356533] [ 1] /soft/easybuild/x86_64/software/OpenMPI/4.1.2-GCC-10.2.0-with-slurm/lib/libmpi.so.40(PMPI_Alltoallw+0x116)[0x147576fb63b6]
[node002:1356533] [ 2] stencil_alltoallw[0x401a54]
[node002:1356533] [ 3] /lib64/libc.so.6(__libc_start_main+0xf3)[0x1475767344a3]
[node002:1356533] [ 4] stencil_alltoallw[0x40106e]
[node002:1356533] *** End of error message ***
==== backtrace (tid: 572577) ====
 0 0x00000000000201f3 ucs_debug_print_backtrace()  /dev/shm/easybuild/UCX/1.9.0/GCCcore-10.2.0/ucx-1.9.0/src/ucs/debug/debug.c:656
 1 0x0000000000012b30 .annobin_sigaction.c()  sigaction.c:0
 2 0x00000000000663b6 MPI_Alltoallw()  ???:0
 3 0x0000000000401a54 main()  /homedtic/u199149/lab2_T1G12/4_stencil/stencil_alltoallw.c:190
 4 0x00000000000234a3 __libc_start_main()  ???:0
 5 0x000000000040106e _start()  ???:0
=================================
[node003:572577] *** Process received signal ***
[node003:572577] Signal: Segmentation fault (11)
[node003:572577] Signal code:  (-6)
[node003:572577] Failing at address: 0xff7760008bca1
[node003:572577] [ 0] /lib64/libpthread.so.0(+0x12b30)[0x152e480c0b30]
[node003:572577] [ 1] /soft/easybuild/x86_64/software/OpenMPI/4.1.2-GCC-10.2.0-with-slurm/lib/libmpi.so.40(PMPI_Alltoallw+0x116)[0x152e496663b6]
[node003:572577] [ 2] stencil_alltoallw[0x401a54]
[node003:572577] [ 3] /lib64/libc.so.6(__libc_start_main+0xf3)[0x152e48de34a3]
[node003:572577] [ 4] stencil_alltoallw[0x40106e]
[node003:572577] *** End of error message ***
==== backtrace (tid: 572574) ====
 0 0x00000000000201f3 ucs_debug_print_backtrace()  /dev/shm/easybuild/UCX/1.9.0/GCCcore-10.2.0/ucx-1.9.0/src/ucs/debug/debug.c:656
 1 0x0000000000012b30 .annobin_sigaction.c()  sigaction.c:0
 2 0x00000000000663b6 MPI_Alltoallw()  ???:0
 3 0x0000000000401a54 main()  /homedtic/u199149/lab2_T1G12/4_stencil/stencil_alltoallw.c:190
 4 0x00000000000234a3 __libc_start_main()  ???:0
 5 0x000000000040106e _start()  ???:0
=================================
[node003:572574] *** Process received signal ***
[node003:572574] Signal: Segmentation fault (11)
[node003:572574] Signal code:  (-6)
[node003:572574] Failing at address: 0xff7760008bc9e
[node003:572574] [ 0] /lib64/libpthread.so.0(+0x12b30)[0x14a2eb76db30]
[node003:572574] [ 1] /soft/easybuild/x86_64/software/OpenMPI/4.1.2-GCC-10.2.0-with-slurm/lib/libmpi.so.40(PMPI_Alltoallw+0x116)[0x14a2ecd133b6]
[node003:572574] [ 2] stencil_alltoallw[0x401a54]
[node003:572574] [ 3] /lib64/libc.so.6(__libc_start_main+0xf3)[0x14a2ec4904a3]
[node003:572574] [ 4] stencil_alltoallw[0x40106e]
[node003:572574] *** End of error message ***
==== backtrace (tid: 572571) ====
 0 0x00000000000201f3 ucs_debug_print_backtrace()  /dev/shm/easybuild/UCX/1.9.0/GCCcore-10.2.0/ucx-1.9.0/src/ucs/debug/debug.c:656
 1 0x0000000000012b30 .annobin_sigaction.c()  sigaction.c:0
 2 0x00000000000663b6 MPI_Alltoallw()  ???:0
 3 0x0000000000401a54 main()  /homedtic/u199149/lab2_T1G12/4_stencil/stencil_alltoallw.c:190
 4 0x00000000000234a3 __libc_start_main()  ???:0
 5 0x000000000040106e _start()  ???:0
=================================
[node003:572571] *** Process received signal ***
[node003:572571] Signal: Segmentation fault (11)
[node003:572571] Signal code:  (-6)
[node003:572571] Failing at address: 0xff7760008bc9b
[node003:572571] [ 0] /lib64/libpthread.so.0(+0x12b30)[0x14b9f5a84b30]
[node003:572571] [ 1] /soft/easybuild/x86_64/software/OpenMPI/4.1.2-GCC-10.2.0-with-slurm/lib/libmpi.so.40(PMPI_Alltoallw+0x116)[0x14b9f702a3b6]
[node003:572571] [ 2] stencil_alltoallw[0x401a54]
[node003:572571] [ 3] /lib64/libc.so.6(__libc_start_main+0xf3)[0x14b9f67a74a3]
[node003:572571] [ 4] stencil_alltoallw[0x40106e]
[node003:572571] *** End of error message ***
==== backtrace (tid: 572572) ====
 0 0x00000000000201f3 ucs_debug_print_backtrace()  /dev/shm/easybuild/UCX/1.9.0/GCCcore-10.2.0/ucx-1.9.0/src/ucs/debug/debug.c:656
 1 0x0000000000012b30 .annobin_sigaction.c()  sigaction.c:0
 2 0x00000000000663b6 MPI_Alltoallw()  ???:0
 3 0x0000000000401a54 main()  /homedtic/u199149/lab2_T1G12/4_stencil/stencil_alltoallw.c:190
 4 0x00000000000234a3 __libc_start_main()  ???:0
 5 0x000000000040106e _start()  ???:0
=================================
[node003:572572] *** Process received signal ***
[node003:572572] Signal: Segmentation fault (11)
[node003:572572] Signal code:  (-6)
[node003:572572] Failing at address: 0xff7760008bc9c
[node003:572572] [ 0] /lib64/libpthread.so.0(+0x12b30)[0x149c5b7bdb30]
[node003:572572] [ 1] /soft/easybuild/x86_64/software/OpenMPI/4.1.2-GCC-10.2.0-with-slurm/lib/libmpi.so.40(PMPI_Alltoallw+0x116)[0x149c5cd633b6]
[node003:572572] [ 2] stencil_alltoallw[0x401a54]
[node003:572572] [ 3] /lib64/libc.so.6(__libc_start_main+0xf3)[0x149c5c4e04a3]
[node003:572572] [ 4] stencil_alltoallw[0x40106e]
[node003:572572] *** End of error message ***
srun: error: node003: tasks 33-34,38,40,42,44-50,52-58,60: Segmentation fault (core dumped)
srun: error: node002: tasks 4,9-10,15-19,21-22,27: Segmentation fault (core dumped)
srun: error: node002: tasks 13-14,20,23,26: Segmentation fault (core dumped)
srun: error: node002: task 28: Segmentation fault (core dumped)
srun: error: node003: tasks 36-37,39: Segmentation fault (core dumped)
