2 (0,2) - w: 1, e: 3, n: -1, s: 10
7 (0,7) - w: 6, e: -1, n: -1, s: 15
10 (1,2) - w: 9, e: 11, n: 2, s: 18
43 (5,3) - w: 42, e: 44, n: 35, s: 51
13 (1,5) - w: 12, e: 14, n: 5, s: 21
14 (1,6) - w: 13, e: 15, n: 6, s: 22
15 (1,7) - w: 14, e: -1, n: 7, s: 23
16 (2,0) - w: -1, e: 17, n: 8, s: 24
44 (5,4) - w: 43, e: 45, n: 36, s: 52
45 (5,5) - w: 44, e: 46, n: 37, s: 53
46 (5,6) - w: 45, e: 47, n: 38, s: 54
47 (5,7) - w: 46, e: -1, n: 39, s: 55
49 (6,1) - w: 48, e: 50, n: 41, s: 57
48 (6,0) - w: -1, e: 49, n: 40, s: 56
50 (6,2) - w: 49, e: 51, n: 42, s: 58
40 (5,0) - w: -1, e: 41, n: 32, s: 48
17 (2,1) - w: 16, e: 18, n: 9, s: 25
18 (2,2) - w: 17, e: 19, n: 10, s: 26
19 (2,3) - w: 18, e: 20, n: 11, s: 27
20 (2,4) - w: 19, e: 21, n: 12, s: 28
55 (6,7) - w: 54, e: -1, n: 47, s: 63
56 (7,0) - w: -1, e: 57, n: 48, s: -1
52 (6,4) - w: 51, e: 53, n: 44, s: 60
53 (6,5) - w: 52, e: 54, n: 45, s: 61
54 (6,6) - w: 53, e: 55, n: 46, s: 62
58 (7,2) - w: 57, e: 59, n: 50, s: -1
57 (7,1) - w: 56, e: 58, n: 49, s: -1
21 (2,5) - w: 20, e: 22, n: 13, s: 29
22 (2,6) - w: 21, e: 23, n: 14, s: 30
23 (2,7) - w: 22, e: -1, n: 15, s: 31
24 (3,0) - w: -1, e: 25, n: 16, s: 32
25 (3,1) - w: 24, e: 26, n: 17, s: 33
26 (3,2) - w: 25, e: 27, n: 18, s: 34
27 (3,3) - w: 26, e: 28, n: 19, s: 35
29 (3,5) - w: 28, e: 30, n: 21, s: 37
31 (3,7) - w: 30, e: -1, n: 23, s: 39
30 (3,6) - w: 29, e: 31, n: 22, s: 38
0 (0,0) - w: -1, e: 1, n: -1, s: 8
59 (7,3) - w: 58, e: 60, n: 51, s: -1
61 (7,5) - w: 60, e: 62, n: 53, s: -1
62 (7,6) - w: 61, e: 63, n: 54, s: -1
6 (0,6) - w: 5, e: 7, n: -1, s: 14
63 (7,7) - w: 62, e: -1, n: 55, s: -1
32 (4,0) - w: -1, e: 33, n: 24, s: 40
51 (6,3) - w: 50, e: 52, n: 43, s: 59
41 (5,1) - w: 40, e: 42, n: 33, s: 49
[1684789011.339767] [node002:1356536:0]       mm_posix.c:194  UCX  ERROR open(file_name=/proc/1356549/fd/25 flags=0x0) failed: Permission denied
[1684789011.339799] [node002:1356536:0]         wireup.c:113  UCX  ERROR failed to send wireup: Shared memory error
12 (1,4) - w: 11, e: 13, n: 4, s: 20
[1684789011.372776] [node002:1356525:0]       mm_posix.c:194  UCX  ERROR open(file_name=/proc/1356530/fd/25 flags=0x0) failed: Permission denied
[1684789011.372837] [node002:1356525:0]         wireup.c:113  UCX  ERROR failed to send wireup: Shared memory error
1 (0,1) - w: 0, e: 2, n: -1, s: 9
[1684789011.389979] [node002:1356535:0]       mm_posix.c:194  UCX  ERROR open(file_name=/proc/1356530/fd/25 flags=0x0) failed: Permission denied
[1684789011.390013] [node002:1356535:0]         wireup.c:113  UCX  ERROR failed to send wireup: Shared memory error
[1684789011.390097] [node002:1356535:0]       mm_posix.c:194  UCX  ERROR open(file_name=/proc/1356553/fd/25 flags=0x0) failed: No such file or directory
[1684789011.390102] [node002:1356535:0]         wireup.c:113  UCX  ERROR failed to send wireup: Shared memory error
42 (5,2) - w: 41, e: 43, n: 34, s: 50
11 (1,3) - w: 10, e: 12, n: 3, s: 19
35 (4,3) - w: 34, e: 36, n: 27, s: 43
[1684789011.472732] [node002:1356552:0]       mm_posix.c:194  UCX  ERROR open(file_name=/proc/1356526/fd/25 flags=0x0) failed: No such file or directory
[1684789011.472760] [node002:1356552:0]         wireup.c:113  UCX  ERROR failed to send wireup: Shared memory error
[1684789011.472841] [node002:1356552:0]       mm_posix.c:194  UCX  ERROR open(file_name=/proc/1356548/fd/25 flags=0x0) failed: No such file or directory
[1684789011.472845] [node002:1356552:0]         wireup.c:113  UCX  ERROR failed to send wireup: Shared memory error
[1684789011.472912] [node002:1356552:0]       mm_posix.c:194  UCX  ERROR open(file_name=/proc/1356524/fd/25 flags=0x0) failed: No such file or directory
[1684789011.472915] [node002:1356552:0]         wireup.c:113  UCX  ERROR failed to send wireup: Shared memory error
[1684789011.472942] [node002:1356552:0]       mm_posix.c:194  UCX  ERROR open(file_name=/proc/1356554/fd/25 flags=0x0) failed: No such file or directory
[1684789011.472944] [node002:1356552:0]         wireup.c:113  UCX  ERROR failed to send wireup: Shared memory error
[1684789011.472953] [node002:1356552:0]       mm_posix.c:194  UCX  ERROR open(file_name=/proc/1356555/fd/25 flags=0x0) failed: No such file or directory
[1684789011.472955] [node002:1356552:0]         wireup.c:113  UCX  ERROR failed to send wireup: Shared memory error
[1684789011.473002] [node002:1356552:0]       mm_posix.c:194  UCX  ERROR open(file_name=/proc/1356553/fd/25 flags=0x0) failed: No such file or directory
[1684789011.473006] [node002:1356552:0]         wireup.c:113  UCX  ERROR failed to send wireup: Shared memory error
[1684789011.473053] [node002:1356552:0]       mm_posix.c:194  UCX  ERROR open(file_name=/proc/1356530/fd/25 flags=0x0) failed: No such file or directory
[1684789011.473056] [node002:1356552:0]         wireup.c:113  UCX  ERROR failed to send wireup: Shared memory error
[1684789011.473083] [node002:1356552:0]       mm_posix.c:194  UCX  ERROR open(file_name=/proc/1356535/fd/25 flags=0x0) failed: Permission denied
[1684789011.473089] [node002:1356552:0]         wireup.c:113  UCX  ERROR failed to send wireup: Shared memory error
[1684789011.473096] [node002:1356552:0]       mm_posix.c:194  UCX  ERROR open(file_name=/proc/1356536/fd/25 flags=0x0) failed: No such file or directory
[1684789011.473099] [node002:1356552:0]         wireup.c:113  UCX  ERROR failed to send wireup: Shared memory error
[1684789011.473126] [node002:1356552:0]       mm_posix.c:194  UCX  ERROR open(file_name=/proc/1356525/fd/25 flags=0x0) failed: No such file or directory
[1684789011.473129] [node002:1356552:0]         wireup.c:113  UCX  ERROR failed to send wireup: Shared memory error
28 (3,4) - w: 27, e: 29, n: 20, s: 36
3 (0,3) - w: 2, e: 4, n: -1, s: 11
[1684789011.549990] [node003:572598:0]       mm_posix.c:194  UCX  ERROR open(file_name=/proc/572601/fd/25 flags=0x0) failed: No such file or directory
[1684789011.550038] [node003:572598:0]         wireup.c:113  UCX  ERROR failed to send wireup: Shared memory error
[1684789011.550059] [node003:572598:0]       mm_posix.c:194  UCX  ERROR open(file_name=/proc/572600/fd/25 flags=0x0) failed: No such file or directory
[1684789011.550063] [node003:572598:0]         wireup.c:113  UCX  ERROR failed to send wireup: Shared memory error
[1684789011.550079] [node003:572598:0]       mm_posix.c:194  UCX  ERROR open(file_name=/proc/572570/fd/25 flags=0x0) failed: No such file or directory
[1684789011.550083] [node003:572598:0]         wireup.c:113  UCX  ERROR failed to send wireup: Shared memory error
[1684789011.550383] [node003:572598:0]       mm_posix.c:194  UCX  ERROR open(file_name=/proc/572579/fd/25 flags=0x0) failed: No such file or directory
[1684789011.550391] [node003:572598:0]         wireup.c:113  UCX  ERROR failed to send wireup: Shared memory error
[1684789011.550407] [node003:572598:0]       mm_posix.c:194  UCX  ERROR open(file_name=/proc/572580/fd/25 flags=0x0) failed: Permission denied
[1684789011.550411] [node003:572598:0]         wireup.c:113  UCX  ERROR failed to send wireup: Shared memory error
[1684789011.550425] [node003:572598:0]       mm_posix.c:194  UCX  ERROR open(file_name=/proc/572573/fd/25 flags=0x0) failed: No such file or directory
[1684789011.550429] [node003:572598:0]         wireup.c:113  UCX  ERROR failed to send wireup: Shared memory error
60 (7,4) - w: 59, e: 61, n: 52, s: -1
[1684789011.560659] [node002:1356532:0]       mm_posix.c:194  UCX  ERROR open(file_name=/proc/1356553/fd/25 flags=0x0) failed: No such file or directory
[1684789011.560705] [node002:1356532:0]         wireup.c:113  UCX  ERROR failed to send wireup: Shared memory error
[1684789011.560988] [node002:1356532:0]       mm_posix.c:194  UCX  ERROR open(file_name=/proc/1356527/fd/25 flags=0x0) failed: Permission denied
[1684789011.560996] [node002:1356532:0]         wireup.c:113  UCX  ERROR failed to send wireup: Shared memory error
[1684789011.561012] [node002:1356532:0]       mm_posix.c:194  UCX  ERROR open(file_name=/proc/1356535/fd/25 flags=0x0) failed: No such file or directory
[1684789011.561017] [node002:1356532:0]         wireup.c:113  UCX  ERROR failed to send wireup: Shared memory error
8 (1,0) - w: -1, e: 9, n: 0, s: 16
[1684789011.571678] [node003:572576:0]       mm_posix.c:194  UCX  ERROR open(file_name=/proc/572582/fd/25 flags=0x0) failed: Permission denied
[1684789011.571726] [node003:572576:0]         wireup.c:113  UCX  ERROR failed to send wireup: Shared memory error
[1684789011.571742] [node003:572576:0]       mm_posix.c:194  UCX  ERROR open(file_name=/proc/572588/fd/25 flags=0x0) failed: Permission denied
[1684789011.571745] [node003:572576:0]         wireup.c:113  UCX  ERROR failed to send wireup: Shared memory error
[1684789011.571870] [node003:572576:0]       mm_posix.c:194  UCX  ERROR open(file_name=/proc/572581/fd/25 flags=0x0) failed: Permission denied
[1684789011.571874] [node003:572576:0]         wireup.c:113  UCX  ERROR failed to send wireup: Shared memory error
[1684789011.571962] [node003:572576:0]       mm_posix.c:194  UCX  ERROR open(file_name=/proc/572600/fd/25 flags=0x0) failed: No such file or directory
[1684789011.571966] [node003:572576:0]         wireup.c:113  UCX  ERROR failed to send wireup: Shared memory error
[1684789011.572002] [node003:572576:0]       mm_posix.c:194  UCX  ERROR open(file_name=/proc/572570/fd/25 flags=0x0) failed: No such file or directory
[1684789011.572005] [node003:572576:0]         wireup.c:113  UCX  ERROR failed to send wireup: Shared memory error
[1684789011.572018] [node003:572576:0]       mm_posix.c:194  UCX  ERROR open(file_name=/proc/572573/fd/25 flags=0x0) failed: No such file or directory
[1684789011.572021] [node003:572576:0]         wireup.c:113  UCX  ERROR failed to send wireup: Shared memory error
38 (4,6) - w: 37, e: 39, n: 30, s: 46
[1684789011.590652] [node002:1356529:0]       mm_posix.c:194  UCX  ERROR open(file_name=/proc/1356530/fd/25 flags=0x0) failed: No such file or directory
[1684789011.590685] [node002:1356529:0]         wireup.c:113  UCX  ERROR failed to send wireup: Shared memory error
[1684789011.590825] [node002:1356529:0]       mm_posix.c:194  UCX  ERROR open(file_name=/proc/1356549/fd/25 flags=0x0) failed: No such file or directory
[1684789011.590828] [node002:1356529:0]         wireup.c:113  UCX  ERROR failed to send wireup: Shared memory error
[1684789011.590939] [node002:1356529:0]       mm_posix.c:194  UCX  ERROR open(file_name=/proc/1356535/fd/25 flags=0x0) failed: No such file or directory
[1684789011.590944] [node002:1356529:0]         wireup.c:113  UCX  ERROR failed to send wireup: Shared memory error
5 (0,5) - w: 4, e: 6, n: -1, s: 13
[1684789011.615717] [node002:1356528:0]       mm_posix.c:194  UCX  ERROR open(file_name=/proc/1356530/fd/25 flags=0x0) failed: No such file or directory
[1684789011.615779] [node002:1356528:0]         wireup.c:113  UCX  ERROR failed to send wireup: Shared memory error
[1684789011.616013] [node002:1356528:0]       mm_posix.c:194  UCX  ERROR open(file_name=/proc/1356549/fd/25 flags=0x0) failed: No such file or directory
[1684789011.616023] [node002:1356528:0]         wireup.c:113  UCX  ERROR failed to send wireup: Shared memory error
[1684789011.616036] [node002:1356528:0]       mm_posix.c:194  UCX  ERROR open(file_name=/proc/1356548/fd/25 flags=0x0) failed: No such file or directory
[1684789011.616039] [node002:1356528:0]         wireup.c:113  UCX  ERROR failed to send wireup: Shared memory error
[1684789011.616254] [node002:1356528:0]       mm_posix.c:194  UCX  ERROR open(file_name=/proc/1356554/fd/25 flags=0x0) failed: No such file or directory
[1684789011.616261] [node002:1356528:0]         wireup.c:113  UCX  ERROR failed to send wireup: Shared memory error
[1684789011.616274] [node002:1356528:0]       mm_posix.c:194  UCX  ERROR open(file_name=/proc/1356555/fd/25 flags=0x0) failed: No such file or directory
[1684789011.616278] [node002:1356528:0]         wireup.c:113  UCX  ERROR failed to send wireup: Shared memory error
[1684789011.616292] [node002:1356528:0]       mm_posix.c:194  UCX  ERROR open(file_name=/proc/1356553/fd/25 flags=0x0) failed: No such file or directory
[1684789011.616295] [node002:1356528:0]         wireup.c:113  UCX  ERROR failed to send wireup: Shared memory error
[1684789011.616341] [node002:1356528:0]       mm_posix.c:194  UCX  ERROR open(file_name=/proc/1356536/fd/25 flags=0x0) failed: No such file or directory
[1684789011.616347] [node002:1356528:0]         wireup.c:113  UCX  ERROR failed to send wireup: Shared memory error
[1684789011.616361] [node002:1356528:0]       mm_posix.c:194  UCX  ERROR open(file_name=/proc/1356535/fd/25 flags=0x0) failed: No such file or directory
[1684789011.616365] [node002:1356528:0]         wireup.c:113  UCX  ERROR failed to send wireup: Shared memory error
4 (0,4) - w: 3, e: 5, n: -1, s: 12
[1684789011.641222] [node003:572575:0]       mm_posix.c:194  UCX  ERROR open(file_name=/proc/572588/fd/25 flags=0x0) failed: Permission denied
[1684789011.641535] [node003:572575:0]         wireup.c:113  UCX  ERROR failed to send wireup: Shared memory error
[1684789011.641638] [node003:572575:0]       mm_posix.c:194  UCX  ERROR open(file_name=/proc/572587/fd/25 flags=0x0) failed: Permission denied
[1684789011.641642] [node003:572575:0]         wireup.c:113  UCX  ERROR failed to send wireup: Shared memory error
[1684789011.641708] [node003:572575:0]       mm_posix.c:194  UCX  ERROR open(file_name=/proc/572581/fd/25 flags=0x0) failed: No such file or directory
[1684789011.641714] [node003:572575:0]         wireup.c:113  UCX  ERROR failed to send wireup: Shared memory error
[1684789011.641752] [node003:572575:0]       mm_posix.c:194  UCX  ERROR open(file_name=/proc/572584/fd/25 flags=0x0) failed: Permission denied
[1684789011.641756] [node003:572575:0]         wireup.c:113  UCX  ERROR failed to send wireup: Shared memory error
[1684789011.641766] [node003:572575:0]       mm_posix.c:194  UCX  ERROR open(file_name=/proc/572582/fd/25 flags=0x0) failed: No such file or directory
[1684789011.641769] [node003:572575:0]         wireup.c:113  UCX  ERROR failed to send wireup: Shared memory error
[1684789011.641783] [node003:572575:0]       mm_posix.c:194  UCX  ERROR open(file_name=/proc/572579/fd/25 flags=0x0) failed: No such file or directory
[1684789011.641786] [node003:572575:0]         wireup.c:113  UCX  ERROR failed to send wireup: Shared memory error
37 (4,5) - w: 36, e: 38, n: 29, s: 45
[1684789011.640160] [node003:572572:0]       mm_posix.c:194  UCX  ERROR open(file_name=/proc/572579/fd/25 flags=0x0) failed: No such file or directory
[1684789011.651521] [node003:572572:0]         wireup.c:113  UCX  ERROR failed to send wireup: Shared memory error
[1684789011.651572] [node003:572572:0]       mm_posix.c:194  UCX  ERROR open(file_name=/proc/572580/fd/25 flags=0x0) failed: Permission denied
[1684789011.651576] [node003:572572:0]         wireup.c:113  UCX  ERROR failed to send wireup: Shared memory error
[1684789011.651669] [node003:572572:0]       mm_posix.c:194  UCX  ERROR open(file_name=/proc/572582/fd/25 flags=0x0) failed: No such file or directory
[1684789011.651675] [node003:572572:0]         wireup.c:113  UCX  ERROR failed to send wireup: Shared memory error
[1684789011.651696] [node003:572572:0]       mm_posix.c:194  UCX  ERROR open(file_name=/proc/572584/fd/25 flags=0x0) failed: Permission denied
[1684789011.651700] [node003:572572:0]         wireup.c:113  UCX  ERROR failed to send wireup: Shared memory error
[1684789011.651772] [node003:572572:0]       mm_posix.c:194  UCX  ERROR open(file_name=/proc/572581/fd/25 flags=0x0) failed: No such file or directory
[1684789011.651777] [node003:572572:0]         wireup.c:113  UCX  ERROR failed to send wireup: Shared memory error
[1684789011.651791] [node003:572572:0]       mm_posix.c:194  UCX  ERROR open(file_name=/proc/572570/fd/25 flags=0x0) failed: No such file or directory
[1684789011.651795] [node003:572572:0]         wireup.c:113  UCX  ERROR failed to send wireup: Shared memory error
[1684789011.651865] [node003:572572:0]       mm_posix.c:194  UCX  ERROR open(file_name=/proc/572588/fd/25 flags=0x0) failed: Permission denied
[1684789011.651870] [node003:572572:0]         wireup.c:113  UCX  ERROR failed to send wireup: Shared memory error
[1684789011.651888] [node003:572572:0]       mm_posix.c:194  UCX  ERROR open(file_name=/proc/572600/fd/25 flags=0x0) failed: No such file or directory
[1684789011.651892] [node003:572572:0]         wireup.c:113  UCX  ERROR failed to send wireup: Shared memory error
[1684789011.651907] [node003:572572:0]       mm_posix.c:194  UCX  ERROR open(file_name=/proc/572586/fd/25 flags=0x0) failed: Permission denied
[1684789011.651911] [node003:572572:0]         wireup.c:113  UCX  ERROR failed to send wireup: Shared memory error
[1684789011.651980] [node003:572572:0]       mm_posix.c:194  UCX  ERROR open(file_name=/proc/572587/fd/25 flags=0x0) failed: Permission denied
[1684789011.651984] [node003:572572:0]         wireup.c:113  UCX  ERROR failed to send wireup: Shared memory error
[1684789011.651996] [node003:572572:0]       mm_posix.c:194  UCX  ERROR open(file_name=/proc/572601/fd/25 flags=0x0) failed: No such file or directory
[1684789011.652000] [node003:572572:0]         wireup.c:113  UCX  ERROR failed to send wireup: Shared memory error
[1684789011.652012] [node003:572572:0]       mm_posix.c:194  UCX  ERROR open(file_name=/proc/572589/fd/25 flags=0x0) failed: No such file or directory
[1684789011.652016] [node003:572572:0]         wireup.c:113  UCX  ERROR failed to send wireup: Shared memory error
34 (4,2) - w: 33, e: 35, n: 26, s: 42
[1684789011.670676] [node003:572574:0]       mm_posix.c:194  UCX  ERROR open(file_name=/proc/572584/fd/25 flags=0x0) failed: Permission denied
[1684789011.670719] [node003:572574:0]         wireup.c:113  UCX  ERROR failed to send wireup: Shared memory error
[1684789011.670738] [node003:572574:0]       mm_posix.c:194  UCX  ERROR open(file_name=/proc/572582/fd/25 flags=0x0) failed: No such file or directory
[1684789011.670742] [node003:572574:0]         wireup.c:113  UCX  ERROR failed to send wireup: Shared memory error
[1684789011.670755] [node003:572574:0]       mm_posix.c:194  UCX  ERROR open(file_name=/proc/572587/fd/25 flags=0x0) failed: Permission denied
[1684789011.670758] [node003:572574:0]         wireup.c:113  UCX  ERROR failed to send wireup: Shared memory error
[1684789011.670769] [node003:572574:0]       mm_posix.c:194  UCX  ERROR open(file_name=/proc/572586/fd/25 flags=0x0) failed: Permission denied
[1684789011.670772] [node003:572574:0]         wireup.c:113  UCX  ERROR failed to send wireup: Shared memory error
[1684789011.670781] [node003:572574:0]       mm_posix.c:194  UCX  ERROR open(file_name=/proc/572581/fd/25 flags=0x0) failed: No such file or directory
[1684789011.670785] [node003:572574:0]         wireup.c:113  UCX  ERROR failed to send wireup: Shared memory error
[1684789011.670797] [node003:572574:0]       mm_posix.c:194  UCX  ERROR open(file_name=/proc/572588/fd/25 flags=0x0) failed: Permission denied
[1684789011.670801] [node003:572574:0]         wireup.c:113  UCX  ERROR failed to send wireup: Shared memory error
[1684789011.670813] [node003:572574:0]       mm_posix.c:194  UCX  ERROR open(file_name=/proc/572591/fd/25 flags=0x0) failed: Permission denied
[1684789011.670817] [node003:572574:0]         wireup.c:113  UCX  ERROR failed to send wireup: Shared memory error
36 (4,4) - w: 35, e: 37, n: 28, s: 44
[1684789011.675686] [node003:572577:0]       mm_posix.c:194  UCX  ERROR open(file_name=/proc/572579/fd/25 flags=0x0) failed: No such file or directory
[1684789011.675730] [node003:572577:0]         wireup.c:113  UCX  ERROR failed to send wireup: Shared memory error
[1684789011.675752] [node003:572577:0]       mm_posix.c:194  UCX  ERROR open(file_name=/proc/572580/fd/25 flags=0x0) failed: Permission denied
[1684789011.675756] [node003:572577:0]         wireup.c:113  UCX  ERROR failed to send wireup: Shared memory error
[1684789011.675768] [node003:572577:0]       mm_posix.c:194  UCX  ERROR open(file_name=/proc/572583/fd/25 flags=0x0) failed: Permission denied
[1684789011.675771] [node003:572577:0]         wireup.c:113  UCX  ERROR failed to send wireup: Shared memory error
[1684789011.675784] [node003:572577:0]       mm_posix.c:194  UCX  ERROR open(file_name=/proc/572582/fd/25 flags=0x0) failed: No such file or directory
[1684789011.675787] [node003:572577:0]         wireup.c:113  UCX  ERROR failed to send wireup: Shared memory error
[1684789011.675799] [node003:572577:0]       mm_posix.c:194  UCX  ERROR open(file_name=/proc/572591/fd/25 flags=0x0) failed: Permission denied
[1684789011.675803] [node003:572577:0]         wireup.c:113  UCX  ERROR failed to send wireup: Shared memory error
[1684789011.675873] [node003:572577:0]       mm_posix.c:194  UCX  ERROR open(file_name=/proc/572587/fd/25 flags=0x0) failed: Permission denied
[1684789011.675877] [node003:572577:0]         wireup.c:113  UCX  ERROR failed to send wireup: Shared memory error
[1684789011.675890] [node003:572577:0]       mm_posix.c:194  UCX  ERROR open(file_name=/proc/572588/fd/25 flags=0x0) failed: Permission denied
[1684789011.675894] [node003:572577:0]         wireup.c:113  UCX  ERROR failed to send wireup: Shared memory error
[1684789011.675907] [node003:572577:0]       mm_posix.c:194  UCX  ERROR open(file_name=/proc/572600/fd/25 flags=0x0) failed: No such file or directory
[1684789011.675910] [node003:572577:0]         wireup.c:113  UCX  ERROR failed to send wireup: Shared memory error
[1684789011.675952] [node003:572577:0]       mm_posix.c:194  UCX  ERROR open(file_name=/proc/572596/fd/25 flags=0x0) failed: Permission denied
[1684789011.675956] [node003:572577:0]         wireup.c:113  UCX  ERROR failed to send wireup: Shared memory error
[1684789011.675968] [node003:572577:0]       mm_posix.c:194  UCX  ERROR open(file_name=/proc/572584/fd/25 flags=0x0) failed: Permission denied
[1684789011.675971] [node003:572577:0]         wireup.c:113  UCX  ERROR failed to send wireup: Shared memory error
[1684789011.675984] [node003:572577:0]       mm_posix.c:194  UCX  ERROR open(file_name=/proc/572581/fd/25 flags=0x0) failed: No such file or directory
[1684789011.675987] [node003:572577:0]         wireup.c:113  UCX  ERROR failed to send wireup: Shared memory error
[1684789011.675998] [node003:572577:0]       mm_posix.c:194  UCX  ERROR open(file_name=/proc/572592/fd/25 flags=0x0) failed: Permission denied
[1684789011.676001] [node003:572577:0]         wireup.c:113  UCX  ERROR failed to send wireup: Shared memory error
[1684789011.676040] [node003:572577:0]       mm_posix.c:194  UCX  ERROR open(file_name=/proc/572586/fd/25 flags=0x0) failed: Permission denied
[1684789011.676044] [node003:572577:0]         wireup.c:113  UCX  ERROR failed to send wireup: Shared memory error
[1684789011.676055] [node003:572577:0]       mm_posix.c:194  UCX  ERROR open(file_name=/proc/572570/fd/25 flags=0x0) failed: No such file or directory
[1684789011.676058] [node003:572577:0]         wireup.c:113  UCX  ERROR failed to send wireup: Shared memory error
[1684789011.676095] [node003:572577:0]       mm_posix.c:194  UCX  ERROR open(file_name=/proc/572601/fd/25 flags=0x0) failed: No such file or directory
[1684789011.676099] [node003:572577:0]         wireup.c:113  UCX  ERROR failed to send wireup: Shared memory error
[1684789011.676110] [node003:572577:0]       mm_posix.c:194  UCX  ERROR open(file_name=/proc/572573/fd/25 flags=0x0) failed: No such file or directory
[1684789011.676114] [node003:572577:0]         wireup.c:113  UCX  ERROR failed to send wireup: Shared memory error
[1684789011.676124] [node003:572577:0]       mm_posix.c:194  UCX  ERROR open(file_name=/proc/572589/fd/25 flags=0x0) failed: No such file or directory
[1684789011.676128] [node003:572577:0]         wireup.c:113  UCX  ERROR failed to send wireup: Shared memory error
39 (4,7) - w: 38, e: -1, n: 31, s: 47
[1684789011.689607] [node002:1356533:0]       mm_posix.c:194  UCX  ERROR open(file_name=/proc/1356531/fd/25 flags=0x0) failed: No such file or directory
[1684789011.689642] [node002:1356533:0]         wireup.c:113  UCX  ERROR failed to send wireup: Shared memory error
[1684789011.689730] [node002:1356533:0]       mm_posix.c:194  UCX  ERROR open(file_name=/proc/1356549/fd/25 flags=0x0) failed: No such file or directory
[1684789011.689734] [node002:1356533:0]         wireup.c:113  UCX  ERROR failed to send wireup: Shared memory error
[1684789011.689768] [node002:1356533:0]       mm_posix.c:194  UCX  ERROR open(file_name=/proc/1356553/fd/25 flags=0x0) failed: No such file or directory
[1684789011.689771] [node002:1356533:0]         wireup.c:113  UCX  ERROR failed to send wireup: Shared memory error
[1684789011.689779] [node002:1356533:0]       mm_posix.c:194  UCX  ERROR open(file_name=/proc/1356524/fd/25 flags=0x0) failed: No such file or directory
[1684789011.689781] [node002:1356533:0]         wireup.c:113  UCX  ERROR failed to send wireup: Shared memory error
[1684789011.689811] [node002:1356533:0]       mm_posix.c:194  UCX  ERROR open(file_name=/proc/1356548/fd/25 flags=0x0) failed: No such file or directory
[1684789011.689814] [node002:1356533:0]         wireup.c:113  UCX  ERROR failed to send wireup: Shared memory error
[1684789011.689915] [node002:1356533:0]       mm_posix.c:194  UCX  ERROR open(file_name=/proc/1356554/fd/25 flags=0x0) failed: No such file or directory
[1684789011.689920] [node002:1356533:0]         wireup.c:113  UCX  ERROR failed to send wireup: Shared memory error
[1684789011.689927] [node002:1356533:0]       mm_posix.c:194  UCX  ERROR open(file_name=/proc/1356555/fd/25 flags=0x0) failed: No such file or directory
[1684789011.689930] [node002:1356533:0]         wireup.c:113  UCX  ERROR failed to send wireup: Shared memory error
[1684789011.690047] [node002:1356533:0]       mm_posix.c:194  UCX  ERROR open(file_name=/proc/1356529/fd/25 flags=0x0) failed: No such file or directory
[1684789011.690052] [node002:1356533:0]         wireup.c:113  UCX  ERROR failed to send wireup: Shared memory error
[1684789011.690061] [node002:1356533:0]       mm_posix.c:194  UCX  ERROR open(file_name=/proc/1356527/fd/25 flags=0x0) failed: No such file or directory
[1684789011.690064] [node002:1356533:0]         wireup.c:113  UCX  ERROR failed to send wireup: Shared memory error
[1684789011.690072] [node002:1356533:0]       mm_posix.c:194  UCX  ERROR open(file_name=/proc/1356536/fd/25 flags=0x0) failed: No such file or directory
[1684789011.690075] [node002:1356533:0]         wireup.c:113  UCX  ERROR failed to send wireup: Shared memory error
[1684789011.690083] [node002:1356533:0]       mm_posix.c:194  UCX  ERROR open(file_name=/proc/1356535/fd/25 flags=0x0) failed: No such file or directory
[1684789011.690085] [node002:1356533:0]         wireup.c:113  UCX  ERROR failed to send wireup: Shared memory error
[1684789011.690092] [node002:1356533:0]       mm_posix.c:194  UCX  ERROR open(file_name=/proc/1356532/fd/25 flags=0x0) failed: No such file or directory
[1684789011.690095] [node002:1356533:0]         wireup.c:113  UCX  ERROR failed to send wireup: Shared memory error
9 (1,1) - w: 8, e: 10, n: 1, s: 17
33 (4,1) - w: 32, e: 34, n: 25, s: 41
