[node002:1358453:0:1358453] Caught signal 11 (Segmentation fault: address not mapped to object at address 0x800000010)
[node003:573875:0:573875] Caught signal 11 (Segmentation fault: address not mapped to object at address 0x800000010)
[node002:1358455:0:1358455] Caught signal 11 (Segmentation fault: address not mapped to object at address 0x800000010)
[node003:573876:0:573876] Caught signal 11 (Segmentation fault: address not mapped to object at address 0x800000010)
[node002:1358454:0:1358454] Caught signal 11 (Segmentation fault: address not mapped to object at address 0x800000010)
[node003:573877:0:573877] Caught signal 11 (Segmentation fault: address not mapped to object at address 0x800000010)
[node002:1358456:0:1358456] Caught signal 11 (Segmentation fault: address not mapped to object at address 0x800000010)
[node003:573878:0:573878] Caught signal 11 (Segmentation fault: address not mapped to object at address 0x800000011)
[node002:1358457:0:1358457] Caught signal 11 (Segmentation fault: address not mapped to object at address 0x800000010)
[node003:573879:0:573879] Caught signal 11 (Segmentation fault: address not mapped to object at address 0x800000010)
[node002:1358458:0:1358458] Caught signal 11 (Segmentation fault: address not mapped to object at address 0x800000010)
[node003:573880:0:573880] Caught signal 11 (Segmentation fault: address not mapped to object at address 0x800000010)
[node002:1358459:0:1358459] Caught signal 11 (Segmentation fault: address not mapped to object at address 0x800000010)
[node003:573881:0:573881] Caught signal 11 (Segmentation fault: address not mapped to object at address 0x800000010)
[node002:1358460:0:1358460] Caught signal 11 (Segmentation fault: address not mapped to object at address 0x800000010)
[node003:573882:0:573882] Caught signal 11 (Segmentation fault: address not mapped to object at address 0x800000010)
[node002:1358461:0:1358461] Caught signal 11 (Segmentation fault: address not mapped to object at address 0x800000010)
srun: error: node002: tasks 0,8,14,19-31: Segmentation fault (core dumped)
[node003:573883:0:573883] Caught signal 11 (Segmentation fault: address not mapped to object at address 0x800000010)
[node002:1358462:0:1358462] Caught signal 11 (Segmentation fault: address not mapped to object at address 0x800000010)
srun: error: node003: tasks 32,46,48,51-63: Segmentation fault (core dumped)
[node003:573884:0:573884] Caught signal 11 (Segmentation fault: address not mapped to object at address 0x800000010)
[node002:1358464:0:1358464] Caught signal 11 (Segmentation fault: address not mapped to object at address 0x800000010)
[node003:573885:0:573885] Caught signal 11 (Segmentation fault: address not mapped to object at address 0x800000010)
[node002:1358463:0:1358463] Caught signal 11 (Segmentation fault: address not mapped to object at address 0x800000010)
[node003:573886:0:573886] Caught signal 11 (Segmentation fault: address not mapped to object at address 0x800000010)
[node002:1358467:0:1358467] Caught signal 11 (Segmentation fault: address not mapped to object at address 0x800000010)
[node003:573887:0:573887] Caught signal 11 (Segmentation fault: address not mapped to object at address 0x800000010)
[node002:1358465:0:1358465] Caught signal 11 (Segmentation fault: address not mapped to object at address 0x800000010)
[node003:573888:0:573888] Caught signal 11 (Segmentation fault: address not mapped to object at address 0x800000010)
[node002:1358466:0:1358466] Caught signal 11 (Segmentation fault: address not mapped to object at address 0x800000010)
[node003:573889:0:573889] Caught signal 11 (Segmentation fault: address not mapped to object at address 0x800000010)
[node002:1358468:0:1358468] Caught signal 11 (Segmentation fault: address not mapped to object at address 0x800000010)
[node003:573890:0:573890] Caught signal 11 (Segmentation fault: address not mapped to object at address 0x800000010)
[node002:1358469:0:1358469] Caught signal 11 (Segmentation fault: address not mapped to object at address 0x800000010)
[node003:573891:0:573891] Caught signal 11 (Segmentation fault: address not mapped to object at address 0x800000010)
[node002:1358470:0:1358470] Caught signal 11 (Segmentation fault: address not mapped to object at address 0x800000011)
[node003:573892:0:573892] Caught signal 11 (Segmentation fault: address not mapped to object at address 0x800000010)
[node002:1358471:0:1358471] Caught signal 11 (Segmentation fault: address not mapped to object at address 0x800000010)
srun: error: node003: tasks 35,39-41,43-45,47: Segmentation fault (core dumped)
srun: error: node002: tasks 9-10,15-16: Segmentation fault (core dumped)
[node003:573893:0:573893] Caught signal 11 (Segmentation fault: address not mapped to object at address 0x800000010)
[node002:1358472:0:1358472] Caught signal 11 (Segmentation fault: address not mapped to object at address 0x800000010)
[node003:573894:0:573894] Caught signal 11 (Segmentation fault: address not mapped to object at address 0x800000010)
[node002:1358473:0:1358473] Caught signal 11 (Segmentation fault: address not mapped to object at address 0x800000010)
[node003:573895:0:573895] Caught signal 11 (Segmentation fault: address not mapped to object at address 0x800000010)
[node002:1358474:0:1358474] Caught signal 11 (Segmentation fault: address not mapped to object at address 0x800000010)
[node003:573897:0:573897] Caught signal 11 (Segmentation fault: address not mapped to object at address 0x800000010)
srun: error: node002: tasks 2,4,6,11-12,17-18: Segmentation fault (core dumped)
[node003:573896:0:573896] Caught signal 11 (Segmentation fault: address not mapped to object at address 0x800000010)
[node002:1358477:0:1358477] Caught signal 11 (Segmentation fault: address not mapped to object at address 0x800000010)
srun: error: node003: tasks 33-34,36-38,42,49-50: Segmentation fault (core dumped)
[node003:573898:0:573898] Caught signal 11 (Segmentation fault: address not mapped to object at address 0x800000010)
[node002:1358475:0:1358475] Caught signal 11 (Segmentation fault: address not mapped to object at address 0x800000010)
[node003:573899:0:573899] Caught signal 11 (Segmentation fault: address not mapped to object at address 0x800000010)
[node002:1358476:0:1358476] Caught signal 11 (Segmentation fault: address not mapped to object at address 0x800000010)
[node003:573900:0:573900] Caught signal 11 (Segmentation fault: address not mapped to object at address 0x800000010)
[node003:573901:0:573901] Caught signal 11 (Segmentation fault: address not mapped to object at address 0x800000010)
[node002:1358478:0:1358478] Caught signal 11 (Segmentation fault: address not mapped to object at address 0x800000010)
srun: error: node002: tasks 1,3,5,7,13: Segmentation fault (core dumped)
[node003:573903:0:573903] Caught signal 11 (Segmentation fault: address not mapped to object at address 0x800000010)
[node002:1358479:0:1358479] Caught signal 11 (Segmentation fault: address not mapped to object at address 0x800000010)
[node003:573902:0:573902] Caught signal 11 (Segmentation fault: address not mapped to object at address 0x800000010)
[node002:1358480:0:1358480] Caught signal 11 (Segmentation fault: address not mapped to object at address 0x800000010)
[node003:573904:0:573904] Caught signal 11 (Segmentation fault: address not mapped to object at address 0x800000011)
[node003:573874:0:573874] Caught signal 11 (Segmentation fault: address not mapped to object at address 0x800000010)
[node002:1358481:0:1358481] Caught signal 11 (Segmentation fault: address not mapped to object at address 0x800000010)
[node003:573905:0:573905] Caught signal 11 (Segmentation fault: address not mapped to object at address 0x800000010)
==== backtrace (tid: 573876) ====
 0 0x00000000000201f3 ucs_debug_print_backtrace()  /dev/shm/easybuild/UCX/1.9.0/GCCcore-10.2.0/ucx-1.9.0/src/ucs/debug/debug.c:656
 1 0x0000000000012b30 .annobin_sigaction.c()  sigaction.c:0
 2 0x00000000000663b6 MPI_Alltoallw()  ???:0
 3 0x0000000000401a68 main()  /homedtic/u199149/lab2_T1G12/4_stencil/stencil_alltoallw.c:191
 4 0x00000000000234a3 __libc_start_main()  ???:0
 5 0x000000000040106e _start()  ???:0
[node002:1358482:0:1358482] Caught signal 11 (Segmentation fault: address not mapped to object at address 0x800000010)
==== backtrace (tid: 573877) ====
 0 0x00000000000201f3 ucs_debug_print_backtrace()  /dev/shm/easybuild/UCX/1.9.0/GCCcore-10.2.0/ucx-1.9.0/src/ucs/debug/debug.c:656
 1 0x0000000000012b30 .annobin_sigaction.c()  sigaction.c:0
 2 0x00000000000663b6 MPI_Alltoallw()  ???:0
 3 0x0000000000401a68 main()  /homedtic/u199149/lab2_T1G12/4_stencil/stencil_alltoallw.c:191
 4 0x00000000000234a3 __libc_start_main()  ???:0
 5 0x000000000040106e _start()  ???:0
=================================
[node003:573877] *** Process received signal ***
[node002:1358452:0:1358452] Caught signal 11 (Segmentation fault: address not mapped to object at address 0x800000010)
[node003:573877] Signal: Segmentation fault (11)
[node003:573877] Signal code:  (-6)
[node003:573877] Failing at address: 0xff7760008c1b5
=================================
==== backtrace (tid: 573875) ====
 0 0x00000000000201f3 ucs_debug_print_backtrace()  /dev/shm/easybuild/UCX/1.9.0/GCCcore-10.2.0/ucx-1.9.0/src/ucs/debug/debug.c:656
 1 0x0000000000012b30 .annobin_sigaction.c()  sigaction.c:0
 2 0x00000000000663b6 MPI_Alltoallw()  ???:0
 3 0x0000000000401a68 main()  /homedtic/u199149/lab2_T1G12/4_stencil/stencil_alltoallw.c:191
 4 0x00000000000234a3 __libc_start_main()  ???:0
 5 0x000000000040106e _start()  ???:0
=================================
[node003:573876] *** Process received signal ***
[node003:573876] Signal: Segmentation fault (11)
[node003:573876] Signal code:  (-6)
[node003:573876] Failing at address: 0xff7760008c1b4
[node002:1358483:0:1358483] Caught signal 11 (Segmentation fault: address not mapped to object at address 0x800000010)
[node003:573877] [ 0] /lib64/libpthread.so.0(+0x12b30)[0x14edca367b30]
==== backtrace (tid:1358454) ====
 0 0x00000000000201f3 ucs_debug_print_backtrace()  /dev/shm/easybuild/UCX/1.9.0/GCCcore-10.2.0/ucx-1.9.0/src/ucs/debug/debug.c:656
 1 0x0000000000012b30 .annobin_sigaction.c()  sigaction.c:0
 2 0x00000000000663b6 MPI_Alltoallw()  ???:0
 3 0x0000000000401ac5 main()  /homedtic/u199149/lab2_T1G12/4_stencil/stencil_alltoallw.c:194
 4 0x00000000000234a3 __libc_start_main()  ???:0
 5 0x000000000040106e _start()  ???:0
=================================
[node003:573875] *** Process received signal ***
[node003:573875] Signal: Segmentation fault (11)
[node003:573875] Signal code:  (-6)
[node003:573875] Failing at address: 0xff7760008c1b3
[node002:1358454] *** Process received signal ***
[node002:1358454] Signal: Segmentation fault (11)
[node002:1358454] Signal code:  (-6)
[node002:1358454] Failing at address: 0xff7760014ba76
[node003:573877] [ 1] /soft/easybuild/x86_64/software/OpenMPI/4.1.2-GCC-10.2.0-with-slurm/lib/libmpi.so.40(PMPI_Alltoallw+0x116)[0x14edcb90d3b6]
[node003:573877] [ 2] stencil_alltoallw[0x401a68]
==== backtrace (tid:1358455) ====
 0 0x00000000000201f3 ucs_debug_print_backtrace()  /dev/shm/easybuild/UCX/1.9.0/GCCcore-10.2.0/ucx-1.9.0/src/ucs/debug/debug.c:656
 1 0x0000000000012b30 .annobin_sigaction.c()  sigaction.c:0
 2 0x00000000000663b6 MPI_Alltoallw()  ???:0
 3 0x0000000000401ac5 main()  /homedtic/u199149/lab2_T1G12/4_stencil/stencil_alltoallw.c:194
 4 0x00000000000234a3 __libc_start_main()  ???:0
 5 0x000000000040106e _start()  ???:0
[node003:573877] [ 3] /lib64/libc.so.6(__libc_start_main+0xf3)[0x14edcb08a4a3]
==== backtrace (tid:1358453) ====
 0 0x00000000000201f3 ucs_debug_print_backtrace()  /dev/shm/easybuild/UCX/1.9.0/GCCcore-10.2.0/ucx-1.9.0/src/ucs/debug/debug.c:656
 1 0x0000000000012b30 .annobin_sigaction.c()  sigaction.c:0
 2 0x00000000000663b6 MPI_Alltoallw()  ???:0
 3 0x0000000000401ac5 main()  /homedtic/u199149/lab2_T1G12/4_stencil/stencil_alltoallw.c:194
 4 0x00000000000234a3 __libc_start_main()  ???:0
 5 0x000000000040106e _start()  ???:0
[node003:573877] [ 4] stencil_alltoallw[0x40106e]
[node003:573877] *** End of error message ***
=================================
[node003:573875] [ 0] /lib64/libpthread.so.0(+0x12b30)[0x15091f14ab30]
=================================
[node003:573875] [ 1] /soft/easybuild/x86_64/software/OpenMPI/4.1.2-GCC-10.2.0-with-slurm/lib/libmpi.so.40(PMPI_Alltoallw+0x116)[0x1509206f03b6]
[node002:1358453] *** Process received signal ***
[node002:1358453] Signal: Segmentation fault (11)
[node002:1358453] Signal code:  (-6)
[node002:1358453] Failing at address: 0xff7760014ba75
[node003:573875] [ 2] stencil_alltoallw[0x401a68]
[node002:1358454] [ 0] /lib64/libpthread.so.0(+0x12b30)[0x14b6a25deb30]
[node003:573875] [ 3] /lib64/libc.so.6(__libc_start_main+0xf3)[0x15091fe6d4a3]
[node002:1358454] [ 1] /soft/easybuild/x86_64/software/OpenMPI/4.1.2-GCC-10.2.0-with-slurm/lib/libmpi.so.40(PMPI_Alltoallw+0x116)[0x14b6a3b833b6]
[node003:573875] [ 4] stencil_alltoallw[0x40106e]
[node003:573875] *** End of error message ***
[node002:1358455] *** Process received signal ***
[node002:1358455] Signal: Segmentation fault (11)
[node002:1358455] Signal code:  (-6)
[node002:1358455] Failing at address: 0xff7760014ba77
[node003:573876] [ 0] /lib64/libpthread.so.0(+0x12b30)[0x14a6531e9b30]
[node002:1358454] [ 2] stencil_alltoallw[0x401ac5]
[node003:573876] [ 1] /soft/easybuild/x86_64/software/OpenMPI/4.1.2-GCC-10.2.0-with-slurm/lib/libmpi.so.40(PMPI_Alltoallw+0x116)[0x14a65478f3b6]
[node002:1358454] [ 3] /lib64/libc.so.6(__libc_start_main+0xf3)[0x14b6a33014a3]
==== backtrace (tid: 573883) ====
 0 0x00000000000201f3 ucs_debug_print_backtrace()  /dev/shm/easybuild/UCX/1.9.0/GCCcore-10.2.0/ucx-1.9.0/src/ucs/debug/debug.c:656
 1 0x0000000000012b30 .annobin_sigaction.c()  sigaction.c:0
 2 0x00000000000663b6 MPI_Alltoallw()  ???:0
 3 0x0000000000401a68 main()  /homedtic/u199149/lab2_T1G12/4_stencil/stencil_alltoallw.c:191
 4 0x00000000000234a3 __libc_start_main()  ???:0
 5 0x000000000040106e _start()  ???:0
[node002:1358454] [ 4] stencil_alltoallw[0x40106e]
[node002:1358454] *** End of error message ***
[node003:573876] [ 2] stencil_alltoallw[0x401a68]
[node002:1358453] [ 0] /lib64/libpthread.so.0(+0x12b30)[0x1527e1765b30]
[node003:573876] [ 3] /lib64/libc.so.6(__libc_start_main+0xf3)[0x14a653f0c4a3]
[node002:1358453] [ 1] /soft/easybuild/x86_64/software/OpenMPI/4.1.2-GCC-10.2.0-with-slurm/lib/libmpi.so.40(PMPI_Alltoallw+0x116)[0x1527e2d0a3b6]
==== backtrace (tid: 573879) ====
 0 0x00000000000201f3 ucs_debug_print_backtrace()  /dev/shm/easybuild/UCX/1.9.0/GCCcore-10.2.0/ucx-1.9.0/src/ucs/debug/debug.c:656
 1 0x0000000000012b30 .annobin_sigaction.c()  sigaction.c:0
 2 0x00000000000663b6 MPI_Alltoallw()  ???:0
 3 0x0000000000401a68 main()  /homedtic/u199149/lab2_T1G12/4_stencil/stencil_alltoallw.c:191
 4 0x00000000000234a3 __libc_start_main()  ???:0
 5 0x000000000040106e _start()  ???:0
[node002:1358453] [ 2] stencil_alltoallw[0x401ac5]
=================================
[node002:1358453] [ 3] /lib64/libc.so.6(__libc_start_main+0xf3)[0x1527e24884a3]
[node002:1358453] [ 4] stencil_alltoallw[0x40106e]
[node002:1358453] *** End of error message ***
=================================
[node002:1358455] [ 0] /lib64/libpthread.so.0(+0x12b30)[0x1466b4905b30]
[node003:573876] [ 4] stencil_alltoallw[0x40106e]
[node003:573876] *** End of error message ***
==== backtrace (tid:1358457) ====
 0 0x00000000000201f3 ucs_debug_print_backtrace()  /dev/shm/easybuild/UCX/1.9.0/GCCcore-10.2.0/ucx-1.9.0/src/ucs/debug/debug.c:656
 1 0x0000000000012b30 .annobin_sigaction.c()  sigaction.c:0
 2 0x00000000000663b6 MPI_Alltoallw()  ???:0
 3 0x0000000000401ac5 main()  /homedtic/u199149/lab2_T1G12/4_stencil/stencil_alltoallw.c:194
 4 0x00000000000234a3 __libc_start_main()  ???:0
 5 0x000000000040106e _start()  ???:0
=================================
[node003:573879] *** Process received signal ***
[node002:1358455] [ 1] /soft/easybuild/x86_64/software/OpenMPI/4.1.2-GCC-10.2.0-with-slurm/lib/libmpi.so.40(PMPI_Alltoallw+0x116)[0x1466b5eaa3b6]
[node003:573883] *** Process received signal ***
[node003:573883] Signal: Segmentation fault (11)
[node003:573883] Signal code:  (-6)
[node003:573883] Failing at address: 0xff7760008c1bb
[node002:1358455] [ 2] stencil_alltoallw[0x401ac5]
[node002:1358455] [ 3] /lib64/libc.so.6(__libc_start_main+0xf3)[0x1466b56284a3]
[node003:573879] Signal: Segmentation fault (11)
[node003:573879] Signal code:  (-6)
[node003:573879] Failing at address: 0xff7760008c1b7
[node002:1358457] *** Process received signal ***
[node002:1358457] Signal: Segmentation fault (11)
[node002:1358457] Signal code:  (-6)
[node002:1358457] Failing at address: 0xff7760014ba79
==== backtrace (tid: 573881) ====
 0 0x00000000000201f3 ucs_debug_print_backtrace()  /dev/shm/easybuild/UCX/1.9.0/GCCcore-10.2.0/ucx-1.9.0/src/ucs/debug/debug.c:656
 1 0x0000000000012b30 .annobin_sigaction.c()  sigaction.c:0
 2 0x00000000000663b6 MPI_Alltoallw()  ???:0
[node002:1358455] [ 4] stencil_alltoallw[0x40106e]
[node002:1358455] *** End of error message ***
 3 0x0000000000401a68 main()  /homedtic/u199149/lab2_T1G12/4_stencil/stencil_alltoallw.c:191
 4 0x00000000000234a3 __libc_start_main()  ???:0
 5 0x000000000040106e _start()  ???:0
=================================
[node002:1358457] [ 0] /lib64/libpthread.so.0(+0x12b30)[0x148f94e10b30]
[node002:1358457] [ 1] /soft/easybuild/x86_64/software/OpenMPI/4.1.2-GCC-10.2.0-with-slurm/lib/libmpi.so.40(PMPI_Alltoallw+0x116)[0x148f963b53b6]
[node002:1358457] [ 2] stencil_alltoallw[0x401ac5]
[node003:573883] [ 0] /lib64/libpthread.so.0(+0x12b30)[0x150057871b30]
[node002:1358457] [ 3] /lib64/libc.so.6(__libc_start_main+0xf3)[0x148f95b334a3]
[node002:1358457] [ 4] stencil_alltoallw[0x40106e]
[node002:1358457] *** End of error message ***
[node003:573879] [ 0] /lib64/libpthread.so.0(+0x12b30)[0x14def61a2b30]
[node003:573879] [ 1] /soft/easybuild/x86_64/software/OpenMPI/4.1.2-GCC-10.2.0-with-slurm/lib/libmpi.so.40(PMPI_Alltoallw+0x116)[0x14def77483b6]
==== backtrace (tid:1358459) ====
 0 0x00000000000201f3 ucs_debug_print_backtrace()  /dev/shm/easybuild/UCX/1.9.0/GCCcore-10.2.0/ucx-1.9.0/src/ucs/debug/debug.c:656
 1 0x0000000000012b30 .annobin_sigaction.c()  sigaction.c:0
 2 0x00000000000663b6 MPI_Alltoallw()  ???:0
 3 0x0000000000401ac5 main()  /homedtic/u199149/lab2_T1G12/4_stencil/stencil_alltoallw.c:194
 4 0x00000000000234a3 __libc_start_main()  ???:0
 5 0x000000000040106e _start()  ???:0
=================================
[node002:1358459] *** Process received signal ***
[node002:1358459] Signal: Segmentation fault (11)
[node002:1358459] Signal code:  (-6)
[node002:1358459] Failing at address: 0xff7760014ba7b
[node003:573883] [ 1] /soft/easybuild/x86_64/software/OpenMPI/4.1.2-GCC-10.2.0-with-slurm/lib/libmpi.so.40(PMPI_Alltoallw+0x116)[0x150058e173b6]
[node002:1358459] [ 0] /lib64/libpthread.so.0(+0x12b30)[0x1493e6fbdb30]
[node003:573879] [ 2] stencil_alltoallw[0x401a68]
[node002:1358459] [ 1] /soft/easybuild/x86_64/software/OpenMPI/4.1.2-GCC-10.2.0-with-slurm/lib/libmpi.so.40(PMPI_Alltoallw+0x116)[0x1493e85623b6]
[node002:1358459] [ 2] stencil_alltoallw[0x401ac5]
[node002:1358459] [ 3] /lib64/libc.so.6(__libc_start_main+0xf3)[0x1493e7ce04a3]
[node002:1358459] [ 4] stencil_alltoallw[0x40106e]
[node002:1358459] *** End of error message ***
[node003:573883] [ 2] stencil_alltoallw[0x401a68]
==== backtrace (tid:1358456) ====
 0 0x00000000000201f3 ucs_debug_print_backtrace()  /dev/shm/easybuild/UCX/1.9.0/GCCcore-10.2.0/ucx-1.9.0/src/ucs/debug/debug.c:656
 1 0x0000000000012b30 .annobin_sigaction.c()  sigaction.c:0
 2 0x00000000000663b6 MPI_Alltoallw()  ???:0
 3 0x0000000000401ac5 main()  /homedtic/u199149/lab2_T1G12/4_stencil/stencil_alltoallw.c:194
 4 0x00000000000234a3 __libc_start_main()  ???:0
 5 0x000000000040106e _start()  ???:0
[node003:573879] [ 3] /lib64/libc.so.6(__libc_start_main+0xf3)[0x14def6ec54a3]
==== backtrace (tid:1358458) ====
 0 0x00000000000201f3 ucs_debug_print_backtrace()  /dev/shm/easybuild/UCX/1.9.0/GCCcore-10.2.0/ucx-1.9.0/src/ucs/debug/debug.c:656
 1 0x0000000000012b30 .annobin_sigaction.c()  sigaction.c:0
 2 0x00000000000663b6 MPI_Alltoallw()  ???:0
 3 0x0000000000401ac5 main()  /homedtic/u199149/lab2_T1G12/4_stencil/stencil_alltoallw.c:194
 4 0x00000000000234a3 __libc_start_main()  ???:0
 5 0x000000000040106e _start()  ???:0
[node003:573881] *** Process received signal ***
[node003:573881] Signal: Segmentation fault (11)
[node003:573881] Signal code:  (-6)
[node003:573881] Failing at address: 0xff7760008c1b9
=================================
[node003:573883] [ 3] /lib64/libc.so.6(__libc_start_main+0xf3)[0x1500585944a3]
=================================
[node003:573879] [ 4] stencil_alltoallw[0x40106e]
[node003:573879] *** End of error message ***
[node002:1358458] *** Process received signal ***
[node002:1358458] Signal: Segmentation fault (11)
[node002:1358458] Signal code:  (-6)
[node002:1358458] Failing at address: 0xff7760014ba7a
[node003:573883] [ 4] stencil_alltoallw[0x40106e]
[node003:573883] *** End of error message ***
[node002:1358456] *** Process received signal ***
[node003:573881] [ 0] /lib64/libpthread.so.0(+0x12b30)[0x152a583aab30]
[node002:1358456] Signal: Segmentation fault (11)
[node002:1358456] Signal code:  (-6)
[node002:1358456] Failing at address: 0xff7760014ba78
[node003:573881] [ 1] /soft/easybuild/x86_64/software/OpenMPI/4.1.2-GCC-10.2.0-with-slurm/lib/libmpi.so.40(PMPI_Alltoallw+0x116)[0x152a599503b6]
[node003:573881] [ 2] stencil_alltoallw[0x401a68]
==== backtrace (tid:1358465) ====
 0 0x00000000000201f3 ucs_debug_print_backtrace()  /dev/shm/easybuild/UCX/1.9.0/GCCcore-10.2.0/ucx-1.9.0/src/ucs/debug/debug.c:656
 1 0x0000000000012b30 .annobin_sigaction.c()  sigaction.c:0
 2 0x00000000000663b6 MPI_Alltoallw()  ???:0
 3 0x0000000000401a68 main()  /homedtic/u199149/lab2_T1G12/4_stencil/stencil_alltoallw.c:191
 4 0x00000000000234a3 __libc_start_main()  ???:0
 5 0x000000000040106e _start()  ???:0
=================================
[node003:573881] [ 3] /lib64/libc.so.6(__libc_start_main+0xf3)[0x152a590cd4a3]
[node002:1358458] [ 0] /lib64/libpthread.so.0(+0x12b30)[0x14f2543e4b30]
[node003:573881] [ 4] stencil_alltoallw[0x40106e]
[node003:573881] *** End of error message ***
[node002:1358465] *** Process received signal ***
[node002:1358465] Signal: Segmentation fault (11)
[node002:1358465] Signal code:  (-6)
[node002:1358465] Failing at address: 0xff7760014ba81
==== backtrace (tid: 573885) ====
 0 0x00000000000201f3 ucs_debug_print_backtrace()  /dev/shm/easybuild/UCX/1.9.0/GCCcore-10.2.0/ucx-1.9.0/src/ucs/debug/debug.c:656
 1 0x0000000000012b30 .annobin_sigaction.c()  sigaction.c:0
 2 0x00000000000663b6 MPI_Alltoallw()  ???:0
 3 0x0000000000401a68 main()  /homedtic/u199149/lab2_T1G12/4_stencil/stencil_alltoallw.c:191
 4 0x00000000000234a3 __libc_start_main()  ???:0
 5 0x000000000040106e _start()  ???:0
=================================
[node002:1358458] [ 1] /soft/easybuild/x86_64/software/OpenMPI/4.1.2-GCC-10.2.0-with-slurm/lib/libmpi.so.40(PMPI_Alltoallw+0x116)[0x14f2559893b6]
[node002:1358458] [ 2] stencil_alltoallw[0x401ac5]
[node002:1358458] [ 3] /lib64/libc.so.6(__libc_start_main+0xf3)[0x14f2551074a3]
[node003:573885] *** Process received signal ***
[node003:573885] Signal: Segmentation fault (11)
[node003:573885] Signal code:  (-6)
[node003:573885] Failing at address: 0xff7760008c1bd
[node002:1358458] [ 4] stencil_alltoallw[0x40106e]
[node002:1358458] *** End of error message ***
==== backtrace (tid: 573887) ====
 0 0x00000000000201f3 ucs_debug_print_backtrace()  /dev/shm/easybuild/UCX/1.9.0/GCCcore-10.2.0/ucx-1.9.0/src/ucs/debug/debug.c:656
 1 0x0000000000012b30 .annobin_sigaction.c()  sigaction.c:0
 2 0x00000000000663b6 MPI_Alltoallw()  ???:0
==== backtrace (tid:1358463) ====
 0 0x00000000000201f3 ucs_debug_print_backtrace()  /dev/shm/easybuild/UCX/1.9.0/GCCcore-10.2.0/ucx-1.9.0/src/ucs/debug/debug.c:656
 1 0x0000000000012b30 .annobin_sigaction.c()  sigaction.c:0
 2 0x00000000000663b6 MPI_Alltoallw()  ???:0
 3 0x0000000000401a68 main()  /homedtic/u199149/lab2_T1G12/4_stencil/stencil_alltoallw.c:191
 4 0x00000000000234a3 __libc_start_main()  ???:0
 5 0x000000000040106e _start()  ???:0
=================================
[node003:573885] [ 0] /lib64/libpthread.so.0(+0x12b30)[0x1484035c5b30]
[node003:573885] [ 1] /soft/easybuild/x86_64/software/OpenMPI/4.1.2-GCC-10.2.0-with-slurm/lib/libmpi.so.40(PMPI_Alltoallw+0x116)[0x148404b6b3b6]
[node003:573885] [ 2] stencil_alltoallw[0x401a68]
[node002:1358463] *** Process received signal ***
[node002:1358463] Signal: Segmentation fault (11)
[node002:1358463] Signal code:  (-6)
[node002:1358463] Failing at address: 0xff7760014ba7f
 3 0x0000000000401a68 main()  /homedtic/u199149/lab2_T1G12/4_stencil/stencil_alltoallw.c:191
 4 0x00000000000234a3 __libc_start_main()  ???:0
 5 0x000000000040106e _start()  ???:0
=================================
[node002:1358465] [ 0] /lib64/libpthread.so.0(+0x12b30)[0x151928241b30]
[node003:573885] [ 3] /lib64/libc.so.6(__libc_start_main+0xf3)[0x1484042e84a3]
[node003:573885] [ 4] stencil_alltoallw[0x40106e]
[node003:573885] *** End of error message ***
[node002:1358465] [ 1] /soft/easybuild/x86_64/software/OpenMPI/4.1.2-GCC-10.2.0-with-slurm/lib/libmpi.so.40(PMPI_Alltoallw+0x116)[0x1519297e63b6]
[node002:1358465] [ 2] stencil_alltoallw[0x401a68]
[node003:573887] *** Process received signal ***
[node003:573887] Signal: Segmentation fault (11)
[node003:573887] Signal code:  (-6)
[node003:573887] Failing at address: 0xff7760008c1bf
[node002:1358465] [ 3] /lib64/libc.so.6(__libc_start_main+0xf3)[0x151928f644a3]
[node002:1358465] [ 4] stencil_alltoallw[0x40106e]
[node002:1358465] *** End of error message ***
[node003:573887] [ 0] /lib64/libpthread.so.0(+0x12b30)[0x14fce8340b30]
==== backtrace (tid:1358461) ====
 0 0x00000000000201f3 ucs_debug_print_backtrace()  /dev/shm/easybuild/UCX/1.9.0/GCCcore-10.2.0/ucx-1.9.0/src/ucs/debug/debug.c:656
 1 0x0000000000012b30 .annobin_sigaction.c()  sigaction.c:0
[node003:573887] [ 1] /soft/easybuild/x86_64/software/OpenMPI/4.1.2-GCC-10.2.0-with-slurm/lib/libmpi.so.40(PMPI_Alltoallw+0x116)[0x14fce98e63b6]
[node003:573887] [ 2] stencil_alltoallw[0x401a68]
[node002:1358463] [ 0] /lib64/libpthread.so.0(+0x12b30)[0x14fe3c883b30]
[node003:573887] [ 3] /lib64/libc.so.6(__libc_start_main+0xf3)[0x14fce90634a3]
[node003:573887] [ 4] stencil_alltoallw[0x40106e]
[node003:573887] *** End of error message ***
 2 0x00000000000663b6 MPI_Alltoallw()  ???:0
 3 0x0000000000401a68 main()  /homedtic/u199149/lab2_T1G12/4_stencil/stencil_alltoallw.c:191
 4 0x00000000000234a3 __libc_start_main()  ???:0
 5 0x000000000040106e _start()  ???:0
=================================
==== backtrace (tid: 573882) ====
 0 0x00000000000201f3 ucs_debug_print_backtrace()  /dev/shm/easybuild/UCX/1.9.0/GCCcore-10.2.0/ucx-1.9.0/src/ucs/debug/debug.c:656
 1 0x0000000000012b30 .annobin_sigaction.c()  sigaction.c:0
 2 0x00000000000663b6 MPI_Alltoallw()  ???:0
 3 0x0000000000401a68 main()  /homedtic/u199149/lab2_T1G12/4_stencil/stencil_alltoallw.c:191
 4 0x00000000000234a3 __libc_start_main()  ???:0
 5 0x000000000040106e _start()  ???:0
[node002:1358463] [ 1] /soft/easybuild/x86_64/software/OpenMPI/4.1.2-GCC-10.2.0-with-slurm/lib/libmpi.so.40(PMPI_Alltoallw+0x116)[0x14fe3de283b6]
=================================
[node002:1358463] [ 2] stencil_alltoallw[0x401a68]
[node003:573882] *** Process received signal ***
[node003:573882] Signal: Segmentation fault (11)
[node003:573882] Signal code:  (-6)
[node003:573882] Failing at address: 0xff7760008c1ba
[node002:1358456] [ 0] /lib64/libpthread.so.0(+0x12b30)[0x14e6688acb30]
==== backtrace (tid: 573889) ====
 0 0x00000000000201f3 ucs_debug_print_backtrace()  /dev/shm/easybuild/UCX/1.9.0/GCCcore-10.2.0/ucx-1.9.0/src/ucs/debug/debug.c:656
 1 0x0000000000012b30 .annobin_sigaction.c()  sigaction.c:0
 2 0x00000000000663b6 MPI_Alltoallw()  ???:0
 3 0x0000000000401a68 main()  /homedtic/u199149/lab2_T1G12/4_stencil/stencil_alltoallw.c:191
 4 0x00000000000234a3 __libc_start_main()  ???:0
 5 0x000000000040106e _start()  ???:0
=================================
[node003:573889] *** Process received signal ***
[node003:573889] Signal: Segmentation fault (11)
[node003:573889] Signal code:  (-6)
[node003:573889] Failing at address: 0xff7760008c1c1
[node002:1358461] *** Process received signal ***
[node002:1358461] Signal: Segmentation fault (11)
[node002:1358461] Signal code:  (-6)
[node002:1358461] Failing at address: 0xff7760014ba7d
==== backtrace (tid: 573878) ====
 0 0x00000000000201f3 ucs_debug_print_backtrace()  /dev/shm/easybuild/UCX/1.9.0/GCCcore-10.2.0/ucx-1.9.0/src/ucs/debug/debug.c:656
 1 0x0000000000012b30 .annobin_sigaction.c()  sigaction.c:0
 2 0x00000000000663b6 MPI_Alltoallw()  ???:0
 3 0x0000000000401a68 main()  /homedtic/u199149/lab2_T1G12/4_stencil/stencil_alltoallw.c:191
 4 0x00000000000234a3 __libc_start_main()  ???:0
 5 0x000000000040106e _start()  ???:0
[node002:1358463] [ 3] /lib64/libc.so.6(__libc_start_main+0xf3)[0x14fe3d5a64a3]
[node002:1358463] [ 4] stencil_alltoallw[0x40106e]
[node002:1358463] *** End of error message ***
[node003:573882] [ 0] /lib64/libpthread.so.0(+0x12b30)[0x14d29ce5bb30]
[node003:573882] [ 1] /soft/easybuild/x86_64/software/OpenMPI/4.1.2-GCC-10.2.0-with-slurm/lib/libmpi.so.40(PMPI_Alltoallw+0x116)[0x14d29e4013b6]
[node002:1358456] [ 1] /soft/easybuild/x86_64/software/OpenMPI/4.1.2-GCC-10.2.0-with-slurm/lib/libmpi.so.40(PMPI_Alltoallw+0x116)[0x14e669e513b6]
[node003:573889] [ 0] /lib64/libpthread.so.0(+0x12b30)[0x14cb30d8ab30]
[node003:573889] [ 1] /soft/easybuild/x86_64/software/OpenMPI/4.1.2-GCC-10.2.0-with-slurm/lib/libmpi.so.40(PMPI_Alltoallw+0x116)[0x14cb323303b6]
[node002:1358456] [ 2] stencil_alltoallw[0x401ac5]
[node002:1358456] [ 3] /lib64/libc.so.6(__libc_start_main+0xf3)[0x14e6695cf4a3]
[node002:1358456] [ 4] stencil_alltoallw[0x40106e]
[node003:573882] [ 2] stencil_alltoallw[0x401a68]
[node003:573882] [ 3] /lib64/libc.so.6(__libc_start_main+0xf3)[0x14d29db7e4a3]
==== backtrace (tid:1358467) ====
 0 0x00000000000201f3 ucs_debug_print_backtrace()  /dev/shm/easybuild/UCX/1.9.0/GCCcore-10.2.0/ucx-1.9.0/src/ucs/debug/debug.c:656
 1 0x0000000000012b30 .annobin_sigaction.c()  sigaction.c:0
 2 0x00000000000663b6 MPI_Alltoallw()  ???:0
 3 0x0000000000401a68 main()  /homedtic/u199149/lab2_T1G12/4_stencil/stencil_alltoallw.c:191
 4 0x00000000000234a3 __libc_start_main()  ???:0
 5 0x000000000040106e _start()  ???:0
=================================
[node003:573882] [ 4] stencil_alltoallw[0x40106e]
[node003:573882] *** End of error message ***
[node002:1358456] *** End of error message ***
=================================
[node002:1358461] [ 0] /lib64/libpthread.so.0(+0x12b30)[0x1507f5e25b30]
[node002:1358461] [ 1] /soft/easybuild/x86_64/software/OpenMPI/4.1.2-GCC-10.2.0-with-slurm/lib/libmpi.so.40(PMPI_Alltoallw+0x116)[0x1507f73ca3b6]
[node003:573889] [ 2] stencil_alltoallw[0x401a68]
[node003:573889] [ 3] /lib64/libc.so.6(__libc_start_main+0xf3)[0x14cb31aad4a3]
[node002:1358461] [ 2] stencil_alltoallw[0x401a68]
[node003:573889] [ 4] stencil_alltoallw[0x40106e]
[node003:573889] *** End of error message ***
[node002:1358467] *** Process received signal ***
[node002:1358467] Signal: Segmentation fault (11)
[node002:1358467] Signal code:  (-6)
[node002:1358467] Failing at address: 0xff7760014ba83
[node003:573878] *** Process received signal ***
[node003:573878] Signal: Segmentation fault (11)
[node003:573878] Signal code:  (-6)
[node003:573878] Failing at address: 0xff7760008c1b6
[node002:1358461] [ 3] /lib64/libc.so.6(__libc_start_main+0xf3)[0x1507f6b484a3]
[node002:1358461] [ 4] stencil_alltoallw[0x40106e]
[node002:1358461] *** End of error message ***
==== backtrace (tid: 573880) ====
 0 0x00000000000201f3 ucs_debug_print_backtrace()  /dev/shm/easybuild/UCX/1.9.0/GCCcore-10.2.0/ucx-1.9.0/src/ucs/debug/debug.c:656
 1 0x0000000000012b30 .annobin_sigaction.c()  sigaction.c:0
 2 0x00000000000663b6 MPI_Alltoallw()  ???:0
==== backtrace (tid:1358460) ====
 0 0x00000000000201f3 ucs_debug_print_backtrace()  /dev/shm/easybuild/UCX/1.9.0/GCCcore-10.2.0/ucx-1.9.0/src/ucs/debug/debug.c:656
 1 0x0000000000012b30 .annobin_sigaction.c()  sigaction.c:0
 2 0x00000000000663b6 MPI_Alltoallw()  ???:0
 3 0x0000000000401a68 main()  /homedtic/u199149/lab2_T1G12/4_stencil/stencil_alltoallw.c:191
 4 0x00000000000234a3 __libc_start_main()  ???:0
 5 0x000000000040106e _start()  ???:0
=================================
 3 0x0000000000401a68 main()  /homedtic/u199149/lab2_T1G12/4_stencil/stencil_alltoallw.c:191
 4 0x00000000000234a3 __libc_start_main()  ???:0
 5 0x000000000040106e _start()  ???:0
[node003:573880] *** Process received signal ***
[node003:573880] Signal: Segmentation fault (11)
[node003:573880] Signal code:  (-6)
[node003:573880] Failing at address: 0xff7760008c1b8
=================================
[node003:573878] [ 0] /lib64/libpthread.so.0(+0x12b30)[0x152776f57b30]
[node002:1358467] [ 0] /lib64/libpthread.so.0(+0x12b30)[0x14b47a39bb30]
[node002:1358467] [ 1] /soft/easybuild/x86_64/software/OpenMPI/4.1.2-GCC-10.2.0-with-slurm/lib/libmpi.so.40(PMPI_Alltoallw+0x116)[0x14b47b9403b6]
[node003:573878] [ 1] /soft/easybuild/x86_64/software/OpenMPI/4.1.2-GCC-10.2.0-with-slurm/lib/libmpi.so.40(PMPI_Alltoallw+0x116)[0x1527784fd3b6]
[node002:1358467] [ 2] stencil_alltoallw[0x401a68]
[node002:1358467] [ 3] /lib64/libc.so.6(__libc_start_main+0xf3)[0x14b47b0be4a3]
[node003:573880] [ 0] /lib64/libpthread.so.0(+0x12b30)[0x15072646fb30]
[node003:573880] [ 1] /soft/easybuild/x86_64/software/OpenMPI/4.1.2-GCC-10.2.0-with-slurm/lib/libmpi.so.40(PMPI_Alltoallw+0x116)[0x150727a153b6]
[node002:1358460] *** Process received signal ***
[node002:1358460] Signal: Segmentation fault (11)
[node002:1358460] Signal code:  (-6)
[node002:1358460] Failing at address: 0xff7760014ba7c
[node003:573878] [ 2] stencil_alltoallw[0x401a68]
[node002:1358467] [ 4] stencil_alltoallw[0x40106e]
[node002:1358467] *** End of error message ***
[node003:573880] [ 2] stencil_alltoallw[0x401a68]
==== backtrace (tid:1358462) ====
 0 0x00000000000201f3 ucs_debug_print_backtrace()  /dev/shm/easybuild/UCX/1.9.0/GCCcore-10.2.0/ucx-1.9.0/src/ucs/debug/debug.c:656
 1 0x0000000000012b30 .annobin_sigaction.c()  sigaction.c:0
 2 0x00000000000663b6 MPI_Alltoallw()  ???:0
 3 0x0000000000401a68 main()  /homedtic/u199149/lab2_T1G12/4_stencil/stencil_alltoallw.c:191
 4 0x00000000000234a3 __libc_start_main()  ???:0
 5 0x000000000040106e _start()  ???:0
=================================
[node002:1358462] *** Process received signal ***
[node002:1358462] Signal: Segmentation fault (11)
[node002:1358462] Signal code:  (-6)
[node002:1358462] Failing at address: 0xff7760014ba7e
[node003:573878] [ 3] /lib64/libc.so.6(__libc_start_main+0xf3)[0x152777c7a4a3]
[node003:573878] [ 4] stencil_alltoallw[0x40106e]
[node003:573878] *** End of error message ***
==== backtrace (tid:1358464) ====
 0 0x00000000000201f3 ucs_debug_print_backtrace()  /dev/shm/easybuild/UCX/1.9.0/GCCcore-10.2.0/ucx-1.9.0/src/ucs/debug/debug.c:656
 1 0x0000000000012b30 .annobin_sigaction.c()  sigaction.c:0
 2 0x00000000000663b6 MPI_Alltoallw()  ???:0
 3 0x0000000000401a68 main()  /homedtic/u199149/lab2_T1G12/4_stencil/stencil_alltoallw.c:191
 4 0x00000000000234a3 __libc_start_main()  ???:0
 5 0x000000000040106e _start()  ???:0
=================================
[node002:1358464] *** Process received signal ***
[node002:1358464] Signal: Segmentation fault (11)
[node002:1358464] Signal code:  (-6)
[node002:1358464] Failing at address: 0xff7760014ba80
[node003:573880] [ 3] /lib64/libc.so.6(__libc_start_main+0xf3)[0x1507271924a3]
[node003:573880] [ 4] stencil_alltoallw[0x40106e]
[node003:573880] *** End of error message ***
==== backtrace (tid:1358470) ====
 0 0x00000000000201f3 ucs_debug_print_backtrace()  /dev/shm/easybuild/UCX/1.9.0/GCCcore-10.2.0/ucx-1.9.0/src/ucs/debug/debug.c:656
 1 0x0000000000012b30 .annobin_sigaction.c()  sigaction.c:0
 2 0x00000000000663b6 MPI_Alltoallw()  ???:0
 3 0x0000000000401a68 main()  /homedtic/u199149/lab2_T1G12/4_stencil/stencil_alltoallw.c:191
 4 0x00000000000234a3 __libc_start_main()  ???:0
 5 0x000000000040106e _start()  ???:0
=================================
[node002:1358470] *** Process received signal ***
[node002:1358470] Signal: Segmentation fault (11)
[node002:1358470] Signal code:  (-6)
[node002:1358470] Failing at address: 0xff7760014ba86
==== backtrace (tid: 573884) ====
 0 0x00000000000201f3 ucs_debug_print_backtrace()  /dev/shm/easybuild/UCX/1.9.0/GCCcore-10.2.0/ucx-1.9.0/src/ucs/debug/debug.c:656
 1 0x0000000000012b30 .annobin_sigaction.c()  sigaction.c:0
 2 0x00000000000663b6 MPI_Alltoallw()  ???:0
 3 0x0000000000401a68 main()  /homedtic/u199149/lab2_T1G12/4_stencil/stencil_alltoallw.c:191
 4 0x00000000000234a3 __libc_start_main()  ???:0
 5 0x000000000040106e _start()  ???:0
=================================
[node002:1358464] [ 0] /lib64/libpthread.so.0(+0x12b30)[0x154cede4ab30]
==== backtrace (tid: 573886) ====
 0 0x00000000000201f3 ucs_debug_print_backtrace()  /dev/shm/easybuild/UCX/1.9.0/GCCcore-10.2.0/ucx-1.9.0/src/ucs/debug/debug.c:656
 1 0x0000000000012b30 .annobin_sigaction.c()  sigaction.c:0
 2 0x00000000000663b6 MPI_Alltoallw()  ???:0
 3 0x0000000000401a68 main()  /homedtic/u199149/lab2_T1G12/4_stencil/stencil_alltoallw.c:191
 4 0x00000000000234a3 __libc_start_main()  ???:0
 5 0x000000000040106e _start()  ???:0
[node002:1358470] [ 0] /lib64/libpthread.so.0(+0x12b30)[0x15365af0cb30]
=================================
[node002:1358462] [ 0] /lib64/libpthread.so.0(+0x12b30)[0x1549f5a6db30]
[node002:1358462] [ 1] /soft/easybuild/x86_64/software/OpenMPI/4.1.2-GCC-10.2.0-with-slurm/lib/libmpi.so.40(PMPI_Alltoallw+0x116)[0x1549f70123b6]
[node002:1358462] [ 2] stencil_alltoallw[0x401a68]
[node003:573884] *** Process received signal ***
[node003:573884] Signal: Segmentation fault (11)
[node003:573884] Signal code:  (-6)
[node003:573884] Failing at address: 0xff7760008c1bc
[node002:1358464] [ 1] /soft/easybuild/x86_64/software/OpenMPI/4.1.2-GCC-10.2.0-with-slurm/lib/libmpi.so.40(PMPI_Alltoallw+0x116)[0x154cef3ef3b6]
[node002:1358464] [ 2] stencil_alltoallw[0x401a68]
[node003:573886] *** Process received signal ***
[node002:1358470] [ 1] /soft/easybuild/x86_64/software/OpenMPI/4.1.2-GCC-10.2.0-with-slurm/lib/libmpi.so.40(PMPI_Alltoallw+0x116)[0x15365c4b13b6]
[node002:1358470] [ 2] stencil_alltoallw[0x401a68]
[node002:1358470] [ 3] /lib64/libc.so.6(__libc_start_main+0xf3)[0x15365bc2f4a3]
[node002:1358470] [ 4] stencil_alltoallw[0x40106e]
[node002:1358470] *** End of error message ***
[node003:573886] Signal: Segmentation fault (11)
[node003:573886] Signal code:  (-6)
[node003:573886] Failing at address: 0xff7760008c1be
[node002:1358462] [ 3] /lib64/libc.so.6(__libc_start_main+0xf3)[0x1549f67904a3]
[node002:1358462] [ 4] stencil_alltoallw[0x40106e]
[node002:1358462] *** End of error message ***
[node003:573886] [ 0] /lib64/libpthread.so.0(+0x12b30)[0x14b4aa7e6b30]
[node002:1358464] [ 3] /lib64/libc.so.6(__libc_start_main+0xf3)[0x154ceeb6d4a3]
[node002:1358464] [ 4] stencil_alltoallw[0x40106e]
[node002:1358464] *** End of error message ***
[node003:573884] [ 0] /lib64/libpthread.so.0(+0x12b30)[0x146b90592b30]
[node003:573884] [ 1] /soft/easybuild/x86_64/software/OpenMPI/4.1.2-GCC-10.2.0-with-slurm/lib/libmpi.so.40(PMPI_Alltoallw+0x116)[0x146b91b383b6]
==== backtrace (tid:1358468) ====
 0 0x00000000000201f3 ucs_debug_print_backtrace()  /dev/shm/easybuild/UCX/1.9.0/GCCcore-10.2.0/ucx-1.9.0/src/ucs/debug/debug.c:656
 1 0x0000000000012b30 .annobin_sigaction.c()  sigaction.c:0
 2 0x00000000000663b6 MPI_Alltoallw()  ???:0
 3 0x0000000000401a68 main()  /homedtic/u199149/lab2_T1G12/4_stencil/stencil_alltoallw.c:191
 4 0x00000000000234a3 __libc_start_main()  ???:0
 5 0x000000000040106e _start()  ???:0
[node003:573886] [ 1] /soft/easybuild/x86_64/software/OpenMPI/4.1.2-GCC-10.2.0-with-slurm/lib/libmpi.so.40(PMPI_Alltoallw+0x116)[0x14b4abd8c3b6]
=================================
[node003:573884] [ 2] stencil_alltoallw[0x401a68]
[node002:1358468] *** Process received signal ***
[node002:1358468] Signal: Segmentation fault (11)
[node002:1358468] Signal code:  (-6)
[node002:1358468] Failing at address: 0xff7760014ba84
[node003:573886] [ 2] stencil_alltoallw[0x401a68]
==== backtrace (tid:1358466) ====
 0 0x00000000000201f3 ucs_debug_print_backtrace()  /dev/shm/easybuild/UCX/1.9.0/GCCcore-10.2.0/ucx-1.9.0/src/ucs/debug/debug.c:656
 1 0x0000000000012b30 .annobin_sigaction.c()  sigaction.c:0
[node003:573884] [ 3] /lib64/libc.so.6(__libc_start_main+0xf3)[0x146b912b54a3]
 2 0x00000000000663b6 MPI_Alltoallw()  ???:0
 3 0x0000000000401a68 main()  /homedtic/u199149/lab2_T1G12/4_stencil/stencil_alltoallw.c:191
 4 0x00000000000234a3 __libc_start_main()  ???:0
 5 0x000000000040106e _start()  ???:0
[node003:573886] [ 3] /lib64/libc.so.6(__libc_start_main+0xf3)[0x14b4ab5094a3]
=================================
[node002:1358466] *** Process received signal ***
[node002:1358466] Signal: Segmentation fault (11)
[node002:1358466] Signal code:  (-6)
[node002:1358466] Failing at address: 0xff7760014ba82
[node002:1358466] [ 0] /lib64/libpthread.so.0(+0x12b30)[0x154fd8880b30]
[node002:1358466] [ 1] /soft/easybuild/x86_64/software/OpenMPI/4.1.2-GCC-10.2.0-with-slurm/lib/libmpi.so.40(PMPI_Alltoallw+0x116)[0x154fd9e253b6]
[node002:1358466] [ 2] stencil_alltoallw[0x401a68]
[node002:1358466] [ 3] /lib64/libc.so.6(__libc_start_main+0xf3)[0x154fd95a34a3]
[node002:1358466] [ 4] stencil_alltoallw[0x40106e]
[node002:1358466] *** End of error message ***
[node003:573884] [ 4] stencil_alltoallw[0x40106e]
[node003:573884] *** End of error message ***
[node002:1358468] [ 0] /lib64/libpthread.so.0(+0x12b30)[0x14ee4d321b30]
[node002:1358468] [ 1] /soft/easybuild/x86_64/software/OpenMPI/4.1.2-GCC-10.2.0-with-slurm/lib/libmpi.so.40(PMPI_Alltoallw+0x116)[0x14ee4e8c63b6]
[node002:1358468] [ 2] stencil_alltoallw[0x401a68]
[node002:1358468] [ 3] /lib64/libc.so.6(__libc_start_main+0xf3)[0x14ee4e0444a3]
[node002:1358468] [ 4] stencil_alltoallw[0x40106e]
[node002:1358468] *** End of error message ***
[node003:573886] [ 4] stencil_alltoallw[0x40106e]
[node003:573886] *** End of error message ***
==== backtrace (tid:1358469) ====
 0 0x00000000000201f3 ucs_debug_print_backtrace()  /dev/shm/easybuild/UCX/1.9.0/GCCcore-10.2.0/ucx-1.9.0/src/ucs/debug/debug.c:656
 1 0x0000000000012b30 .annobin_sigaction.c()  sigaction.c:0
 2 0x00000000000663b6 MPI_Alltoallw()  ???:0
 3 0x0000000000401a68 main()  /homedtic/u199149/lab2_T1G12/4_stencil/stencil_alltoallw.c:191
 4 0x00000000000234a3 __libc_start_main()  ???:0
 5 0x000000000040106e _start()  ???:0
=================================
[node002:1358469] *** Process received signal ***
[node002:1358469] Signal: Segmentation fault (11)
[node002:1358469] Signal code:  (-6)
[node002:1358469] Failing at address: 0xff7760014ba85
[node002:1358469] [ 0] /lib64/libpthread.so.0(+0x12b30)[0x14b84a556b30]
[node002:1358469] [ 1] /soft/easybuild/x86_64/software/OpenMPI/4.1.2-GCC-10.2.0-with-slurm/lib/libmpi.so.40(PMPI_Alltoallw+0x116)[0x14b84bafb3b6]
[node002:1358469] [ 2] stencil_alltoallw[0x401a68]
==== backtrace (tid: 573890) ====
 0 0x00000000000201f3 ucs_debug_print_backtrace()  /dev/shm/easybuild/UCX/1.9.0/GCCcore-10.2.0/ucx-1.9.0/src/ucs/debug/debug.c:656
 1 0x0000000000012b30 .annobin_sigaction.c()  sigaction.c:0
 2 0x00000000000663b6 MPI_Alltoallw()  ???:0
 3 0x0000000000401a68 main()  /homedtic/u199149/lab2_T1G12/4_stencil/stencil_alltoallw.c:191
 4 0x00000000000234a3 __libc_start_main()  ???:0
 5 0x000000000040106e _start()  ???:0
[node002:1358469] [ 3] /lib64/libc.so.6(__libc_start_main+0xf3)[0x14b84b2794a3]
[node002:1358469] [ 4] stencil_alltoallw[0x40106e]
[node002:1358469] *** End of error message ***
==== backtrace (tid: 573892) ====
 0 0x00000000000201f3 ucs_debug_print_backtrace()  /dev/shm/easybuild/UCX/1.9.0/GCCcore-10.2.0/ucx-1.9.0/src/ucs/debug/debug.c:656
 1 0x0000000000012b30 .annobin_sigaction.c()  sigaction.c:0
 2 0x00000000000663b6 MPI_Alltoallw()  ???:0
 3 0x0000000000401a68 main()  /homedtic/u199149/lab2_T1G12/4_stencil/stencil_alltoallw.c:191
 4 0x00000000000234a3 __libc_start_main()  ???:0
 5 0x000000000040106e _start()  ???:0
==== backtrace (tid:1358475) ====
 0 0x00000000000201f3 ucs_debug_print_backtrace()  /dev/shm/easybuild/UCX/1.9.0/GCCcore-10.2.0/ucx-1.9.0/src/ucs/debug/debug.c:656
 1 0x0000000000012b30 .annobin_sigaction.c()  sigaction.c:0
 2 0x00000000000663b6 MPI_Alltoallw()  ???:0
 3 0x0000000000401a68 main()  /homedtic/u199149/lab2_T1G12/4_stencil/stencil_alltoallw.c:191
 4 0x00000000000234a3 __libc_start_main()  ???:0
 5 0x000000000040106e _start()  ???:0
=================================
=================================
=================================
[node002:1358475] *** Process received signal ***
[node003:573890] *** Process received signal ***
[node003:573890] Signal: Segmentation fault (11)
[node003:573890] Signal code:  (-6)
[node003:573890] Failing at address: 0xff7760008c1c2
[node002:1358475] Signal: Segmentation fault (11)
[node002:1358475] Signal code:  (-6)
[node002:1358475] Failing at address: 0xff7760014ba8b
[node003:573892] *** Process received signal ***
[node003:573892] Signal: Segmentation fault (11)
[node003:573892] Signal code:  (-6)
[node003:573892] Failing at address: 0xff7760008c1c4
==== backtrace (tid:1358473) ====
 0 0x00000000000201f3 ucs_debug_print_backtrace()  /dev/shm/easybuild/UCX/1.9.0/GCCcore-10.2.0/ucx-1.9.0/src/ucs/debug/debug.c:656
 1 0x0000000000012b30 .annobin_sigaction.c()  sigaction.c:0
[node003:573890] [ 0] /lib64/libpthread.so.0(+0x12b30)[0x1517c32e5b30]
[node002:1358460] [ 0] /lib64/libpthread.so.0(+0x12b30)[0x153af6c35b30]
[node002:1358460] [ 1] /soft/easybuild/x86_64/software/OpenMPI/4.1.2-GCC-10.2.0-with-slurm/lib/libmpi.so.40(PMPI_Alltoallw+0x116)[0x153af81da3b6]
[node003:573890] [ 1] /soft/easybuild/x86_64/software/OpenMPI/4.1.2-GCC-10.2.0-with-slurm/lib/libmpi.so.40(PMPI_Alltoallw+0x116)[0x1517c488b3b6]
 2 0x00000000000663b6 MPI_Alltoallw()  ???:0
 3 0x0000000000401a68 main()  /homedtic/u199149/lab2_T1G12/4_stencil/stencil_alltoallw.c:191
 4 0x00000000000234a3 __libc_start_main()  ???:0
 5 0x000000000040106e _start()  ???:0
[node003:573890] [ 2] stencil_alltoallw[0x401a68]
[node002:1358460] [ 2] stencil_alltoallw[0x401a68]
[node003:573890] [ 3] /lib64/libc.so.6(__libc_start_main+0xf3)[0x1517c40084a3]
=================================
[node003:573890] [ 4] stencil_alltoallw[0x40106e]
[node003:573890] *** End of error message ***
[node002:1358460] [ 3] /lib64/libc.so.6(__libc_start_main+0xf3)[0x153af79584a3]
[node002:1358460] [ 4] stencil_alltoallw[0x40106e]
[node002:1358460] *** End of error message ***
[node003:573892] [ 0] /lib64/libpthread.so.0(+0x12b30)[0x14d8cf646b30]
[node002:1358473] *** Process received signal ***
[node002:1358473] Signal: Segmentation fault (11)
[node002:1358473] Signal code:  (-6)
[node002:1358473] Failing at address: 0xff7760014ba89
[node003:573892] [ 1] /soft/easybuild/x86_64/software/OpenMPI/4.1.2-GCC-10.2.0-with-slurm/lib/libmpi.so.40(PMPI_Alltoallw+0x116)[0x14d8d0bec3b6]
[node002:1358475] [ 0] /lib64/libpthread.so.0(+0x12b30)[0x15460046db30]
==== backtrace (tid: 573891) ====
 0 0x00000000000201f3 ucs_debug_print_backtrace()  /dev/shm/easybuild/UCX/1.9.0/GCCcore-10.2.0/ucx-1.9.0/src/ucs/debug/debug.c:656
 1 0x0000000000012b30 .annobin_sigaction.c()  sigaction.c:0
[node002:1358475] [ 1] /soft/easybuild/x86_64/software/OpenMPI/4.1.2-GCC-10.2.0-with-slurm/lib/libmpi.so.40(PMPI_Alltoallw+0x116)[0x154601a123b6]
 2 0x00000000000663b6 MPI_Alltoallw()  ???:0
 3 0x0000000000401a68 main()  /homedtic/u199149/lab2_T1G12/4_stencil/stencil_alltoallw.c:191
 4 0x00000000000234a3 __libc_start_main()  ???:0
 5 0x000000000040106e _start()  ???:0
[node002:1358473] [ 0] /lib64/libpthread.so.0(+0x12b30)[0x14a2f2f09b30]
[node003:573892] [ 2] stencil_alltoallw[0x401a68]
[node002:1358475] [ 2] stencil_alltoallw[0x401a68]
[node003:573892] [ 3] /lib64/libc.so.6(__libc_start_main+0xf3)[0x14d8d03694a3]
[node002:1358473] [ 1] /soft/easybuild/x86_64/software/OpenMPI/4.1.2-GCC-10.2.0-with-slurm/lib/libmpi.so.40(PMPI_Alltoallw+0x116)[0x14a2f44ae3b6]
=================================
[node002:1358475] [ 3] /lib64/libc.so.6(__libc_start_main+0xf3)[0x1546011904a3]
[node003:573892] [ 4] stencil_alltoallw[0x40106e]
[node003:573892] *** End of error message ***
[node002:1358473] [ 2] stencil_alltoallw[0x401a68]
==== backtrace (tid: 573894) ====
 0 0x00000000000201f3 ucs_debug_print_backtrace()  /dev/shm/easybuild/UCX/1.9.0/GCCcore-10.2.0/ucx-1.9.0/src/ucs/debug/debug.c:656
 1 0x0000000000012b30 .annobin_sigaction.c()  sigaction.c:0
 2 0x00000000000663b6 MPI_Alltoallw()  ???:0
 3 0x0000000000401a68 main()  /homedtic/u199149/lab2_T1G12/4_stencil/stencil_alltoallw.c:191
 4 0x00000000000234a3 __libc_start_main()  ???:0
 5 0x000000000040106e _start()  ???:0
[node002:1358475] [ 4] stencil_alltoallw[0x40106e]
[node002:1358475] *** End of error message ***
==== backtrace (tid: 573895) ====
 0 0x00000000000201f3 ucs_debug_print_backtrace()  /dev/shm/easybuild/UCX/1.9.0/GCCcore-10.2.0/ucx-1.9.0/src/ucs/debug/debug.c:656
 1 0x0000000000012b30 .annobin_sigaction.c()  sigaction.c:0
 2 0x00000000000663b6 MPI_Alltoallw()  ???:0
 3 0x0000000000401a68 main()  /homedtic/u199149/lab2_T1G12/4_stencil/stencil_alltoallw.c:191
 4 0x00000000000234a3 __libc_start_main()  ???:0
 5 0x000000000040106e _start()  ???:0
=================================
[node002:1358473] [ 3] /lib64/libc.so.6(__libc_start_main+0xf3)[0x14a2f3c2c4a3]
=================================
[node002:1358473] [ 4] stencil_alltoallw[0x40106e]
[node002:1358473] *** End of error message ***
[node003:573891] *** Process received signal ***
==== backtrace (tid:1358471) ====
 0 0x00000000000201f3 ucs_debug_print_backtrace()  /dev/shm/easybuild/UCX/1.9.0/GCCcore-10.2.0/ucx-1.9.0/src/ucs/debug/debug.c:656
 1 0x0000000000012b30 .annobin_sigaction.c()  sigaction.c:0
 2 0x00000000000663b6 MPI_Alltoallw()  ???:0
 3 0x0000000000401a68 main()  /homedtic/u199149/lab2_T1G12/4_stencil/stencil_alltoallw.c:191
 4 0x00000000000234a3 __libc_start_main()  ???:0
 5 0x000000000040106e _start()  ???:0
[node003:573891] Signal: Segmentation fault (11)
[node003:573891] Signal code:  (-6)
[node003:573891] Failing at address: 0xff7760008c1c3
==== backtrace (tid:1358479) ====
 0 0x00000000000201f3 ucs_debug_print_backtrace()  /dev/shm/easybuild/UCX/1.9.0/GCCcore-10.2.0/ucx-1.9.0/src/ucs/debug/debug.c:656
 1 0x0000000000012b30 .annobin_sigaction.c()  sigaction.c:0
 2 0x00000000000663b6 MPI_Alltoallw()  ???:0
 3 0x0000000000401a68 main()  /homedtic/u199149/lab2_T1G12/4_stencil/stencil_alltoallw.c:191
 4 0x00000000000234a3 __libc_start_main()  ???:0
 5 0x000000000040106e _start()  ???:0
[node003:573894] *** Process received signal ***
[node003:573894] Signal: Segmentation fault (11)
[node003:573894] Signal code:  (-6)
[node003:573894] Failing at address: 0xff7760008c1c6
=================================
[node003:573895] *** Process received signal ***
[node003:573895] Signal: Segmentation fault (11)
[node003:573895] Signal code:  (-6)
[node003:573895] Failing at address: 0xff7760008c1c7
=================================
[node003:573891] [ 0] /lib64/libpthread.so.0(+0x12b30)[0x14a17e18eb30]
[node002:1358479] *** Process received signal ***
[node002:1358479] Signal: Segmentation fault (11)
[node002:1358479] Signal code:  (-6)
[node002:1358479] Failing at address: 0xff7760014ba8f
[node003:573894] [ 0] /lib64/libpthread.so.0(+0x12b30)[0x14adcf280b30]
[node003:573894] [ 1] /soft/easybuild/x86_64/software/OpenMPI/4.1.2-GCC-10.2.0-with-slurm/lib/libmpi.so.40(PMPI_Alltoallw+0x116)[0x14add08263b6]
[node002:1358471] *** Process received signal ***
[node002:1358471] Signal: Segmentation fault (11)
[node002:1358471] Signal code:  (-6)
[node002:1358471] Failing at address: 0xff7760014ba87
[node003:573895] [ 0] /lib64/libpthread.so.0(+0x12b30)[0x1486ceb75b30]
[node003:573895] [ 1] /soft/easybuild/x86_64/software/OpenMPI/4.1.2-GCC-10.2.0-with-slurm/lib/libmpi.so.40(PMPI_Alltoallw+0x116)[0x1486d011b3b6]
[node003:573895] [ 2] stencil_alltoallw[0x401a68]
[node002:1358471] [ 0] /lib64/libpthread.so.0(+0x12b30)[0x1465fb150b30]
[node003:573891] [ 1] /soft/easybuild/x86_64/software/OpenMPI/4.1.2-GCC-10.2.0-with-slurm/lib/libmpi.so.40(PMPI_Alltoallw+0x116)[0x14a17f7343b6]
[node003:573891] [ 2] stencil_alltoallw[0x401a68]
[node003:573891] [ 3] /lib64/libc.so.6(__libc_start_main+0xf3)[0x14a17eeb14a3]
[node003:573891] [ 4] stencil_alltoallw[0x40106e]
[node003:573891] *** End of error message ***
[node002:1358479] [ 0] /lib64/libpthread.so.0(+0x12b30)[0x146d712b0b30]
[node002:1358479] [ 1] /soft/easybuild/x86_64/software/OpenMPI/4.1.2-GCC-10.2.0-with-slurm/lib/libmpi.so.40(PMPI_Alltoallw+0x116)[0x146d728553b6]
[node002:1358479] [ 2] stencil_alltoallw[0x401a68]
[node003:573894] [ 2] stencil_alltoallw[0x401a68]
[node003:573894] [ 3] /lib64/libc.so.6(__libc_start_main+0xf3)[0x14adcffa34a3]
[node003:573894] [ 4] stencil_alltoallw[0x40106e]
[node003:573894] *** End of error message ***
[node002:1358471] [ 1] /soft/easybuild/x86_64/software/OpenMPI/4.1.2-GCC-10.2.0-with-slurm/lib/libmpi.so.40(PMPI_Alltoallw+0x116)[0x1465fc6f53b6]
[node002:1358471] [ 2] stencil_alltoallw[0x401a68]
[node002:1358471] [ 3] /lib64/libc.so.6(__libc_start_main+0xf3)[0x1465fbe734a3]
[node003:573895] [ 3] /lib64/libc.so.6(__libc_start_main+0xf3)[0x1486cf8984a3]
[node003:573895] [ 4] stencil_alltoallw[0x40106e]
[node003:573895] *** End of error message ***
[node002:1358479] [ 3] /lib64/libc.so.6(__libc_start_main+0xf3)[0x146d71fd34a3]
==== backtrace (tid: 573893) ====
 0 0x00000000000201f3 ucs_debug_print_backtrace()  /dev/shm/easybuild/UCX/1.9.0/GCCcore-10.2.0/ucx-1.9.0/src/ucs/debug/debug.c:656
 1 0x0000000000012b30 .annobin_sigaction.c()  sigaction.c:0
 2 0x00000000000663b6 MPI_Alltoallw()  ???:0
 3 0x0000000000401a68 main()  /homedtic/u199149/lab2_T1G12/4_stencil/stencil_alltoallw.c:191
 4 0x00000000000234a3 __libc_start_main()  ???:0
 5 0x000000000040106e _start()  ???:0
[node002:1358471] [ 4] stencil_alltoallw[0x40106e]
[node002:1358471] *** End of error message ***
=================================
[node002:1358479] [ 4] stencil_alltoallw[0x40106e]
[node002:1358479] *** End of error message ***
[node003:573893] *** Process received signal ***
[node003:573893] Signal: Segmentation fault (11)
[node003:573893] Signal code:  (-6)
[node003:573893] Failing at address: 0xff7760008c1c5
==== backtrace (tid:1358474) ====
 0 0x00000000000201f3 ucs_debug_print_backtrace()  /dev/shm/easybuild/UCX/1.9.0/GCCcore-10.2.0/ucx-1.9.0/src/ucs/debug/debug.c:656
 1 0x0000000000012b30 .annobin_sigaction.c()  sigaction.c:0
 2 0x00000000000663b6 MPI_Alltoallw()  ???:0
 3 0x0000000000401a68 main()  /homedtic/u199149/lab2_T1G12/4_stencil/stencil_alltoallw.c:191
 4 0x00000000000234a3 __libc_start_main()  ???:0
 5 0x000000000040106e _start()  ???:0
=================================
==== backtrace (tid: 573896) ====
 0 0x00000000000201f3 ucs_debug_print_backtrace()  /dev/shm/easybuild/UCX/1.9.0/GCCcore-10.2.0/ucx-1.9.0/src/ucs/debug/debug.c:656
[node002:1358474] *** Process received signal ***
[node002:1358474] Signal: Segmentation fault (11)
[node002:1358474] Signal code:  (-6)
[node002:1358474] Failing at address: 0xff7760014ba8a
 1 0x0000000000012b30 .annobin_sigaction.c()  sigaction.c:0
 2 0x00000000000663b6 MPI_Alltoallw()  ???:0
 3 0x0000000000401a68 main()  /homedtic/u199149/lab2_T1G12/4_stencil/stencil_alltoallw.c:191
 4 0x00000000000234a3 __libc_start_main()  ???:0
 5 0x000000000040106e _start()  ???:0
[node002:1358474] [ 0] /lib64/libpthread.so.0(+0x12b30)[0x154435edab30]
=================================
[node002:1358474] [ 1] /soft/easybuild/x86_64/software/OpenMPI/4.1.2-GCC-10.2.0-with-slurm/lib/libmpi.so.40(PMPI_Alltoallw+0x116)[0x15443747f3b6]
[node002:1358474] [ 2] stencil_alltoallw[0x401a68]
[node003:573896] *** Process received signal ***
[node003:573896] Signal: Segmentation fault (11)
[node003:573896] Signal code:  (-6)
[node003:573896] Failing at address: 0xff7760008c1c8
[node002:1358474] [ 3] /lib64/libc.so.6(__libc_start_main+0xf3)[0x154436bfd4a3]
[node002:1358474] [ 4] stencil_alltoallw[0x40106e]
[node002:1358474] *** End of error message ***
[node003:573893] [ 0] /lib64/libpthread.so.0(+0x12b30)[0x14dd6c734b30]
[node003:573893] [ 1] /soft/easybuild/x86_64/software/OpenMPI/4.1.2-GCC-10.2.0-with-slurm/lib/libmpi.so.40(PMPI_Alltoallw+0x116)[0x14dd6dcda3b6]
==== backtrace (tid:1358476) ====
 0 0x00000000000201f3 ucs_debug_print_backtrace()  /dev/shm/easybuild/UCX/1.9.0/GCCcore-10.2.0/ucx-1.9.0/src/ucs/debug/debug.c:656
 1 0x0000000000012b30 .annobin_sigaction.c()  sigaction.c:0
 2 0x00000000000663b6 MPI_Alltoallw()  ???:0
 3 0x0000000000401a68 main()  /homedtic/u199149/lab2_T1G12/4_stencil/stencil_alltoallw.c:191
 4 0x00000000000234a3 __libc_start_main()  ???:0
 5 0x000000000040106e _start()  ???:0
[node003:573896] [ 0] /lib64/libpthread.so.0(+0x12b30)[0x14df4f219b30]
[node003:573896] [ 1] /soft/easybuild/x86_64/software/OpenMPI/4.1.2-GCC-10.2.0-with-slurm/lib/libmpi.so.40(PMPI_Alltoallw+0x116)[0x14df507bf3b6]
=================================
[node002:1358476] *** Process received signal ***
[node003:573893] [ 2] stencil_alltoallw[0x401a68]
[node002:1358476] Signal: Segmentation fault (11)
[node002:1358476] Signal code:  (-6)
[node002:1358476] Failing at address: 0xff7760014ba8c
[node003:573893] [ 3] /lib64/libc.so.6(__libc_start_main+0xf3)[0x14dd6d4574a3]
[node003:573893] [ 4] stencil_alltoallw[0x40106e]
[node003:573893] *** End of error message ***
[node002:1358476] [ 0] /lib64/libpthread.so.0(+0x12b30)[0x14c13c443b30]
[node003:573896] [ 2] stencil_alltoallw[0x401a68]
[node003:573896] [ 3] /lib64/libc.so.6(__libc_start_main+0xf3)[0x14df4ff3c4a3]
[node002:1358476] [ 1] /soft/easybuild/x86_64/software/OpenMPI/4.1.2-GCC-10.2.0-with-slurm/lib/libmpi.so.40(PMPI_Alltoallw+0x116)[0x14c13d9e83b6]
[node002:1358476] [ 2] stencil_alltoallw[0x401a68]
[node003:573896] [ 4] stencil_alltoallw[0x40106e]
[node003:573896] *** End of error message ***
[node002:1358476] [ 3] /lib64/libc.so.6(__libc_start_main+0xf3)[0x14c13d1664a3]
==== backtrace (tid: 573900) ====
 0 0x00000000000201f3 ucs_debug_print_backtrace()  /dev/shm/easybuild/UCX/1.9.0/GCCcore-10.2.0/ucx-1.9.0/src/ucs/debug/debug.c:656
 1 0x0000000000012b30 .annobin_sigaction.c()  sigaction.c:0
 2 0x00000000000663b6 MPI_Alltoallw()  ???:0
 3 0x0000000000401a68 main()  /homedtic/u199149/lab2_T1G12/4_stencil/stencil_alltoallw.c:191
 4 0x00000000000234a3 __libc_start_main()  ???:0
 5 0x000000000040106e _start()  ???:0
=================================
[node002:1358476] [ 4] stencil_alltoallw[0x40106e]
[node002:1358476] *** End of error message ***
[node003:573900] *** Process received signal ***
[node003:573900] Signal: Segmentation fault (11)
[node003:573900] Signal code:  (-6)
[node003:573900] Failing at address: 0xff7760008c1cc
==== backtrace (tid:1358480) ====
 0 0x00000000000201f3 ucs_debug_print_backtrace()  /dev/shm/easybuild/UCX/1.9.0/GCCcore-10.2.0/ucx-1.9.0/src/ucs/debug/debug.c:656
 1 0x0000000000012b30 .annobin_sigaction.c()  sigaction.c:0
 2 0x00000000000663b6 MPI_Alltoallw()  ???:0
 3 0x0000000000401a68 main()  /homedtic/u199149/lab2_T1G12/4_stencil/stencil_alltoallw.c:191
==== backtrace (tid: 573899) ====
 0 0x00000000000201f3 ucs_debug_print_backtrace()  /dev/shm/easybuild/UCX/1.9.0/GCCcore-10.2.0/ucx-1.9.0/src/ucs/debug/debug.c:656
 1 0x0000000000012b30 .annobin_sigaction.c()  sigaction.c:0
 2 0x00000000000663b6 MPI_Alltoallw()  ???:0
 3 0x0000000000401a68 main()  /homedtic/u199149/lab2_T1G12/4_stencil/stencil_alltoallw.c:191
 4 0x00000000000234a3 __libc_start_main()  ???:0
 4 0x00000000000234a3 __libc_start_main()  ???:0
 5 0x000000000040106e _start()  ???:0
[node003:573900] [ 0] /lib64/libpthread.so.0(+0x12b30)[0x14c734185b30]
=================================
 5 0x000000000040106e _start()  ???:0
=================================
==== backtrace (tid:1358483) ====
 0 0x00000000000201f3 ucs_debug_print_backtrace()  /dev/shm/easybuild/UCX/1.9.0/GCCcore-10.2.0/ucx-1.9.0/src/ucs/debug/debug.c:656
 1 0x0000000000012b30 .annobin_sigaction.c()  sigaction.c:0
 2 0x00000000000663b6 MPI_Alltoallw()  ???:0
[node003:573900] [ 1] /soft/easybuild/x86_64/software/OpenMPI/4.1.2-GCC-10.2.0-with-slurm/lib/libmpi.so.40(PMPI_Alltoallw+0x116)[0x14c73572b3b6]
 3 0x0000000000401a68 main()  /homedtic/u199149/lab2_T1G12/4_stencil/stencil_alltoallw.c:191
 4 0x00000000000234a3 __libc_start_main()  ???:0
 5 0x000000000040106e _start()  ???:0
[node003:573899] *** Process received signal ***
[node003:573899] Signal: Segmentation fault (11)
[node003:573899] Signal code:  (-6)
[node003:573899] Failing at address: 0xff7760008c1cb
[node002:1358480] *** Process received signal ***
[node002:1358480] Signal: Segmentation fault (11)
[node002:1358480] Signal code:  (-6)
[node002:1358480] Failing at address: 0xff7760014ba90
[node003:573900] [ 2] stencil_alltoallw[0x401a68]
[node003:573900] [ 3] /lib64/libc.so.6(__libc_start_main+0xf3)[0x14c734ea84a3]
[node003:573900] [ 4] stencil_alltoallw[0x40106e]
[node003:573900] *** End of error message ***
=================================
[node003:573899] [ 0] /lib64/libpthread.so.0(+0x12b30)[0x14f8adb58b30]
[node002:1358483] *** Process received signal ***
[node002:1358483] Signal: Segmentation fault (11)
[node002:1358483] Signal code:  (-6)
[node002:1358483] Failing at address: 0xff7760014ba93
[node003:573899] [ 1] /soft/easybuild/x86_64/software/OpenMPI/4.1.2-GCC-10.2.0-with-slurm/lib/libmpi.so.40(PMPI_Alltoallw+0x116)[0x14f8af0fe3b6]
[node002:1358480] [ 0] /lib64/libpthread.so.0(+0x12b30)[0x14898136bb30]
[node003:573899] [ 2] stencil_alltoallw[0x401a68]
[node002:1358480] [ 1] /soft/easybuild/x86_64/software/OpenMPI/4.1.2-GCC-10.2.0-with-slurm/lib/libmpi.so.40(PMPI_Alltoallw+0x116)[0x1489829103b6]
[node003:573899] [ 3] /lib64/libc.so.6(__libc_start_main+0xf3)[0x14f8ae87b4a3]
[node002:1358480] [ 2] stencil_alltoallw[0x401a68]
[node002:1358480] [ 3] /lib64/libc.so.6(__libc_start_main+0xf3)[0x14898208e4a3]
[node003:573899] [ 4] stencil_alltoallw[0x40106e]
[node003:573899] *** End of error message ***
[node002:1358483] [ 0] /lib64/libpthread.so.0(+0x12b30)[0x1539c8429b30]
[node002:1358483] [ 1] /soft/easybuild/x86_64/software/OpenMPI/4.1.2-GCC-10.2.0-with-slurm/lib/libmpi.so.40(PMPI_Alltoallw+0x116)[0x1539c99ce3b6]
==== backtrace (tid: 573905) ====
 0 0x00000000000201f3 ucs_debug_print_backtrace()  /dev/shm/easybuild/UCX/1.9.0/GCCcore-10.2.0/ucx-1.9.0/src/ucs/debug/debug.c:656
 1 0x0000000000012b30 .annobin_sigaction.c()  sigaction.c:0
 2 0x00000000000663b6 MPI_Alltoallw()  ???:0
 3 0x0000000000401a68 main()  /homedtic/u199149/lab2_T1G12/4_stencil/stencil_alltoallw.c:191
 4 0x00000000000234a3 __libc_start_main()  ???:0
 5 0x000000000040106e _start()  ???:0
[node002:1358480] [ 4] stencil_alltoallw[0x40106e]
[node002:1358480] *** End of error message ***
=================================
[node002:1358483] [ 2] stencil_alltoallw[0x401a68]
[node002:1358483] [ 3] /lib64/libc.so.6(__libc_start_main+0xf3)[0x1539c914c4a3]
[node003:573905] *** Process received signal ***
[node003:573905] Signal: Segmentation fault (11)
[node003:573905] Signal code:  (-6)
[node003:573905] Failing at address: 0xff7760008c1d1
[node002:1358483] [ 4] stencil_alltoallw[0x40106e]
[node002:1358483] *** End of error message ***
==== backtrace (tid: 573897) ====
 0 0x00000000000201f3 ucs_debug_print_backtrace()  /dev/shm/easybuild/UCX/1.9.0/GCCcore-10.2.0/ucx-1.9.0/src/ucs/debug/debug.c:656
 1 0x0000000000012b30 .annobin_sigaction.c()  sigaction.c:0
 2 0x00000000000663b6 MPI_Alltoallw()  ???:0
 3 0x0000000000401a68 main()  /homedtic/u199149/lab2_T1G12/4_stencil/stencil_alltoallw.c:191
 4 0x00000000000234a3 __libc_start_main()  ???:0
 5 0x000000000040106e _start()  ???:0
==== backtrace (tid:1358472) ====
 0 0x00000000000201f3 ucs_debug_print_backtrace()  /dev/shm/easybuild/UCX/1.9.0/GCCcore-10.2.0/ucx-1.9.0/src/ucs/debug/debug.c:656
 1 0x0000000000012b30 .annobin_sigaction.c()  sigaction.c:0
 2 0x00000000000663b6 MPI_Alltoallw()  ???:0
 3 0x0000000000401a68 main()  /homedtic/u199149/lab2_T1G12/4_stencil/stencil_alltoallw.c:191
 4 0x00000000000234a3 __libc_start_main()  ???:0
 5 0x000000000040106e _start()  ???:0
==== backtrace (tid: 573901) ====
 0 0x00000000000201f3 ucs_debug_print_backtrace()  /dev/shm/easybuild/UCX/1.9.0/GCCcore-10.2.0/ucx-1.9.0/src/ucs/debug/debug.c:656
 1 0x0000000000012b30 .annobin_sigaction.c()  sigaction.c:0
 2 0x00000000000663b6 MPI_Alltoallw()  ???:0
 3 0x0000000000401a68 main()  /homedtic/u199149/lab2_T1G12/4_stencil/stencil_alltoallw.c:191
 4 0x00000000000234a3 __libc_start_main()  ???:0
 5 0x000000000040106e _start()  ???:0
=================================
=================================
==== backtrace (tid:1358477) ====
 0 0x00000000000201f3 ucs_debug_print_backtrace()  /dev/shm/easybuild/UCX/1.9.0/GCCcore-10.2.0/ucx-1.9.0/src/ucs/debug/debug.c:656
 1 0x0000000000012b30 .annobin_sigaction.c()  sigaction.c:0
 2 0x00000000000663b6 MPI_Alltoallw()  ???:0
 3 0x0000000000401a68 main()  /homedtic/u199149/lab2_T1G12/4_stencil/stencil_alltoallw.c:191
 4 0x00000000000234a3 __libc_start_main()  ???:0
 5 0x000000000040106e _start()  ???:0
=================================
=================================
[node002:1358472] *** Process received signal ***
[node002:1358472] Signal: Segmentation fault (11)
[node002:1358472] Signal code:  (-6)
[node002:1358472] Failing at address: 0xff7760014ba88
==== backtrace (tid: 573898) ====
 0 0x00000000000201f3 ucs_debug_print_backtrace()  /dev/shm/easybuild/UCX/1.9.0/GCCcore-10.2.0/ucx-1.9.0/src/ucs/debug/debug.c:656
 1 0x0000000000012b30 .annobin_sigaction.c()  sigaction.c:0
 2 0x00000000000663b6 MPI_Alltoallw()  ???:0
 3 0x0000000000401a68 main()  /homedtic/u199149/lab2_T1G12/4_stencil/stencil_alltoallw.c:191
[node002:1358477] *** Process received signal ***
[node002:1358477] Signal: Segmentation fault (11)
[node002:1358477] Signal code:  (-6)
[node002:1358477] Failing at address: 0xff7760014ba8d
 4 0x00000000000234a3 __libc_start_main()  ???:0
 5 0x000000000040106e _start()  ???:0
=================================
[node002:1358477] [ 0] /lib64/libpthread.so.0(+0x12b30)[0x14d82785ab30]
[node003:573897] *** Process received signal ***
[node003:573897] Signal: Segmentation fault (11)
[node003:573897] Signal code:  (-6)
[node003:573897] Failing at address: 0xff7760008c1c9
[node002:1358472] [ 0] /lib64/libpthread.so.0(+0x12b30)[0x14e770f59b30]
[node002:1358472] [ 1] /soft/easybuild/x86_64/software/OpenMPI/4.1.2-GCC-10.2.0-with-slurm/lib/libmpi.so.40(PMPI_Alltoallw+0x116)[0x14e7724fe3b6]
[node002:1358472] [ 2] stencil_alltoallw[0x401a68]
[node003:573901] *** Process received signal ***
[node002:1358477] [ 1] /soft/easybuild/x86_64/software/OpenMPI/4.1.2-GCC-10.2.0-with-slurm/lib/libmpi.so.40(PMPI_Alltoallw+0x116)[0x14d828dff3b6]
[node002:1358477] [ 2] stencil_alltoallw[0x401a68]
[node002:1358477] [ 3] /lib64/libc.so.6(__libc_start_main+0xf3)[0x14d82857d4a3]
[node002:1358477] [ 4] stencil_alltoallw[0x40106e]
[node002:1358477] *** End of error message ***
[node003:573898] *** Process received signal ***
[node003:573898] Signal: Segmentation fault (11)
[node003:573898] Signal code:  (-6)
[node003:573898] Failing at address: 0xff7760008c1ca
[node002:1358472] [ 3] /lib64/libc.so.6(__libc_start_main+0xf3)[0x14e771c7c4a3]
[node002:1358472] [ 4] stencil_alltoallw[0x40106e]
[node002:1358472] *** End of error message ***
[node003:573901] Signal: Segmentation fault (11)
[node003:573901] Signal code:  (-6)
[node003:573901] Failing at address: 0xff7760008c1cd
==== backtrace (tid:1358478) ====
 0 0x00000000000201f3 ucs_debug_print_backtrace()  /dev/shm/easybuild/UCX/1.9.0/GCCcore-10.2.0/ucx-1.9.0/src/ucs/debug/debug.c:656
 1 0x0000000000012b30 .annobin_sigaction.c()  sigaction.c:0
 2 0x00000000000663b6 MPI_Alltoallw()  ???:0
 3 0x0000000000401a68 main()  /homedtic/u199149/lab2_T1G12/4_stencil/stencil_alltoallw.c:191
 4 0x00000000000234a3 __libc_start_main()  ???:0
 5 0x000000000040106e _start()  ???:0
==== backtrace (tid: 573888) ====
 0 0x00000000000201f3 ucs_debug_print_backtrace()  /dev/shm/easybuild/UCX/1.9.0/GCCcore-10.2.0/ucx-1.9.0/src/ucs/debug/debug.c:656
 1 0x0000000000012b30 .annobin_sigaction.c()  sigaction.c:0
=================================
 2 0x00000000000663b6 MPI_Alltoallw()  ???:0
 3 0x0000000000401a68 main()  /homedtic/u199149/lab2_T1G12/4_stencil/stencil_alltoallw.c:191
 4 0x00000000000234a3 __libc_start_main()  ???:0
 5 0x000000000040106e _start()  ???:0
=================================
[node002:1358478] *** Process received signal ***
[node003:573897] [ 0] /lib64/libpthread.so.0(+0x12b30)[0x146a80166b30]
[node002:1358478] Signal: Segmentation fault (11)
[node002:1358478] Signal code:  (-6)
[node002:1358478] Failing at address: 0xff7760014ba8e
[node003:573905] [ 0] /lib64/libpthread.so.0(+0x12b30)[0x149138bd2b30]
==== backtrace (tid:1358452) ====
 0 0x00000000000201f3 ucs_debug_print_backtrace()  /dev/shm/easybuild/UCX/1.9.0/GCCcore-10.2.0/ucx-1.9.0/src/ucs/debug/debug.c:656
 1 0x0000000000012b30 .annobin_sigaction.c()  sigaction.c:0
 2 0x00000000000663b6 MPI_Alltoallw()  ???:0
 3 0x0000000000401ac5 main()  /homedtic/u199149/lab2_T1G12/4_stencil/stencil_alltoallw.c:194
 4 0x00000000000234a3 __libc_start_main()  ???:0
 5 0x000000000040106e _start()  ???:0
=================================
[node003:573897] [ 1] /soft/easybuild/x86_64/software/OpenMPI/4.1.2-GCC-10.2.0-with-slurm/lib/libmpi.so.40(PMPI_Alltoallw+0x116)[0x146a8170c3b6]
[node002:1358478] [ 0] /lib64/libpthread.so.0(+0x12b30)[0x1462f0c00b30]
[node003:573905] [ 1] /soft/easybuild/x86_64/software/OpenMPI/4.1.2-GCC-10.2.0-with-slurm/lib/libmpi.so.40(PMPI_Alltoallw+0x116)[0x14913a1783b6]
[node002:1358452] *** Process received signal ***
[node002:1358452] Signal: Segmentation fault (11)
[node002:1358452] Signal code:  (-6)
[node002:1358452] Failing at address: 0xff7760014ba74
[node003:573897] [ 2] stencil_alltoallw[0x401a68]
[node002:1358478] [ 1] /soft/easybuild/x86_64/software/OpenMPI/4.1.2-GCC-10.2.0-with-slurm/lib/libmpi.so.40(PMPI_Alltoallw+0x116)[0x1462f21a53b6]
[node002:1358478] [ 2] stencil_alltoallw[0x401a68]
[node002:1358478] [ 3] /lib64/libc.so.6(__libc_start_main+0xf3)[0x1462f19234a3]
[node003:573888] *** Process received signal ***
[node003:573888] Signal: Segmentation fault (11)
[node003:573888] Signal code:  (-6)
[node003:573888] Failing at address: 0xff7760008c1c0
[node002:1358452] [ 0] /lib64/libpthread.so.0(+0x12b30)[0x14e3e3e75b30]
[node002:1358452] [ 1] /soft/easybuild/x86_64/software/OpenMPI/4.1.2-GCC-10.2.0-with-slurm/lib/libmpi.so.40(PMPI_Alltoallw+0x116)[0x14e3e541a3b6]
[node002:1358452] [ 2] stencil_alltoallw[0x401ac5]
[node003:573897] [ 3] /lib64/libc.so.6(__libc_start_main+0xf3)[0x146a80e894a3]
[node003:573897] [ 4] stencil_alltoallw[0x40106e]
[node003:573897] *** End of error message ***
[node002:1358478] [ 4] stencil_alltoallw[0x40106e]
[node002:1358478] *** End of error message ***
[node003:573901] [ 0] /lib64/libpthread.so.0(+0x12b30)[0x14a45dd82b30]
[node003:573901] [ 1] /soft/easybuild/x86_64/software/OpenMPI/4.1.2-GCC-10.2.0-with-slurm/lib/libmpi.so.40(PMPI_Alltoallw+0x116)[0x14a45f3283b6]
[node002:1358452] [ 3] /lib64/libc.so.6(__libc_start_main+0xf3)[0x14e3e4b984a3]
[node002:1358452] [ 4] stencil_alltoallw[0x40106e]
[node002:1358452] *** End of error message ***
[node003:573905] [ 2] stencil_alltoallw[0x401a68]
[node003:573905] [ 3] /lib64/libc.so.6(__libc_start_main+0xf3)[0x1491398f54a3]
==== backtrace (tid:1358481) ====
 0 0x00000000000201f3 ucs_debug_print_backtrace()  /dev/shm/easybuild/UCX/1.9.0/GCCcore-10.2.0/ucx-1.9.0/src/ucs/debug/debug.c:656
 1 0x0000000000012b30 .annobin_sigaction.c()  sigaction.c:0
 2 0x00000000000663b6 MPI_Alltoallw()  ???:0
 3 0x0000000000401a68 main()  /homedtic/u199149/lab2_T1G12/4_stencil/stencil_alltoallw.c:191
 4 0x00000000000234a3 __libc_start_main()  ???:0
 5 0x000000000040106e _start()  ???:0
=================================
[node003:573901] [ 2] stencil_alltoallw[0x401a68]
[node002:1358481] *** Process received signal ***
[node002:1358481] Signal: Segmentation fault (11)
[node002:1358481] Signal code:  (-6)
[node002:1358481] Failing at address: 0xff7760014ba91
[node003:573898] [ 0] /lib64/libpthread.so.0(+0x12b30)[0x1462834c6b30]
[node003:573898] [ 1] /soft/easybuild/x86_64/software/OpenMPI/4.1.2-GCC-10.2.0-with-slurm/lib/libmpi.so.40(PMPI_Alltoallw+0x116)[0x146284a6c3b6]
[node002:1358481] [ 0] /lib64/libpthread.so.0(+0x12b30)[0x14745d2dab30]
[node003:573901] [ 3] /lib64/libc.so.6(__libc_start_main+0xf3)[0x14a45eaa54a3]
[node002:1358481] [ 1] /soft/easybuild/x86_64/software/OpenMPI/4.1.2-GCC-10.2.0-with-slurm/lib/libmpi.so.40(PMPI_Alltoallw+0x116)[0x14745e87f3b6]
[node002:1358481] [ 2] stencil_alltoallw[0x401a68]
[node003:573905] [ 4] stencil_alltoallw[0x40106e]
[node003:573905] *** End of error message ***
[node002:1358481] [ 3] /lib64/libc.so.6(__libc_start_main+0xf3)[0x14745dffd4a3]
[node002:1358481] [ 4] stencil_alltoallw[0x40106e]
[node002:1358481] *** End of error message ***
[node003:573898] [ 2] stencil_alltoallw[0x401a68]
==== backtrace (tid:1358482) ====
 0 0x00000000000201f3 ucs_debug_print_backtrace()  /dev/shm/easybuild/UCX/1.9.0/GCCcore-10.2.0/ucx-1.9.0/src/ucs/debug/debug.c:656
 1 0x0000000000012b30 .annobin_sigaction.c()  sigaction.c:0
 2 0x00000000000663b6 MPI_Alltoallw()  ???:0
 3 0x0000000000401a68 main()  /homedtic/u199149/lab2_T1G12/4_stencil/stencil_alltoallw.c:191
 4 0x00000000000234a3 __libc_start_main()  ???:0
[node003:573901] [ 4] stencil_alltoallw[0x40106e]
[node003:573901] *** End of error message ***
 5 0x000000000040106e _start()  ???:0
=================================
[node003:573898] [ 3] /lib64/libc.so.6(__libc_start_main+0xf3)[0x1462841e94a3]
[node003:573898] [ 4] stencil_alltoallw[0x40106e]
[node003:573898] *** End of error message ***
[node002:1358482] *** Process received signal ***
[node002:1358482] Signal: Segmentation fault (11)
[node002:1358482] Signal code:  (-6)
[node002:1358482] Failing at address: 0xff7760014ba92
[node003:573888] [ 0] /lib64/libpthread.so.0(+0x12b30)[0x146193202b30]
[node002:1358482] [ 0] /lib64/libpthread.so.0(+0x12b30)[0x14ebc1c9eb30]
[node003:573888] [ 1] /soft/easybuild/x86_64/software/OpenMPI/4.1.2-GCC-10.2.0-with-slurm/lib/libmpi.so.40(PMPI_Alltoallw+0x116)[0x1461947a83b6]
[node003:573888] [ 2] stencil_alltoallw[0x401a68]
[node002:1358482] [ 1] /soft/easybuild/x86_64/software/OpenMPI/4.1.2-GCC-10.2.0-with-slurm/lib/libmpi.so.40(PMPI_Alltoallw+0x116)[0x14ebc32433b6]
[node002:1358482] [ 2] stencil_alltoallw[0x401a68]
[node003:573888] [ 3] /lib64/libc.so.6(__libc_start_main+0xf3)[0x146193f254a3]
[node003:573888] [ 4] stencil_alltoallw[0x40106e]
[node003:573888] *** End of error message ***
[node002:1358482] [ 3] /lib64/libc.so.6(__libc_start_main+0xf3)[0x14ebc29c14a3]
[node002:1358482] [ 4] stencil_alltoallw[0x40106e]
[node002:1358482] *** End of error message ***
==== backtrace (tid: 573904) ====
 0 0x00000000000201f3 ucs_debug_print_backtrace()  /dev/shm/easybuild/UCX/1.9.0/GCCcore-10.2.0/ucx-1.9.0/src/ucs/debug/debug.c:656
 1 0x0000000000012b30 .annobin_sigaction.c()  sigaction.c:0
 2 0x00000000000663b6 MPI_Alltoallw()  ???:0
 3 0x0000000000401a68 main()  /homedtic/u199149/lab2_T1G12/4_stencil/stencil_alltoallw.c:191
 4 0x00000000000234a3 __libc_start_main()  ???:0
 5 0x000000000040106e _start()  ???:0
=================================
[node003:573904] *** Process received signal ***
[node003:573904] Signal: Segmentation fault (11)
[node003:573904] Signal code:  (-6)
[node003:573904] Failing at address: 0xff7760008c1d0
==== backtrace (tid: 573902) ====
 0 0x00000000000201f3 ucs_debug_print_backtrace()  /dev/shm/easybuild/UCX/1.9.0/GCCcore-10.2.0/ucx-1.9.0/src/ucs/debug/debug.c:656
 1 0x0000000000012b30 .annobin_sigaction.c()  sigaction.c:0
 2 0x00000000000663b6 MPI_Alltoallw()  ???:0
 3 0x0000000000401a68 main()  /homedtic/u199149/lab2_T1G12/4_stencil/stencil_alltoallw.c:191
 4 0x00000000000234a3 __libc_start_main()  ???:0
 5 0x000000000040106e _start()  ???:0
=================================
[node003:573904] [ 0] /lib64/libpthread.so.0(+0x12b30)[0x154267538b30]
[node003:573904] [ 1] /soft/easybuild/x86_64/software/OpenMPI/4.1.2-GCC-10.2.0-with-slurm/lib/libmpi.so.40(PMPI_Alltoallw+0x116)[0x154268ade3b6]
[node003:573902] *** Process received signal ***
[node003:573902] Signal: Segmentation fault (11)
[node003:573902] Signal code:  (-6)
[node003:573902] Failing at address: 0xff7760008c1ce
[node003:573904] [ 2] stencil_alltoallw[0x401a68]
[node003:573904] [ 3] /lib64/libc.so.6(__libc_start_main+0xf3)[0x15426825b4a3]
[node003:573904] [ 4] stencil_alltoallw[0x40106e]
[node003:573904] *** End of error message ***
[node003:573902] [ 0] /lib64/libpthread.so.0(+0x12b30)[0x146911abdb30]
==== backtrace (tid: 573903) ====
 0 0x00000000000201f3 ucs_debug_print_backtrace()  /dev/shm/easybuild/UCX/1.9.0/GCCcore-10.2.0/ucx-1.9.0/src/ucs/debug/debug.c:656
 1 0x0000000000012b30 .annobin_sigaction.c()  sigaction.c:0
 2 0x00000000000663b6 MPI_Alltoallw()  ???:0
 3 0x0000000000401a68 main()  /homedtic/u199149/lab2_T1G12/4_stencil/stencil_alltoallw.c:191
 4 0x00000000000234a3 __libc_start_main()  ???:0
 5 0x000000000040106e _start()  ???:0
=================================
[node003:573902] [ 1] /soft/easybuild/x86_64/software/OpenMPI/4.1.2-GCC-10.2.0-with-slurm/lib/libmpi.so.40(PMPI_Alltoallw+0x116)[0x1469130633b6]
[node003:573902] [ 2] stencil_alltoallw[0x401a68]
[node003:573902] [ 3] /lib64/libc.so.6(__libc_start_main+0xf3)[0x1469127e04a3]
[node003:573902] [ 4] stencil_alltoallw[0x40106e]
[node003:573902] *** End of error message ***
[node003:573903] *** Process received signal ***
[node003:573903] Signal: Segmentation fault (11)
[node003:573903] Signal code:  (-6)
[node003:573903] Failing at address: 0xff7760008c1cf
[node003:573903] [ 0] /lib64/libpthread.so.0(+0x12b30)[0x14b35f513b30]
[node003:573903] [ 1] /soft/easybuild/x86_64/software/OpenMPI/4.1.2-GCC-10.2.0-with-slurm/lib/libmpi.so.40(PMPI_Alltoallw+0x116)[0x14b360ab93b6]
[node003:573903] [ 2] stencil_alltoallw[0x401a68]
[node003:573903] [ 3] /lib64/libc.so.6(__libc_start_main+0xf3)[0x14b3602364a3]
[node003:573903] [ 4] stencil_alltoallw[0x40106e]
[node003:573903] *** End of error message ***
==== backtrace (tid: 573874) ====
 0 0x00000000000201f3 ucs_debug_print_backtrace()  /dev/shm/easybuild/UCX/1.9.0/GCCcore-10.2.0/ucx-1.9.0/src/ucs/debug/debug.c:656
 1 0x0000000000012b30 .annobin_sigaction.c()  sigaction.c:0
 2 0x00000000000663b6 MPI_Alltoallw()  ???:0
 3 0x0000000000401a68 main()  /homedtic/u199149/lab2_T1G12/4_stencil/stencil_alltoallw.c:191
 4 0x00000000000234a3 __libc_start_main()  ???:0
 5 0x000000000040106e _start()  ???:0
=================================
[node003:573874] *** Process received signal ***
[node003:573874] Signal: Segmentation fault (11)
[node003:573874] Signal code:  (-6)
[node003:573874] Failing at address: 0xff7760008c1b2
[node003:573874] [ 0] /lib64/libpthread.so.0(+0x12b30)[0x14bcd037ab30]
[node003:573874] [ 1] /soft/easybuild/x86_64/software/OpenMPI/4.1.2-GCC-10.2.0-with-slurm/lib/libmpi.so.40(PMPI_Alltoallw+0x116)[0x14bcd19203b6]
[node003:573874] [ 2] stencil_alltoallw[0x401a68]
[node003:573874] [ 3] /lib64/libc.so.6(__libc_start_main+0xf3)[0x14bcd109d4a3]
[node003:573874] [ 4] stencil_alltoallw[0x40106e]
[node003:573874] *** End of error message ***
