[node003:567622:0:567622] Caught signal 11 (Segmentation fault: address not mapped to object at address 0x800000010)
[node003:567623:0:567623] Caught signal 11 (Segmentation fault: address not mapped to object at address 0x800000010)
[node002:1350794:0:1350794] Caught signal 11 (Segmentation fault: address not mapped to object at address 0x800000010)
==== backtrace (tid: 567622) ====
 0 0x00000000000201f3 ucs_debug_print_backtrace()  /dev/shm/easybuild/UCX/1.9.0/GCCcore-10.2.0/ucx-1.9.0/src/ucs/debug/debug.c:656
 1 0x0000000000012b30 .annobin_sigaction.c()  sigaction.c:0
 2 0x00000000000663b6 MPI_Alltoallw()  ???:0
 3 0x0000000000401a00 main()  /homedtic/u199149/lab2_T1G12/4_stencil/stencil_alltoallw.c:159
 4 0x00000000000234a3 __libc_start_main()  ???:0
 5 0x000000000040106e _start()  ???:0
=================================
==== backtrace (tid:1350794) ====
 0 0x00000000000201f3 ucs_debug_print_backtrace()  /dev/shm/easybuild/UCX/1.9.0/GCCcore-10.2.0/ucx-1.9.0/src/ucs/debug/debug.c:656
 1 0x0000000000012b30 .annobin_sigaction.c()  sigaction.c:0
 2 0x00000000000663b6 MPI_Alltoallw()  ???:0
 3 0x0000000000401a5a main()  /homedtic/u199149/lab2_T1G12/4_stencil/stencil_alltoallw.c:162
 4 0x00000000000234a3 __libc_start_main()  ???:0
 5 0x000000000040106e _start()  ???:0
[node003:567622] *** Process received signal ***
[node003:567622] Signal: Segmentation fault (11)
[node003:567622] Signal code:  (-6)
[node003:567622] Failing at address: 0xff7760008a946
=================================
[node003:567622] [ 0] /lib64/libpthread.so.0(+0x12b30)[0x14eb92891b30]
[node002:1350794] *** Process received signal ***
[node002:1350794] Signal: Segmentation fault (11)
[node002:1350794] Signal code:  (-6)
[node002:1350794] Failing at address: 0xff77600149c8a
[node003:567622] [ 1] /soft/easybuild/x86_64/software/OpenMPI/4.1.2-GCC-10.2.0-with-slurm/lib/libmpi.so.40(PMPI_Alltoallw+0x116)[0x14eb93e373b6]
[node002:1350794] [ 0] /lib64/libpthread.so.0(+0x12b30)[0x145b2e130b30]
[node003:567622] [ 2] stencil_alltoallw[0x401a00]
[node002:1350794] [ 1] /soft/easybuild/x86_64/software/OpenMPI/4.1.2-GCC-10.2.0-with-slurm/lib/libmpi.so.40(PMPI_Alltoallw+0x116)[0x145b2f6d53b6]
[node002:1350794] [ 2] stencil_alltoallw[0x401a5a]
[node003:567622] [ 3] /lib64/libc.so.6(__libc_start_main+0xf3)[0x14eb935b44a3]
[node002:1350794] [ 3] /lib64/libc.so.6(__libc_start_main+0xf3)[0x145b2ee534a3]
[node002:1350794] [ 4] stencil_alltoallw[0x40106e]
[node003:567622] [ 4] stencil_alltoallw[0x40106e]
[node003:567622] *** End of error message ***
[node002:1350794] *** End of error message ***
==== backtrace (tid: 567623) ====
 0 0x00000000000201f3 ucs_debug_print_backtrace()  /dev/shm/easybuild/UCX/1.9.0/GCCcore-10.2.0/ucx-1.9.0/src/ucs/debug/debug.c:656
 1 0x0000000000012b30 .annobin_sigaction.c()  sigaction.c:0
 2 0x00000000000663b6 MPI_Alltoallw()  ???:0
 3 0x0000000000401a00 main()  /homedtic/u199149/lab2_T1G12/4_stencil/stencil_alltoallw.c:159
 4 0x00000000000234a3 __libc_start_main()  ???:0
 5 0x000000000040106e _start()  ???:0
=================================
[node003:567623] *** Process received signal ***
[node003:567623] Signal: Segmentation fault (11)
[node003:567623] Signal code:  (-6)
[node003:567623] Failing at address: 0xff7760008a947
[node003:567623] [ 0] /lib64/libpthread.so.0(+0x12b30)[0x1456d5087b30]
[node002:1350799:0:1350799] Caught signal 11 (Segmentation fault: address not mapped to object at address 0x800000010)
[node003:567623] [ 1] /soft/easybuild/x86_64/software/OpenMPI/4.1.2-GCC-10.2.0-with-slurm/lib/libmpi.so.40(PMPI_Alltoallw+0x116)[0x1456d662d3b6]
[node003:567623] [ 2] stencil_alltoallw[0x401a00]
[node003:567623] [ 3] /lib64/libc.so.6(__libc_start_main+0xf3)[0x1456d5daa4a3]
[node003:567623] [ 4] stencil_alltoallw[0x40106e]
[node003:567623] *** End of error message ***
[node002:1350801:0:1350801] Caught signal 11 (Segmentation fault: address not mapped to object at address 0x800000010)
==== backtrace (tid:1350799) ====
 0 0x00000000000201f3 ucs_debug_print_backtrace()  /dev/shm/easybuild/UCX/1.9.0/GCCcore-10.2.0/ucx-1.9.0/src/ucs/debug/debug.c:656
 1 0x0000000000012b30 .annobin_sigaction.c()  sigaction.c:0
 2 0x00000000000663b6 MPI_Alltoallw()  ???:0
 3 0x0000000000401a5a main()  /homedtic/u199149/lab2_T1G12/4_stencil/stencil_alltoallw.c:162
 4 0x00000000000234a3 __libc_start_main()  ???:0
 5 0x000000000040106e _start()  ???:0
=================================
[node003:567627:0:567627] Caught signal 11 (Segmentation fault: address not mapped to object at address 0x800000010)
[node002:1350799] *** Process received signal ***
[node002:1350799] Signal: Segmentation fault (11)
[node002:1350799] Signal code:  (-6)
[node002:1350799] Failing at address: 0xff77600149c8f
[node002:1350799] [ 0] /lib64/libpthread.so.0(+0x12b30)[0x14f8712a3b30]
[node002:1350799] [ 1] /soft/easybuild/x86_64/software/OpenMPI/4.1.2-GCC-10.2.0-with-slurm/lib/libmpi.so.40(PMPI_Alltoallw+0x116)[0x14f8728483b6]
[node002:1350799] [ 2] stencil_alltoallw[0x401a5a]
[node003:567628:0:567628] Caught signal 11 (Segmentation fault: address not mapped to object at address 0x800000010)
[node002:1350799] [ 3] /lib64/libc.so.6(__libc_start_main+0xf3)[0x14f871fc64a3]
[node002:1350799] [ 4] stencil_alltoallw[0x40106e]
[node002:1350799] *** End of error message ***
[node002:1350803:0:1350803] Caught signal 11 (Segmentation fault: address not mapped to object at address 0x800000010)
[node003:567630:0:567630] Caught signal 11 (Segmentation fault: address not mapped to object at address 0x800000010)
[node003:567631:0:567631] Caught signal 11 (Segmentation fault: address not mapped to object at address 0x800000010)
[node002:1350804:0:1350804] Caught signal 11 (Segmentation fault: address not mapped to object at address 0x800000010)
[node003:567632:0:567632] Caught signal 11 (Segmentation fault: address not mapped to object at address 0x800000010)
[node002:1350805:0:1350805] Caught signal 11 (Segmentation fault: address not mapped to object at address 0x800000010)
[node003:567633:0:567633] Caught signal 11 (Segmentation fault: address not mapped to object at address 0x800000010)
[node002:1350806:0:1350806] Caught signal 11 (Segmentation fault: address not mapped to object at address 0x800000010)
[node003:567634:0:567634] Caught signal 11 (Segmentation fault: address not mapped to object at address 0x800000010)
[node002:1350807:0:1350807] Caught signal 11 (Segmentation fault: address not mapped to object at address 0x800000010)
[node003:567636:0:567636] Caught signal 11 (Segmentation fault: address not mapped to object at address 0x800000010)
[node002:1350808:0:1350808] Caught signal 11 (Segmentation fault: address not mapped to object at address 0x800000010)
[node003:567635:0:567635] Caught signal 11 (Segmentation fault: address not mapped to object at address 0x800000010)
[node002:1350809:0:1350809] Caught signal 11 (Segmentation fault: address not mapped to object at address 0x800000010)
[node003:567637:0:567637] Caught signal 11 (Segmentation fault: address not mapped to object at address 0x800000010)
srun: error: node002: tasks 0-1,18,20,24-25,27-31: Segmentation fault (core dumped)
[node002:1350810:0:1350810] Caught signal 11 (Segmentation fault: address not mapped to object at address 0x800000010)
srun: error: node003: tasks 32,55,58-63: Segmentation fault (core dumped)
[node002:1350811:0:1350811] Caught signal 11 (Segmentation fault: address not mapped to object at address 0x800000011)
[node003:567639:0:567639] Caught signal 11 (Segmentation fault: address not mapped to object at address 0x800000010)
[node003:567638:0:567638] Caught signal 11 (Segmentation fault: address not mapped to object at address 0x800000010)
[node002:1350812:0:1350812] Caught signal 11 (Segmentation fault: address not mapped to object at address 0x800000010)
==== backtrace (tid: 567628) ====
 0 0x00000000000201f3 ucs_debug_print_backtrace()  /dev/shm/easybuild/UCX/1.9.0/GCCcore-10.2.0/ucx-1.9.0/src/ucs/debug/debug.c:656
 1 0x0000000000012b30 .annobin_sigaction.c()  sigaction.c:0
 2 0x00000000000663b6 MPI_Alltoallw()  ???:0
 3 0x0000000000401a00 main()  /homedtic/u199149/lab2_T1G12/4_stencil/stencil_alltoallw.c:159
 4 0x00000000000234a3 __libc_start_main()  ???:0
 5 0x000000000040106e _start()  ???:0
=================================
[node003:567628] *** Process received signal ***
[node003:567628] Signal: Segmentation fault (11)
[node003:567628] Signal code:  (-6)
[node003:567628] Failing at address: 0xff7760008a94c
[node003:567628] [ 0] /lib64/libpthread.so.0(+0x12b30)[0x1479c1695b30]
[node002:1350815:0:1350815] Caught signal 11 (Segmentation fault: address not mapped to object at address 0x800000010)
[node003:567628] [ 1] /soft/easybuild/x86_64/software/OpenMPI/4.1.2-GCC-10.2.0-with-slurm/lib/libmpi.so.40(PMPI_Alltoallw+0x116)[0x1479c2c3b3b6]
[node003:567628] [ 2] stencil_alltoallw[0x401a00]
[node003:567628] [ 3] /lib64/libc.so.6(__libc_start_main+0xf3)[0x1479c23b84a3]
[node003:567628] [ 4] stencil_alltoallw[0x40106e]
[node003:567628] *** End of error message ***
srun: error: node002: tasks 7,9: Segmentation fault (core dumped)
==== backtrace (tid:1350801) ====
 0 0x00000000000201f3 ucs_debug_print_backtrace()  /dev/shm/easybuild/UCX/1.9.0/GCCcore-10.2.0/ucx-1.9.0/src/ucs/debug/debug.c:656
 1 0x0000000000012b30 .annobin_sigaction.c()  sigaction.c:0
 2 0x00000000000663b6 MPI_Alltoallw()  ???:0
 3 0x0000000000401a00 main()  /homedtic/u199149/lab2_T1G12/4_stencil/stencil_alltoallw.c:159
 4 0x00000000000234a3 __libc_start_main()  ???:0
 5 0x000000000040106e _start()  ???:0
=================================
srun: error: node003: tasks 33-35,52-53,57: Segmentation fault (core dumped)
==== backtrace (tid: 567627) ====
 0 0x00000000000201f3 ucs_debug_print_backtrace()  /dev/shm/easybuild/UCX/1.9.0/GCCcore-10.2.0/ucx-1.9.0/src/ucs/debug/debug.c:656
 1 0x0000000000012b30 .annobin_sigaction.c()  sigaction.c:0
 2 0x00000000000663b6 MPI_Alltoallw()  ???:0
 3 0x0000000000401a00 main()  /homedtic/u199149/lab2_T1G12/4_stencil/stencil_alltoallw.c:159
 4 0x00000000000234a3 __libc_start_main()  ???:0
 5 0x000000000040106e _start()  ???:0
[node002:1350813:0:1350813] Caught signal 11 (Segmentation fault: address not mapped to object at address 0x800000010)
=================================
[node003:567627] *** Process received signal ***
[node003:567627] Signal: Segmentation fault (11)
[node003:567627] Signal code:  (-6)
[node003:567627] Failing at address: 0xff7760008a94b
[node002:1350814:0:1350814] Caught signal 11 (Segmentation fault: address not mapped to object at address 0x800000010)
[node003:567627] [ 0] /lib64/libpthread.so.0(+0x12b30)[0x14ac5e26eb30]
[node002:1350801] *** Process received signal ***
[node002:1350801] Signal: Segmentation fault (11)
[node002:1350801] Signal code:  (-6)
[node002:1350801] Failing at address: 0xff77600149c91
[node003:567627] [ 1] /soft/easybuild/x86_64/software/OpenMPI/4.1.2-GCC-10.2.0-with-slurm/lib/libmpi.so.40(PMPI_Alltoallw+0x116)[0x14ac5f8143b6]
[node003:567627] [ 2] stencil_alltoallw[0x401a00]
[node002:1350801] [ 0] /lib64/libpthread.so.0(+0x12b30)[0x14a3c7341b30]
[node003:567627] [ 3] /lib64/libc.so.6(__libc_start_main+0xf3)[0x14ac5ef914a3]
[node003:567627] [ 4] stencil_alltoallw[0x40106e]
[node003:567627] *** End of error message ***
srun: error: node003: task 36: Segmentation fault (core dumped)
[node002:1350801] [ 1] /soft/easybuild/x86_64/software/OpenMPI/4.1.2-GCC-10.2.0-with-slurm/lib/libmpi.so.40(PMPI_Alltoallw+0x116)[0x14a3c88e63b6]
[node002:1350801] [ 2] stencil_alltoallw[0x401a00]
==== backtrace (tid: 567631) ====
 0 0x00000000000201f3 ucs_debug_print_backtrace()  /dev/shm/easybuild/UCX/1.9.0/GCCcore-10.2.0/ucx-1.9.0/src/ucs/debug/debug.c:656
 1 0x0000000000012b30 .annobin_sigaction.c()  sigaction.c:0
 2 0x00000000000663b6 MPI_Alltoallw()  ???:0
 3 0x0000000000401a00 main()  /homedtic/u199149/lab2_T1G12/4_stencil/stencil_alltoallw.c:159
 4 0x00000000000234a3 __libc_start_main()  ???:0
 5 0x000000000040106e _start()  ???:0
[node002:1350801] [ 3] /lib64/libc.so.6(__libc_start_main+0xf3)[0x14a3c80644a3]
[node002:1350801] [ 4] stencil_alltoallw[0x40106e]
[node002:1350801] *** End of error message ***
=================================
srun: error: node002: tasks 3,6,8: Segmentation fault (core dumped)
[node003:567631] *** Process received signal ***
[node003:567631] Signal: Segmentation fault (11)
[node003:567631] Signal code:  (-6)
[node003:567631] Failing at address: 0xff7760008a94f
[node003:567631] [ 0] /lib64/libpthread.so.0(+0x12b30)[0x14c44bcd1b30]
[node003:567631] [ 1] /soft/easybuild/x86_64/software/OpenMPI/4.1.2-GCC-10.2.0-with-slurm/lib/libmpi.so.40(PMPI_Alltoallw+0x116)[0x14c44d2773b6]
[node002:1350816:0:1350816] Caught signal 11 (Segmentation fault: address not mapped to object at address 0x800000010)
[node003:567631] [ 2] stencil_alltoallw[0x401a00]
[node003:567631] [ 3] /lib64/libc.so.6(__libc_start_main+0xf3)[0x14c44c9f44a3]
[node003:567631] [ 4] stencil_alltoallw[0x40106e]
[node003:567631] *** End of error message ***
==== backtrace (tid: 567639) ====
 0 0x00000000000201f3 ucs_debug_print_backtrace()  /dev/shm/easybuild/UCX/1.9.0/GCCcore-10.2.0/ucx-1.9.0/src/ucs/debug/debug.c:656
 1 0x0000000000012b30 .annobin_sigaction.c()  sigaction.c:0
 2 0x00000000000663b6 MPI_Alltoallw()  ???:0
 3 0x0000000000401a00 main()  /homedtic/u199149/lab2_T1G12/4_stencil/stencil_alltoallw.c:159
 4 0x00000000000234a3 __libc_start_main()  ???:0
 5 0x000000000040106e _start()  ???:0
[node002:1350819:0:1350819] Caught signal 11 (Segmentation fault: address not mapped to object at address 0x800000010)
=================================
[node003:567639] *** Process received signal ***
[node003:567639] Signal: Segmentation fault (11)
[node003:567639] Signal code:  (-6)
[node003:567639] Failing at address: 0xff7760008a957
[node003:567639] [ 0] /lib64/libpthread.so.0(+0x12b30)[0x1537a6ee3b30]
[node003:567639] [ 1] /soft/easybuild/x86_64/software/OpenMPI/4.1.2-GCC-10.2.0-with-slurm/lib/libmpi.so.40(PMPI_Alltoallw+0x116)[0x1537a84893b6]
[node002:1350817:0:1350817] Caught signal 11 (Segmentation fault: address not mapped to object at address 0x800000010)
[node003:567639] [ 2] stencil_alltoallw[0x401a00]
[node003:567639] [ 3] /lib64/libc.so.6(__libc_start_main+0xf3)[0x1537a7c064a3]
[node003:567639] [ 4] stencil_alltoallw[0x40106e]
[node003:567639] *** End of error message ***
==== backtrace (tid: 567636) ====
 0 0x00000000000201f3 ucs_debug_print_backtrace()  /dev/shm/easybuild/UCX/1.9.0/GCCcore-10.2.0/ucx-1.9.0/src/ucs/debug/debug.c:656
 1 0x0000000000012b30 .annobin_sigaction.c()  sigaction.c:0
 2 0x00000000000663b6 MPI_Alltoallw()  ???:0
 3 0x0000000000401a00 main()  /homedtic/u199149/lab2_T1G12/4_stencil/stencil_alltoallw.c:159
 4 0x00000000000234a3 __libc_start_main()  ???:0
 5 0x000000000040106e _start()  ???:0
[node002:1350818:0:1350818] Caught signal 11 (Segmentation fault: address not mapped to object at address 0x800000010)
srun: error: node003: tasks 37,40,51: Segmentation fault (core dumped)
=================================
==== backtrace (tid:1350803) ====
 0 0x00000000000201f3 ucs_debug_print_backtrace()  /dev/shm/easybuild/UCX/1.9.0/GCCcore-10.2.0/ucx-1.9.0/src/ucs/debug/debug.c:656
 1 0x0000000000012b30 .annobin_sigaction.c()  sigaction.c:0
 2 0x00000000000663b6 MPI_Alltoallw()  ???:0
 3 0x0000000000401a00 main()  /homedtic/u199149/lab2_T1G12/4_stencil/stencil_alltoallw.c:159
 4 0x00000000000234a3 __libc_start_main()  ???:0
 5 0x000000000040106e _start()  ???:0
=================================
[node003:567636] *** Process received signal ***
[node003:567636] Signal: Segmentation fault (11)
[node003:567636] Signal code:  (-6)
[node003:567636] Failing at address: 0xff7760008a954
[node002:1350803] *** Process received signal ***
[node002:1350803] Signal: Segmentation fault (11)
[node002:1350803] Signal code:  (-6)
[node002:1350803] Failing at address: 0xff77600149c93
[node003:567636] [ 0] /lib64/libpthread.so.0(+0x12b30)[0x14c4c3071b30]
==== backtrace (tid: 567630) ====
 0 0x00000000000201f3 ucs_debug_print_backtrace()  /dev/shm/easybuild/UCX/1.9.0/GCCcore-10.2.0/ucx-1.9.0/src/ucs/debug/debug.c:656
 1 0x0000000000012b30 .annobin_sigaction.c()  sigaction.c:0
 2 0x00000000000663b6 MPI_Alltoallw()  ???:0
 3 0x0000000000401a00 main()  /homedtic/u199149/lab2_T1G12/4_stencil/stencil_alltoallw.c:159
 4 0x00000000000234a3 __libc_start_main()  ???:0
==== backtrace (tid: 567632) ====
 0 0x00000000000201f3 ucs_debug_print_backtrace()  /dev/shm/easybuild/UCX/1.9.0/GCCcore-10.2.0/ucx-1.9.0/src/ucs/debug/debug.c:656
 1 0x0000000000012b30 .annobin_sigaction.c()  sigaction.c:0
 2 0x00000000000663b6 MPI_Alltoallw()  ???:0
 3 0x0000000000401a00 main()  /homedtic/u199149/lab2_T1G12/4_stencil/stencil_alltoallw.c:159
 4 0x00000000000234a3 __libc_start_main()  ???:0
 5 0x000000000040106e _start()  ???:0
=================================
[node003:567636] [ 1] /soft/easybuild/x86_64/software/OpenMPI/4.1.2-GCC-10.2.0-with-slurm/lib/libmpi.so.40(PMPI_Alltoallw+0x116)[0x14c4c46173b6]
[node003:567636] [ 2] stencil_alltoallw[0x401a00]
[node002:1350803] [ 0] /lib64/libpthread.so.0(+0x12b30)[0x14815cf63b30]
[node002:1350803] [ 1] /soft/easybuild/x86_64/software/OpenMPI/4.1.2-GCC-10.2.0-with-slurm/lib/libmpi.so.40(PMPI_Alltoallw+0x116)[0x14815e5083b6]
[node002:1350803] [ 2] stencil_alltoallw[0x401a00]
 5 0x000000000040106e _start()  ???:0
=================================
[node003:567630] *** Process received signal ***
[node003:567630] Signal: Segmentation fault (11)
[node003:567630] Signal code:  (-6)
[node003:567630] Failing at address: 0xff7760008a94e
[node002:1350803] [ 3] /lib64/libc.so.6(__libc_start_main+0xf3)[0x14815dc864a3]
[node002:1350803] [ 4] stencil_alltoallw[0x40106e]
[node002:1350803] *** End of error message ***
[node003:567632] *** Process received signal ***
[node003:567632] Signal: Segmentation fault (11)
[node003:567632] Signal code:  (-6)
[node003:567632] Failing at address: 0xff7760008a950
[node002:1350820:0:1350820] Caught signal 11 (Segmentation fault: address not mapped to object at address 0x800000010)
[node003:567636] [ 3] /lib64/libc.so.6(__libc_start_main+0xf3)[0x14c4c3d944a3]
[node003:567636] [ 4] stencil_alltoallw[0x40106e]
[node003:567636] *** End of error message ***
[node003:567630] [ 0] /lib64/libpthread.so.0(+0x12b30)[0x1520fa31db30]
[node003:567632] [ 0] /lib64/libpthread.so.0(+0x12b30)[0x1459c3d75b30]
[node003:567630] [ 1] /soft/easybuild/x86_64/software/OpenMPI/4.1.2-GCC-10.2.0-with-slurm/lib/libmpi.so.40(PMPI_Alltoallw+0x116)[0x1520fb8c33b6]
[node003:567630] [ 2] stencil_alltoallw[0x401a00]
[node003:567632] [ 1] /soft/easybuild/x86_64/software/OpenMPI/4.1.2-GCC-10.2.0-with-slurm/lib/libmpi.so.40(PMPI_Alltoallw+0x116)[0x1459c531b3b6]
[node003:567632] [ 2] stencil_alltoallw[0x401a00]
[node003:567630] [ 3] /lib64/libc.so.6(__libc_start_main+0xf3)[0x1520fb0404a3]
[node003:567630] [ 4] stencil_alltoallw[0x40106e]
[node003:567630] *** End of error message ***
[node002:1350793:0:1350793] Caught signal 11 (Segmentation fault: address not mapped to object at address 0x800000010)
[node003:567632] [ 3] /lib64/libc.so.6(__libc_start_main+0xf3)[0x1459c4a984a3]
[node003:567632] [ 4] stencil_alltoallw[0x40106e]
[node003:567632] *** End of error message ***
[node002:1350821:0:1350821] Caught signal 11 (Segmentation fault: address not mapped to object at address 0x800000010)
==== backtrace (tid: 567635) ====
 0 0x00000000000201f3 ucs_debug_print_backtrace()  /dev/shm/easybuild/UCX/1.9.0/GCCcore-10.2.0/ucx-1.9.0/src/ucs/debug/debug.c:656
 1 0x0000000000012b30 .annobin_sigaction.c()  sigaction.c:0
 2 0x00000000000663b6 MPI_Alltoallw()  ???:0
 3 0x0000000000401a00 main()  /homedtic/u199149/lab2_T1G12/4_stencil/stencil_alltoallw.c:159
 4 0x00000000000234a3 __libc_start_main()  ???:0
 5 0x000000000040106e _start()  ???:0
=================================
[node003:567635] *** Process received signal ***
[node003:567635] Signal: Segmentation fault (11)
[node003:567635] Signal code:  (-6)
[node003:567635] Failing at address: 0xff7760008a953
[node003:567635] [ 0] /lib64/libpthread.so.0(+0x12b30)[0x147880f91b30]
[node003:567635] [ 1] /soft/easybuild/x86_64/software/OpenMPI/4.1.2-GCC-10.2.0-with-slurm/lib/libmpi.so.40(PMPI_Alltoallw+0x116)[0x1478825373b6]
[node003:567635] [ 2] stencil_alltoallw[0x401a00]
[node002:1350822:0:1350822] Caught signal 11 (Segmentation fault: address not mapped to object at address 0x800000010)
[node003:567635] [ 3] /lib64/libc.so.6(__libc_start_main+0xf3)[0x147881cb44a3]
[node003:567635] [ 4] stencil_alltoallw[0x40106e]
[node003:567635] *** End of error message ***
==== backtrace (tid: 567634) ====
 0 0x00000000000201f3 ucs_debug_print_backtrace()  /dev/shm/easybuild/UCX/1.9.0/GCCcore-10.2.0/ucx-1.9.0/src/ucs/debug/debug.c:656
 1 0x0000000000012b30 .annobin_sigaction.c()  sigaction.c:0
 2 0x00000000000663b6 MPI_Alltoallw()  ???:0
 3 0x0000000000401a00 main()  /homedtic/u199149/lab2_T1G12/4_stencil/stencil_alltoallw.c:159
 4 0x00000000000234a3 __libc_start_main()  ???:0
 5 0x000000000040106e _start()  ???:0
=================================
srun: error: node003: tasks 38-39,41-43,45-50,54,56: Segmentation fault (core dumped)
==== backtrace (tid: 567637) ====
 0 0x00000000000201f3 ucs_debug_print_backtrace()  /dev/shm/easybuild/UCX/1.9.0/GCCcore-10.2.0/ucx-1.9.0/src/ucs/debug/debug.c:656
srun: error: node002: tasks 2,5,11,13,15-16,21: Segmentation fault (core dumped)
 1 0x0000000000012b30 .annobin_sigaction.c()  sigaction.c:0
 2 0x00000000000663b6 MPI_Alltoallw()  ???:0
 3 0x0000000000401a00 main()  /homedtic/u199149/lab2_T1G12/4_stencil/stencil_alltoallw.c:159
 4 0x00000000000234a3 __libc_start_main()  ???:0
 5 0x000000000040106e _start()  ???:0
=================================
==== backtrace (tid: 567638) ====
 0 0x00000000000201f3 ucs_debug_print_backtrace()  /dev/shm/easybuild/UCX/1.9.0/GCCcore-10.2.0/ucx-1.9.0/src/ucs/debug/debug.c:656
 1 0x0000000000012b30 .annobin_sigaction.c()  sigaction.c:0
 2 0x00000000000663b6 MPI_Alltoallw()  ???:0
 3 0x0000000000401a00 main()  /homedtic/u199149/lab2_T1G12/4_stencil/stencil_alltoallw.c:159
 4 0x00000000000234a3 __libc_start_main()  ???:0
 5 0x000000000040106e _start()  ???:0
=================================
[node003:567638] *** Process received signal ***
[node002:1350823:0:1350823] Caught signal 11 (Segmentation fault: address not mapped to object at address 0x800000010)
==== backtrace (tid: 567633) ====
 0 0x00000000000201f3 ucs_debug_print_backtrace()  /dev/shm/easybuild/UCX/1.9.0/GCCcore-10.2.0/ucx-1.9.0/src/ucs/debug/debug.c:656
 1 0x0000000000012b30 .annobin_sigaction.c()  sigaction.c:0
 2 0x00000000000663b6 MPI_Alltoallw()  ???:0
 3 0x0000000000401a00 main()  /homedtic/u199149/lab2_T1G12/4_stencil/stencil_alltoallw.c:159
 4 0x00000000000234a3 __libc_start_main()  ???:0
 5 0x000000000040106e _start()  ???:0
=================================
[node003:567633] *** Process received signal ***
[node003:567633] Signal: Segmentation fault (11)
[node003:567633] Signal code:  (-6)
[node003:567633] Failing at address: 0xff7760008a951
[node003:567634] *** Process received signal ***
[node003:567634] Signal: Segmentation fault (11)
[node003:567634] Signal code:  (-6)
[node003:567634] Failing at address: 0xff7760008a952
srun: error: node003: task 44: Segmentation fault (core dumped)
[node003:567637] *** Process received signal ***
[node003:567637] Signal: Segmentation fault (11)
[node003:567637] Signal code:  (-6)
[node003:567637] Failing at address: 0xff7760008a955
[node003:567638] Signal: Segmentation fault (11)
[node003:567638] Signal code:  (-6)
[node003:567638] Failing at address: 0xff7760008a956
[node002:1350824:0:1350824] Caught signal 11 (Segmentation fault: address not mapped to object at address 0x800000010)
[node003:567633] [ 0] /lib64/libpthread.so.0(+0x12b30)[0x1498c3413b30]
==== backtrace (tid:1350804) ====
 0 0x00000000000201f3 ucs_debug_print_backtrace()  /dev/shm/easybuild/UCX/1.9.0/GCCcore-10.2.0/ucx-1.9.0/src/ucs/debug/debug.c:656
 1 0x0000000000012b30 .annobin_sigaction.c()  sigaction.c:0
 2 0x00000000000663b6 MPI_Alltoallw()  ???:0
 3 0x0000000000401a00 main()  /homedtic/u199149/lab2_T1G12/4_stencil/stencil_alltoallw.c:159
 4 0x00000000000234a3 __libc_start_main()  ???:0
 5 0x000000000040106e _start()  ???:0
[node003:567634] [ 0] /lib64/libpthread.so.0(+0x12b30)[0x15241626fb30]
=================================
[node003:567637] [ 0] /lib64/libpthread.so.0(+0x12b30)[0x153f90af0b30]
[node002:1350804] *** Process received signal ***
[node002:1350804] Signal: Segmentation fault (11)
[node002:1350804] Signal code:  (-6)
[node002:1350804] Failing at address: 0xff77600149c94
[node003:567638] [ 0] /lib64/libpthread.so.0(+0x12b30)[0x147606b2cb30]
[node003:567638] [ 1] /soft/easybuild/x86_64/software/OpenMPI/4.1.2-GCC-10.2.0-with-slurm/lib/libmpi.so.40(PMPI_Alltoallw+0x116)[0x1476080d23b6]
[node002:1350804] [ 0] /lib64/libpthread.so.0(+0x12b30)[0x14e109eb9b30]
[node002:1350804] [ 1] /soft/easybuild/x86_64/software/OpenMPI/4.1.2-GCC-10.2.0-with-slurm/lib/libmpi.so.40(PMPI_Alltoallw+0x116)[0x14e10b45e3b6]
[node002:1350804] [ 2] stencil_alltoallw[0x401a00]
[node003:567633] [ 1] /soft/easybuild/x86_64/software/OpenMPI/4.1.2-GCC-10.2.0-with-slurm/lib/libmpi.so.40(PMPI_Alltoallw+0x116)[0x1498c49b93b6]
[node003:567633] [ 2] stencil_alltoallw[0x401a00]
[node003:567633] [ 3] /lib64/libc.so.6(__libc_start_main+0xf3)[0x1498c41364a3]
[node003:567633] [ 4] stencil_alltoallw[0x40106e]
[node003:567633] *** End of error message ***
[node002:1350804] [ 3] /lib64/libc.so.6(__libc_start_main+0xf3)[0x14e10abdc4a3]
[node002:1350804] [ 4] stencil_alltoallw[0x40106e]
[node002:1350804] *** End of error message ***
[node003:567634] [ 1] /soft/easybuild/x86_64/software/OpenMPI/4.1.2-GCC-10.2.0-with-slurm/lib/libmpi.so.40(PMPI_Alltoallw+0x116)[0x1524178153b6]
[node003:567634] [ 2] stencil_alltoallw[0x401a00]
[node003:567634] [ 3] /lib64/libc.so.6(__libc_start_main+0xf3)[0x152416f924a3]
[node003:567634] [ 4] stencil_alltoallw[0x40106e]
[node003:567634] *** End of error message ***
==== backtrace (tid:1350806) ====
 0 0x00000000000201f3 ucs_debug_print_backtrace()  /dev/shm/easybuild/UCX/1.9.0/GCCcore-10.2.0/ucx-1.9.0/src/ucs/debug/debug.c:656
 1 0x0000000000012b30 .annobin_sigaction.c()  sigaction.c:0
 2 0x00000000000663b6 MPI_Alltoallw()  ???:0
 3 0x0000000000401a00 main()  /homedtic/u199149/lab2_T1G12/4_stencil/stencil_alltoallw.c:159
 4 0x00000000000234a3 __libc_start_main()  ???:0
[node003:567637] [ 1] /soft/easybuild/x86_64/software/OpenMPI/4.1.2-GCC-10.2.0-with-slurm/lib/libmpi.so.40(PMPI_Alltoallw+0x116)[0x153f920963b6]
[node003:567637] [ 2] stencil_alltoallw[0x401a00]
[node003:567637] [ 3] /lib64/libc.so.6(__libc_start_main+0xf3)[0x153f918134a3]
[node003:567637] [ 4] stencil_alltoallw[0x40106e]
[node003:567637] *** End of error message ***
 5 0x000000000040106e _start()  ???:0
=================================
[node003:567638] [ 2] stencil_alltoallw[0x401a00]
[node003:567638] [ 3] /lib64/libc.so.6(__libc_start_main+0xf3)[0x14760784f4a3]
[node003:567638] [ 4] stencil_alltoallw[0x40106e]
[node003:567638] *** End of error message ***
[node002:1350806] *** Process received signal ***
[node002:1350806] Signal: Segmentation fault (11)
[node002:1350806] Signal code:  (-6)
[node002:1350806] Failing at address: 0xff77600149c96
[node002:1350806] [ 0] /lib64/libpthread.so.0(+0x12b30)[0x153db754bb30]
[node002:1350806] [ 1] /soft/easybuild/x86_64/software/OpenMPI/4.1.2-GCC-10.2.0-with-slurm/lib/libmpi.so.40(PMPI_Alltoallw+0x116)[0x153db8af03b6]
[node002:1350806] [ 2] stencil_alltoallw[0x401a00]
[node003:567643:0:567643] Caught signal 11 (Segmentation fault: address not mapped to object at address 0x800000010)
srun: error: node002: tasks 10,12,14,17,19,22-23,26: Segmentation fault (core dumped)
[node002:1350806] [ 3] /lib64/libc.so.6(__libc_start_main+0xf3)[0x153db826e4a3]
[node002:1350806] [ 4] stencil_alltoallw[0x40106e]
[node002:1350806] *** End of error message ***
==== backtrace (tid:1350808) ====
 0 0x00000000000201f3 ucs_debug_print_backtrace()  /dev/shm/easybuild/UCX/1.9.0/GCCcore-10.2.0/ucx-1.9.0/src/ucs/debug/debug.c:656
 1 0x0000000000012b30 .annobin_sigaction.c()  sigaction.c:0
 2 0x00000000000663b6 MPI_Alltoallw()  ???:0
 3 0x0000000000401a00 main()  /homedtic/u199149/lab2_T1G12/4_stencil/stencil_alltoallw.c:159
 4 0x00000000000234a3 __libc_start_main()  ???:0
 5 0x000000000040106e _start()  ???:0
[node003:567644:0:567644] Caught signal 11 (Segmentation fault: address not mapped to object at address 0x800000010)
=================================
[node002:1350808] *** Process received signal ***
[node002:1350808] Signal: Segmentation fault (11)
[node002:1350808] Signal code:  (-6)
[node002:1350808] Failing at address: 0xff77600149c98
[node002:1350808] [ 0] /lib64/libpthread.so.0(+0x12b30)[0x150f1015cb30]
[node003:567645:0:567645] Caught signal 11 (Segmentation fault: address not mapped to object at address 0x800000010)
[node002:1350808] [ 1] /soft/easybuild/x86_64/software/OpenMPI/4.1.2-GCC-10.2.0-with-slurm/lib/libmpi.so.40(PMPI_Alltoallw+0x116)[0x150f117013b6]
[node002:1350808] [ 2] stencil_alltoallw[0x401a00]
[node002:1350808] [ 3] /lib64/libc.so.6(__libc_start_main+0xf3)[0x150f10e7f4a3]
[node002:1350808] [ 4] stencil_alltoallw[0x40106e]
[node002:1350808] *** End of error message ***
[node003:567647:0:567647] Caught signal 11 (Segmentation fault: address not mapped to object at address 0x800000010)
==== backtrace (tid:1350805) ====
 0 0x00000000000201f3 ucs_debug_print_backtrace()  /dev/shm/easybuild/UCX/1.9.0/GCCcore-10.2.0/ucx-1.9.0/src/ucs/debug/debug.c:656
 1 0x0000000000012b30 .annobin_sigaction.c()  sigaction.c:0
 2 0x00000000000663b6 MPI_Alltoallw()  ???:0
 3 0x0000000000401a00 main()  /homedtic/u199149/lab2_T1G12/4_stencil/stencil_alltoallw.c:159
 4 0x00000000000234a3 __libc_start_main()  ???:0
 5 0x000000000040106e _start()  ???:0
=================================
[node002:1350805] *** Process received signal ***
[node002:1350805] Signal: Segmentation fault (11)
[node002:1350805] Signal code:  (-6)
[node002:1350805] Failing at address: 0xff77600149c95
[node002:1350805] [ 0] /lib64/libpthread.so.0(+0x12b30)[0x14da9a7dab30]
[node003:567649:0:567649] Caught signal 11 (Segmentation fault: address not mapped to object at address 0x800000010)
[node002:1350805] [ 1] /soft/easybuild/x86_64/software/OpenMPI/4.1.2-GCC-10.2.0-with-slurm/lib/libmpi.so.40(PMPI_Alltoallw+0x116)[0x14da9bd7f3b6]
[node002:1350805] [ 2] stencil_alltoallw[0x401a00]
[node002:1350805] [ 3] /lib64/libc.so.6(__libc_start_main+0xf3)[0x14da9b4fd4a3]
[node002:1350805] [ 4] stencil_alltoallw[0x40106e]
[node002:1350805] *** End of error message ***
==== backtrace (tid:1350807) ====
 0 0x00000000000201f3 ucs_debug_print_backtrace()  /dev/shm/easybuild/UCX/1.9.0/GCCcore-10.2.0/ucx-1.9.0/src/ucs/debug/debug.c:656
 1 0x0000000000012b30 .annobin_sigaction.c()  sigaction.c:0
 2 0x00000000000663b6 MPI_Alltoallw()  ???:0
 3 0x0000000000401a00 main()  /homedtic/u199149/lab2_T1G12/4_stencil/stencil_alltoallw.c:159
 4 0x00000000000234a3 __libc_start_main()  ???:0
 5 0x000000000040106e _start()  ???:0
=================================
[node003:567648:0:567648] Caught signal 11 (Segmentation fault: address not mapped to object at address 0x800000010)
[node002:1350807] *** Process received signal ***
==== backtrace (tid: 567643) ====
 0 0x00000000000201f3 ucs_debug_print_backtrace()  /dev/shm/easybuild/UCX/1.9.0/GCCcore-10.2.0/ucx-1.9.0/src/ucs/debug/debug.c:656
 1 0x0000000000012b30 .annobin_sigaction.c()  sigaction.c:0
 2 0x00000000000663b6 MPI_Alltoallw()  ???:0
 3 0x0000000000401a00 main()  /homedtic/u199149/lab2_T1G12/4_stencil/stencil_alltoallw.c:159
 4 0x00000000000234a3 __libc_start_main()  ???:0
 5 0x000000000040106e _start()  ???:0
=================================
[node002:1350807] Signal: Segmentation fault (11)
[node002:1350807] Signal code:  (-6)
[node002:1350807] Failing at address: 0xff77600149c97
[node003:567643] *** Process received signal ***
[node003:567643] Signal: Segmentation fault (11)
[node003:567643] Signal code:  (-6)
[node003:567643] Failing at address: 0xff7760008a95b
[node002:1350807] [ 0] /lib64/libpthread.so.0(+0x12b30)[0x14b1c55f0b30]
[node003:567643] [ 0] /lib64/libpthread.so.0(+0x12b30)[0x155071bf6b30]
[node002:1350807] [ 1] /soft/easybuild/x86_64/software/OpenMPI/4.1.2-GCC-10.2.0-with-slurm/lib/libmpi.so.40(PMPI_Alltoallw+0x116)[0x14b1c6b953b6]
[node003:567643] [ 1] /soft/easybuild/x86_64/software/OpenMPI/4.1.2-GCC-10.2.0-with-slurm/lib/libmpi.so.40(PMPI_Alltoallw+0x116)[0x15507319c3b6]
[node003:567643] [ 2] stencil_alltoallw[0x401a00]
[node002:1350807] [ 2] stencil_alltoallw[0x401a00]
[node003:567643] [ 3] /lib64/libc.so.6(__libc_start_main+0xf3)[0x1550729194a3]
[node003:567643] [ 4] stencil_alltoallw[0x40106e]
[node003:567643] *** End of error message ***
[node002:1350807] [ 3] /lib64/libc.so.6(__libc_start_main+0xf3)[0x14b1c63134a3]
==== backtrace (tid: 567645) ====
 0 0x00000000000201f3 ucs_debug_print_backtrace()  /dev/shm/easybuild/UCX/1.9.0/GCCcore-10.2.0/ucx-1.9.0/src/ucs/debug/debug.c:656
 1 0x0000000000012b30 .annobin_sigaction.c()  sigaction.c:0
 2 0x00000000000663b6 MPI_Alltoallw()  ???:0
 3 0x0000000000401a00 main()  /homedtic/u199149/lab2_T1G12/4_stencil/stencil_alltoallw.c:159
 4 0x00000000000234a3 __libc_start_main()  ???:0
 5 0x000000000040106e _start()  ???:0
[node002:1350807] [ 4] stencil_alltoallw[0x40106e]
[node002:1350807] *** End of error message ***
=================================
[node003:567645] *** Process received signal ***
[node003:567645] Signal: Segmentation fault (11)
[node003:567645] Signal code:  (-6)
[node003:567645] Failing at address: 0xff7760008a95d
==== backtrace (tid:1350809) ====
 0 0x00000000000201f3 ucs_debug_print_backtrace()  /dev/shm/easybuild/UCX/1.9.0/GCCcore-10.2.0/ucx-1.9.0/src/ucs/debug/debug.c:656
 1 0x0000000000012b30 .annobin_sigaction.c()  sigaction.c:0
 2 0x00000000000663b6 MPI_Alltoallw()  ???:0
 3 0x0000000000401a00 main()  /homedtic/u199149/lab2_T1G12/4_stencil/stencil_alltoallw.c:159
[node003:567645] [ 0] /lib64/libpthread.so.0(+0x12b30)[0x14c23fe78b30]
 4 0x00000000000234a3 __libc_start_main()  ???:0
 5 0x000000000040106e _start()  ???:0
[node003:567645] [ 1] /soft/easybuild/x86_64/software/OpenMPI/4.1.2-GCC-10.2.0-with-slurm/lib/libmpi.so.40(PMPI_Alltoallw+0x116)[0x14c24141e3b6]
[node003:567645] [ 2] stencil_alltoallw[0x401a00]
=================================
[node003:567645] [ 3] /lib64/libc.so.6(__libc_start_main+0xf3)[0x14c240b9b4a3]
[node003:567645] [ 4] stencil_alltoallw[0x40106e]
[node003:567645] *** End of error message ***
[node002:1350809] *** Process received signal ***
[node002:1350809] Signal: Segmentation fault (11)
[node002:1350809] Signal code:  (-6)
[node002:1350809] Failing at address: 0xff77600149c99
==== backtrace (tid: 567644) ====
 0 0x00000000000201f3 ucs_debug_print_backtrace()  /dev/shm/easybuild/UCX/1.9.0/GCCcore-10.2.0/ucx-1.9.0/src/ucs/debug/debug.c:656
 1 0x0000000000012b30 .annobin_sigaction.c()  sigaction.c:0
 2 0x00000000000663b6 MPI_Alltoallw()  ???:0
 3 0x0000000000401a00 main()  /homedtic/u199149/lab2_T1G12/4_stencil/stencil_alltoallw.c:159
 4 0x00000000000234a3 __libc_start_main()  ???:0
 5 0x000000000040106e _start()  ???:0
=================================
[node002:1350809] [ 0] /lib64/libpthread.so.0(+0x12b30)[0x14ec87931b30]
[node003:567644] *** Process received signal ***
[node003:567644] Signal: Segmentation fault (11)
[node003:567644] Signal code:  (-6)
[node003:567644] Failing at address: 0xff7760008a95c
[node003:567644] [ 0] /lib64/libpthread.so.0(+0x12b30)[0x15527b408b30]
[node002:1350809] [ 1] /soft/easybuild/x86_64/software/OpenMPI/4.1.2-GCC-10.2.0-with-slurm/lib/libmpi.so.40(PMPI_Alltoallw+0x116)[0x14ec88ed63b6]
[node002:1350809] [ 2] stencil_alltoallw[0x401a00]
[node003:567644] [ 1] /soft/easybuild/x86_64/software/OpenMPI/4.1.2-GCC-10.2.0-with-slurm/lib/libmpi.so.40(PMPI_Alltoallw+0x116)[0x15527c9ae3b6]
[node002:1350809] [ 3] /lib64/libc.so.6(__libc_start_main+0xf3)[0x14ec886544a3]
[node002:1350809] [ 4] stencil_alltoallw[0x40106e]
[node002:1350809] *** End of error message ***
[node003:567644] [ 2] stencil_alltoallw[0x401a00]
[node003:567644] [ 3] /lib64/libc.so.6(__libc_start_main+0xf3)[0x15527c12b4a3]
==== backtrace (tid:1350810) ====
 0 0x00000000000201f3 ucs_debug_print_backtrace()  /dev/shm/easybuild/UCX/1.9.0/GCCcore-10.2.0/ucx-1.9.0/src/ucs/debug/debug.c:656
 1 0x0000000000012b30 .annobin_sigaction.c()  sigaction.c:0
 2 0x00000000000663b6 MPI_Alltoallw()  ???:0
 3 0x0000000000401a00 main()  /homedtic/u199149/lab2_T1G12/4_stencil/stencil_alltoallw.c:159
 4 0x00000000000234a3 __libc_start_main()  ???:0
 5 0x000000000040106e _start()  ???:0
=================================
[node003:567644] [ 4] stencil_alltoallw[0x40106e]
[node003:567644] *** End of error message ***
[node002:1350810] *** Process received signal ***
[node002:1350810] Signal: Segmentation fault (11)
[node002:1350810] Signal code:  (-6)
[node002:1350810] Failing at address: 0xff77600149c9a
[node002:1350810] [ 0] /lib64/libpthread.so.0(+0x12b30)[0x1548808acb30]
[node002:1350810] [ 1] /soft/easybuild/x86_64/software/OpenMPI/4.1.2-GCC-10.2.0-with-slurm/lib/libmpi.so.40(PMPI_Alltoallw+0x116)[0x154881e513b6]
[node002:1350810] [ 2] stencil_alltoallw[0x401a00]
[node002:1350810] [ 3] /lib64/libc.so.6(__libc_start_main+0xf3)[0x1548815cf4a3]
[node002:1350810] [ 4] stencil_alltoallw[0x40106e]
[node002:1350810] *** End of error message ***
==== backtrace (tid:1350815) ====
 0 0x00000000000201f3 ucs_debug_print_backtrace()  /dev/shm/easybuild/UCX/1.9.0/GCCcore-10.2.0/ucx-1.9.0/src/ucs/debug/debug.c:656
 1 0x0000000000012b30 .annobin_sigaction.c()  sigaction.c:0
 2 0x00000000000663b6 MPI_Alltoallw()  ???:0
 3 0x0000000000401a00 main()  /homedtic/u199149/lab2_T1G12/4_stencil/stencil_alltoallw.c:159
 4 0x00000000000234a3 __libc_start_main()  ???:0
 5 0x000000000040106e _start()  ???:0
[node003:567650:0:567650] Caught signal 11 (Segmentation fault: address not mapped to object at address 0x800000010)
==== backtrace (tid:1350819) ====
 0 0x00000000000201f3 ucs_debug_print_backtrace()  /dev/shm/easybuild/UCX/1.9.0/GCCcore-10.2.0/ucx-1.9.0/src/ucs/debug/debug.c:656
 1 0x0000000000012b30 .annobin_sigaction.c()  sigaction.c:0
 2 0x00000000000663b6 MPI_Alltoallw()  ???:0
 3 0x0000000000401a00 main()  /homedtic/u199149/lab2_T1G12/4_stencil/stencil_alltoallw.c:159
 4 0x00000000000234a3 __libc_start_main()  ???:0
 5 0x000000000040106e _start()  ???:0
[node003:567651:0:567651] Caught signal 11 (Segmentation fault: address not mapped to object at address 0x800000011)
=================================
[node003:567652:0:567652] Caught signal 11 (Segmentation fault: address not mapped to object at address 0x800000010)
==== backtrace (tid:1350812) ====
 0 0x00000000000201f3 ucs_debug_print_backtrace()  /dev/shm/easybuild/UCX/1.9.0/GCCcore-10.2.0/ucx-1.9.0/src/ucs/debug/debug.c:656
 1 0x0000000000012b30 .annobin_sigaction.c()  sigaction.c:0
 2 0x00000000000663b6 MPI_Alltoallw()  ???:0
 3 0x0000000000401a00 main()  /homedtic/u199149/lab2_T1G12/4_stencil/stencil_alltoallw.c:159
 4 0x00000000000234a3 __libc_start_main()  ???:0
 5 0x000000000040106e _start()  ???:0
=================================
[node003:567621:0:567621] Caught signal 11 (Segmentation fault: address not mapped to object at address 0x800000010)
==== backtrace (tid:1350811) ====
 0 0x00000000000201f3 ucs_debug_print_backtrace()  /dev/shm/easybuild/UCX/1.9.0/GCCcore-10.2.0/ucx-1.9.0/src/ucs/debug/debug.c:656
 1 0x0000000000012b30 .annobin_sigaction.c()  sigaction.c:0
[node002:1350819] *** Process received signal ***
[node002:1350819] Signal: Segmentation fault (11)
[node002:1350819] Signal code:  (-6)
[node002:1350819] Failing at address: 0xff77600149ca3
 2 0x00000000000663b6 MPI_Alltoallw()  ???:0
 3 0x0000000000401a00 main()  /homedtic/u199149/lab2_T1G12/4_stencil/stencil_alltoallw.c:159
 4 0x00000000000234a3 __libc_start_main()  ???:0
 5 0x000000000040106e _start()  ???:0
==== backtrace (tid: 567649) ====
 0 0x00000000000201f3 ucs_debug_print_backtrace()  /dev/shm/easybuild/UCX/1.9.0/GCCcore-10.2.0/ucx-1.9.0/src/ucs/debug/debug.c:656
 1 0x0000000000012b30 .annobin_sigaction.c()  sigaction.c:0
 2 0x00000000000663b6 MPI_Alltoallw()  ???:0
 3 0x0000000000401a00 main()  /homedtic/u199149/lab2_T1G12/4_stencil/stencil_alltoallw.c:159
 4 0x00000000000234a3 __libc_start_main()  ???:0
 5 0x000000000040106e _start()  ???:0
=================================
=================================
[node002:1350812] *** Process received signal ***
[node002:1350812] Signal: Segmentation fault (11)
[node002:1350812] Signal code:  (-6)
[node002:1350812] Failing at address: 0xff77600149c9c
[node003:567649] *** Process received signal ***
[node002:1350811] *** Process received signal ***
[node003:567649] Signal: Segmentation fault (11)
[node003:567649] Signal code:  (-6)
[node003:567649] Failing at address: 0xff7760008a961
[node002:1350811] Signal: Segmentation fault (11)
[node002:1350811] Signal code:  (-6)
[node002:1350811] Failing at address: 0xff77600149c9b
==== backtrace (tid: 567647) ====
 0 0x00000000000201f3 ucs_debug_print_backtrace()  /dev/shm/easybuild/UCX/1.9.0/GCCcore-10.2.0/ucx-1.9.0/src/ucs/debug/debug.c:656
 1 0x0000000000012b30 .annobin_sigaction.c()  sigaction.c:0
 2 0x00000000000663b6 MPI_Alltoallw()  ???:0
 3 0x0000000000401a00 main()  /homedtic/u199149/lab2_T1G12/4_stencil/stencil_alltoallw.c:159
[node002:1350812] [ 0] /lib64/libpthread.so.0(+0x12b30)[0x15151dc7bb30]
 4 0x00000000000234a3 __libc_start_main()  ???:0
 5 0x000000000040106e _start()  ???:0
[node002:1350812] [ 1] /soft/easybuild/x86_64/software/OpenMPI/4.1.2-GCC-10.2.0-with-slurm/lib/libmpi.so.40(PMPI_Alltoallw+0x116)[0x15151f2203b6]
[node002:1350812] [ 2] stencil_alltoallw[0x401a00]
=================================
[node002:1350819] [ 0] /lib64/libpthread.so.0(+0x12b30)[0x14b849994b30]
[node003:567647] *** Process received signal ***
[node003:567647] Signal: Segmentation fault (11)
[node003:567647] Signal code:  (-6)
[node003:567647] Failing at address: 0xff7760008a95f
[node002:1350811] [ 0] /lib64/libpthread.so.0(+0x12b30)[0x1497b7661b30]
[node002:1350811] [ 1] /soft/easybuild/x86_64/software/OpenMPI/4.1.2-GCC-10.2.0-with-slurm/lib/libmpi.so.40(PMPI_Alltoallw+0x116)[0x1497b8c063b6]
[node003:567647] [ 0] /lib64/libpthread.so.0(+0x12b30)[0x14c81edd4b30]
[node002:1350812] [ 3] /lib64/libc.so.6(__libc_start_main+0xf3)[0x15151e99e4a3]
[node002:1350812] [ 4] stencil_alltoallw[0x40106e]
[node002:1350812] *** End of error message ***
[node003:567649] [ 0] /lib64/libpthread.so.0(+0x12b30)[0x14f7b2bbeb30]
[node003:567649] [ 1] /soft/easybuild/x86_64/software/OpenMPI/4.1.2-GCC-10.2.0-with-slurm/lib/libmpi.so.40(PMPI_Alltoallw+0x116)[0x14f7b41643b6]
[node003:567649] [ 2] stencil_alltoallw[0x401a00]
[node002:1350819] [ 1] /soft/easybuild/x86_64/software/OpenMPI/4.1.2-GCC-10.2.0-with-slurm/lib/libmpi.so.40(PMPI_Alltoallw+0x116)[0x14b84af393b6]
[node003:567647] [ 1] /soft/easybuild/x86_64/software/OpenMPI/4.1.2-GCC-10.2.0-with-slurm/lib/libmpi.so.40(PMPI_Alltoallw+0x116)[0x14c82037a3b6]
[node003:567647] [ 2] stencil_alltoallw[0x401a00]
[node003:567647] [ 3] /lib64/libc.so.6(__libc_start_main+0xf3)[0x14c81faf74a3]
[node003:567647] [ 4] stencil_alltoallw[0x40106e]
[node003:567647] *** End of error message ***
==== backtrace (tid:1350816) ====
 0 0x00000000000201f3 ucs_debug_print_backtrace()  /dev/shm/easybuild/UCX/1.9.0/GCCcore-10.2.0/ucx-1.9.0/src/ucs/debug/debug.c:656
 1 0x0000000000012b30 .annobin_sigaction.c()  sigaction.c:0
[node003:567649] [ 3] /lib64/libc.so.6(__libc_start_main+0xf3)[0x14f7b38e14a3]
[node003:567649] [ 4] stencil_alltoallw[0x40106e]
[node003:567649] *** End of error message ***
[node002:1350819] [ 2] stencil_alltoallw[0x401a00]
==== backtrace (tid: 567648) ====
 0 0x00000000000201f3 ucs_debug_print_backtrace()  /dev/shm/easybuild/UCX/1.9.0/GCCcore-10.2.0/ucx-1.9.0/src/ucs/debug/debug.c:656
 1 0x0000000000012b30 .annobin_sigaction.c()  sigaction.c:0
 2 0x00000000000663b6 MPI_Alltoallw()  ???:0
 3 0x0000000000401a00 main()  /homedtic/u199149/lab2_T1G12/4_stencil/stencil_alltoallw.c:159
 4 0x00000000000234a3 __libc_start_main()  ???:0
 5 0x000000000040106e _start()  ???:0
=================================
 2 0x00000000000663b6 MPI_Alltoallw()  ???:0
 3 0x0000000000401a00 main()  /homedtic/u199149/lab2_T1G12/4_stencil/stencil_alltoallw.c:159
 4 0x00000000000234a3 __libc_start_main()  ???:0
 5 0x000000000040106e _start()  ???:0
[node003:567648] *** Process received signal ***
[node003:567648] Signal: Segmentation fault (11)
[node003:567648] Signal code:  (-6)
[node003:567648] Failing at address: 0xff7760008a960
[node002:1350819] [ 3] /lib64/libc.so.6(__libc_start_main+0xf3)[0x14b84a6b74a3]
[node003:567648] [ 0] /lib64/libpthread.so.0(+0x12b30)[0x14579ba9ab30]
[node003:567648] [ 1] /soft/easybuild/x86_64/software/OpenMPI/4.1.2-GCC-10.2.0-with-slurm/lib/libmpi.so.40(PMPI_Alltoallw+0x116)[0x14579d0403b6]
[node003:567648] [ 2] stencil_alltoallw[0x401a00]
=================================
[node003:567648] [ 3] /lib64/libc.so.6(__libc_start_main+0xf3)[0x14579c7bd4a3]
[node003:567648] [ 4] stencil_alltoallw[0x40106e]
[node003:567648] *** End of error message ***
[node002:1350819] [ 4] stencil_alltoallw[0x40106e]
[node002:1350819] *** End of error message ***
==== backtrace (tid: 567650) ====
 0 0x00000000000201f3 ucs_debug_print_backtrace()  /dev/shm/easybuild/UCX/1.9.0/GCCcore-10.2.0/ucx-1.9.0/src/ucs/debug/debug.c:656
 1 0x0000000000012b30 .annobin_sigaction.c()  sigaction.c:0
 2 0x00000000000663b6 MPI_Alltoallw()  ???:0
 3 0x0000000000401a00 main()  /homedtic/u199149/lab2_T1G12/4_stencil/stencil_alltoallw.c:159
 4 0x00000000000234a3 __libc_start_main()  ???:0
 5 0x000000000040106e _start()  ???:0
=================================
[node002:1350816] *** Process received signal ***
[node003:567650] *** Process received signal ***
[node003:567650] Signal: Segmentation fault (11)
[node003:567650] Signal code:  (-6)
[node003:567650] Failing at address: 0xff7760008a962
[node002:1350816] Signal: Segmentation fault (11)
[node002:1350816] Signal code:  (-6)
[node002:1350816] Failing at address: 0xff77600149ca0
[node003:567650] [ 0] /lib64/libpthread.so.0(+0x12b30)[0x1548ba924b30]
[node002:1350816] [ 0] /lib64/libpthread.so.0(+0x12b30)[0x14cf44981b30]
[node003:567650] [ 1] /soft/easybuild/x86_64/software/OpenMPI/4.1.2-GCC-10.2.0-with-slurm/lib/libmpi.so.40(PMPI_Alltoallw+0x116)[0x1548bbeca3b6]
[node003:567650] [ 2] stencil_alltoallw[0x401a00]
[node003:567650] [ 3] /lib64/libc.so.6(__libc_start_main+0xf3)[0x1548bb6474a3]
[node002:1350816] [ 1] /soft/easybuild/x86_64/software/OpenMPI/4.1.2-GCC-10.2.0-with-slurm/lib/libmpi.so.40(PMPI_Alltoallw+0x116)[0x14cf45f263b6]
[node003:567650] [ 4] stencil_alltoallw[0x40106e]
[node003:567650] *** End of error message ***
srun: error: node002: task 4: Segmentation fault (core dumped)
[node002:1350816] [ 2] stencil_alltoallw[0x401a00]
==== backtrace (tid: 567621) ====
 0 0x00000000000201f3 ucs_debug_print_backtrace()  /dev/shm/easybuild/UCX/1.9.0/GCCcore-10.2.0/ucx-1.9.0/src/ucs/debug/debug.c:656
 1 0x0000000000012b30 .annobin_sigaction.c()  sigaction.c:0
 2 0x00000000000663b6 MPI_Alltoallw()  ???:0
 3 0x0000000000401a00 main()  /homedtic/u199149/lab2_T1G12/4_stencil/stencil_alltoallw.c:159
 4 0x00000000000234a3 __libc_start_main()  ???:0
 5 0x000000000040106e _start()  ???:0
=================================
[node002:1350816] [ 3] /lib64/libc.so.6(__libc_start_main+0xf3)[0x14cf456a44a3]
[node003:567621] *** Process received signal ***
[node003:567621] Signal: Segmentation fault (11)
[node003:567621] Signal code:  (-6)
[node003:567621] Failing at address: 0xff7760008a945
[node002:1350816] [ 4] stencil_alltoallw[0x40106e]
[node002:1350816] *** End of error message ***
[node003:567621] [ 0] /lib64/libpthread.so.0(+0x12b30)[0x150a0371db30]
=================================
[node003:567621] [ 1] /soft/easybuild/x86_64/software/OpenMPI/4.1.2-GCC-10.2.0-with-slurm/lib/libmpi.so.40(PMPI_Alltoallw+0x116)[0x150a04cc33b6]
[node003:567621] [ 2] stencil_alltoallw[0x401a00]
[node002:1350815] *** Process received signal ***
[node002:1350815] Signal: Segmentation fault (11)
[node002:1350815] Signal code:  (-6)
[node002:1350815] Failing at address: 0xff77600149c9f
[node003:567621] [ 3] /lib64/libc.so.6(__libc_start_main+0xf3)[0x150a044404a3]
[node003:567621] [ 4] stencil_alltoallw[0x40106e]
[node003:567621] *** End of error message ***
[node002:1350815] [ 0] /lib64/libpthread.so.0(+0x12b30)[0x154b34982b30]
==== backtrace (tid: 567651) ====
 0 0x00000000000201f3 ucs_debug_print_backtrace()  /dev/shm/easybuild/UCX/1.9.0/GCCcore-10.2.0/ucx-1.9.0/src/ucs/debug/debug.c:656
 1 0x0000000000012b30 .annobin_sigaction.c()  sigaction.c:0
 2 0x00000000000663b6 MPI_Alltoallw()  ???:0
 3 0x0000000000401a00 main()  /homedtic/u199149/lab2_T1G12/4_stencil/stencil_alltoallw.c:159
 4 0x00000000000234a3 __libc_start_main()  ???:0
 5 0x000000000040106e _start()  ???:0
[node002:1350815] [ 1] /soft/easybuild/x86_64/software/OpenMPI/4.1.2-GCC-10.2.0-with-slurm/lib/libmpi.so.40(PMPI_Alltoallw+0x116)[0x154b35f273b6]
[node002:1350815] [ 2] stencil_alltoallw[0x401a00]
=================================
[node003:567651] *** Process received signal ***
==== backtrace (tid:1350814) ====
 0 0x00000000000201f3 ucs_debug_print_backtrace()  /dev/shm/easybuild/UCX/1.9.0/GCCcore-10.2.0/ucx-1.9.0/src/ucs/debug/debug.c:656
 1 0x0000000000012b30 .annobin_sigaction.c()  sigaction.c:0
 2 0x00000000000663b6 MPI_Alltoallw()  ???:0
 3 0x0000000000401a00 main()  /homedtic/u199149/lab2_T1G12/4_stencil/stencil_alltoallw.c:159
 4 0x00000000000234a3 __libc_start_main()  ???:0
 5 0x000000000040106e _start()  ???:0
=================================
[node003:567651] Signal: Segmentation fault (11)
[node003:567651] Signal code:  (-6)
[node003:567651] Failing at address: 0xff7760008a963
[node002:1350815] [ 3] /lib64/libc.so.6(__libc_start_main+0xf3)[0x154b356a54a3]
[node002:1350815] [ 4] stencil_alltoallw[0x40106e]
[node002:1350815] *** End of error message ***
[node003:567651] [ 0] /lib64/libpthread.so.0(+0x12b30)[0x14e77d490b30]
[node002:1350814] *** Process received signal ***
[node002:1350814] Signal: Segmentation fault (11)
[node002:1350814] Signal code:  (-6)
[node002:1350814] Failing at address: 0xff77600149c9e
[node003:567651] [ 1] /soft/easybuild/x86_64/software/OpenMPI/4.1.2-GCC-10.2.0-with-slurm/lib/libmpi.so.40(PMPI_Alltoallw+0x116)[0x14e77ea363b6]
[node003:567651] [ 2] stencil_alltoallw[0x401a00]
[node002:1350814] [ 0] /lib64/libpthread.so.0(+0x12b30)[0x14f5d3164b30]
[node003:567651] [ 3] /lib64/libc.so.6(__libc_start_main+0xf3)[0x14e77e1b34a3]
[node003:567651] [ 4] stencil_alltoallw[0x40106e]
[node003:567651] *** End of error message ***
[node002:1350814] [ 1] /soft/easybuild/x86_64/software/OpenMPI/4.1.2-GCC-10.2.0-with-slurm/lib/libmpi.so.40(PMPI_Alltoallw+0x116)[0x14f5d47093b6]
[node002:1350814] [ 2] stencil_alltoallw[0x401a00]
==== backtrace (tid: 567652) ====
 0 0x00000000000201f3 ucs_debug_print_backtrace()  /dev/shm/easybuild/UCX/1.9.0/GCCcore-10.2.0/ucx-1.9.0/src/ucs/debug/debug.c:656
 1 0x0000000000012b30 .annobin_sigaction.c()  sigaction.c:0
 2 0x00000000000663b6 MPI_Alltoallw()  ???:0
 3 0x0000000000401a00 main()  /homedtic/u199149/lab2_T1G12/4_stencil/stencil_alltoallw.c:159
 4 0x00000000000234a3 __libc_start_main()  ???:0
 5 0x000000000040106e _start()  ???:0
=================================
[node002:1350814] [ 3] /lib64/libc.so.6(__libc_start_main+0xf3)[0x14f5d3e874a3]
[node002:1350814] [ 4] stencil_alltoallw[0x40106e]
[node002:1350814] *** End of error message ***
[node003:567652] *** Process received signal ***
[node003:567652] Signal: Segmentation fault (11)
[node003:567652] Signal code:  (-6)
[node003:567652] Failing at address: 0xff7760008a964
[node002:1350811] [ 2] stencil_alltoallw[0x401a00]
[node002:1350811] [ 3] /lib64/libc.so.6(__libc_start_main+0xf3)[0x1497b83844a3]
[node002:1350811] [ 4] stencil_alltoallw[0x40106e]
[node002:1350811] *** End of error message ***
[node003:567652] [ 0] /lib64/libpthread.so.0(+0x12b30)[0x150d63730b30]
[node003:567652] [ 1] /soft/easybuild/x86_64/software/OpenMPI/4.1.2-GCC-10.2.0-with-slurm/lib/libmpi.so.40(PMPI_Alltoallw+0x116)[0x150d64cd63b6]
==== backtrace (tid:1350817) ====
 0 0x00000000000201f3 ucs_debug_print_backtrace()  /dev/shm/easybuild/UCX/1.9.0/GCCcore-10.2.0/ucx-1.9.0/src/ucs/debug/debug.c:656
 1 0x0000000000012b30 .annobin_sigaction.c()  sigaction.c:0
 2 0x00000000000663b6 MPI_Alltoallw()  ???:0
 3 0x0000000000401a00 main()  /homedtic/u199149/lab2_T1G12/4_stencil/stencil_alltoallw.c:159
 4 0x00000000000234a3 __libc_start_main()  ???:0
 5 0x000000000040106e _start()  ???:0
[node003:567652] [ 2] stencil_alltoallw[0x401a00]
[node003:567652] [ 3] /lib64/libc.so.6(__libc_start_main+0xf3)[0x150d644534a3]
[node003:567652] [ 4] stencil_alltoallw[0x40106e]
[node003:567652] *** End of error message ***
==== backtrace (tid:1350818) ====
 0 0x00000000000201f3 ucs_debug_print_backtrace()  /dev/shm/easybuild/UCX/1.9.0/GCCcore-10.2.0/ucx-1.9.0/src/ucs/debug/debug.c:656
 1 0x0000000000012b30 .annobin_sigaction.c()  sigaction.c:0
 2 0x00000000000663b6 MPI_Alltoallw()  ???:0
 3 0x0000000000401a00 main()  /homedtic/u199149/lab2_T1G12/4_stencil/stencil_alltoallw.c:159
 4 0x00000000000234a3 __libc_start_main()  ???:0
 5 0x000000000040106e _start()  ???:0
=================================
=================================
==== backtrace (tid:1350813) ====
 0 0x00000000000201f3 ucs_debug_print_backtrace()  /dev/shm/easybuild/UCX/1.9.0/GCCcore-10.2.0/ucx-1.9.0/src/ucs/debug/debug.c:656
 1 0x0000000000012b30 .annobin_sigaction.c()  sigaction.c:0
 2 0x00000000000663b6 MPI_Alltoallw()  ???:0
 3 0x0000000000401a00 main()  /homedtic/u199149/lab2_T1G12/4_stencil/stencil_alltoallw.c:159
 4 0x00000000000234a3 __libc_start_main()  ???:0
 5 0x000000000040106e _start()  ???:0
[node002:1350817] *** Process received signal ***
[node002:1350817] Signal: Segmentation fault (11)
[node002:1350817] Signal code:  (-6)
[node002:1350817] Failing at address: 0xff77600149ca1
=================================
[node002:1350818] *** Process received signal ***
[node002:1350818] Signal: Segmentation fault (11)
[node002:1350818] Signal code:  (-6)
[node002:1350818] Failing at address: 0xff77600149ca2
[node002:1350813] *** Process received signal ***
[node002:1350813] Signal: Segmentation fault (11)
[node002:1350813] Signal code:  (-6)
[node002:1350813] Failing at address: 0xff77600149c9d
[node002:1350817] [ 0] /lib64/libpthread.so.0(+0x12b30)[0x14ec637b2b30]
[node002:1350818] [ 0] /lib64/libpthread.so.0(+0x12b30)[0x1463f0052b30]
[node002:1350817] [ 1] /soft/easybuild/x86_64/software/OpenMPI/4.1.2-GCC-10.2.0-with-slurm/lib/libmpi.so.40(PMPI_Alltoallw+0x116)[0x14ec64d573b6]
[node002:1350817] [ 2] stencil_alltoallw[0x401a00]
[node002:1350818] [ 1] /soft/easybuild/x86_64/software/OpenMPI/4.1.2-GCC-10.2.0-with-slurm/lib/libmpi.so.40(PMPI_Alltoallw+0x116)[0x1463f15f73b6]
[node002:1350818] [ 2] stencil_alltoallw[0x401a00]
[node002:1350817] [ 3] /lib64/libc.so.6(__libc_start_main+0xf3)[0x14ec644d54a3]
[node002:1350817] [ 4] stencil_alltoallw[0x40106e]
[node002:1350817] *** End of error message ***
[node002:1350818] [ 3] /lib64/libc.so.6(__libc_start_main+0xf3)[0x1463f0d754a3]
[node002:1350818] [ 4] stencil_alltoallw[0x40106e]
[node002:1350818] *** End of error message ***
[node002:1350813] [ 0] /lib64/libpthread.so.0(+0x12b30)[0x15275f5dcb30]
[node002:1350813] [ 1] /soft/easybuild/x86_64/software/OpenMPI/4.1.2-GCC-10.2.0-with-slurm/lib/libmpi.so.40(PMPI_Alltoallw+0x116)[0x152760b813b6]
[node002:1350813] [ 2] stencil_alltoallw[0x401a00]
[node002:1350813] [ 3] /lib64/libc.so.6(__libc_start_main+0xf3)[0x1527602ff4a3]
[node002:1350813] [ 4] stencil_alltoallw[0x40106e]
[node002:1350813] *** End of error message ***
==== backtrace (tid:1350793) ====
 0 0x00000000000201f3 ucs_debug_print_backtrace()  /dev/shm/easybuild/UCX/1.9.0/GCCcore-10.2.0/ucx-1.9.0/src/ucs/debug/debug.c:656
 1 0x0000000000012b30 .annobin_sigaction.c()  sigaction.c:0
 2 0x00000000000663b6 MPI_Alltoallw()  ???:0
 3 0x0000000000401a5a main()  /homedtic/u199149/lab2_T1G12/4_stencil/stencil_alltoallw.c:162
 4 0x00000000000234a3 __libc_start_main()  ???:0
 5 0x000000000040106e _start()  ???:0
=================================
[node003:567646:0:567646] Caught signal 11 (Segmentation fault: address not mapped to object at address 0x800000010)
[node002:1350793] *** Process received signal ***
[node002:1350793] Signal: Segmentation fault (11)
[node002:1350793] Signal code:  (-6)
[node002:1350793] Failing at address: 0xff77600149c89
==== backtrace (tid: 567646) ====
 0 0x00000000000201f3 ucs_debug_print_backtrace()  /dev/shm/easybuild/UCX/1.9.0/GCCcore-10.2.0/ucx-1.9.0/src/ucs/debug/debug.c:656
 1 0x0000000000012b30 .annobin_sigaction.c()  sigaction.c:0
 2 0x00000000000663b6 MPI_Alltoallw()  ???:0
 3 0x0000000000401a00 main()  /homedtic/u199149/lab2_T1G12/4_stencil/stencil_alltoallw.c:159
 4 0x00000000000234a3 __libc_start_main()  ???:0
 5 0x000000000040106e _start()  ???:0
[node002:1350793] [ 0] /lib64/libpthread.so.0(+0x12b30)[0x153c1659bb30]
=================================
[node002:1350793] [ 1] /soft/easybuild/x86_64/software/OpenMPI/4.1.2-GCC-10.2.0-with-slurm/lib/libmpi.so.40(PMPI_Alltoallw+0x116)[0x153c17b403b6]
[node002:1350793] [ 2] stencil_alltoallw[0x401a5a]
[node003:567646] *** Process received signal ***
[node003:567646] Signal: Segmentation fault (11)
[node003:567646] Signal code:  (-6)
[node003:567646] Failing at address: 0xff7760008a95e
[node002:1350793] [ 3] /lib64/libc.so.6(__libc_start_main+0xf3)[0x153c172be4a3]
[node002:1350793] [ 4] stencil_alltoallw[0x40106e]
[node002:1350793] *** End of error message ***
[node003:567646] [ 0] /lib64/libpthread.so.0(+0x12b30)[0x14b308b95b30]
==== backtrace (tid:1350820) ====
 0 0x00000000000201f3 ucs_debug_print_backtrace()  /dev/shm/easybuild/UCX/1.9.0/GCCcore-10.2.0/ucx-1.9.0/src/ucs/debug/debug.c:656
 1 0x0000000000012b30 .annobin_sigaction.c()  sigaction.c:0
 2 0x00000000000663b6 MPI_Alltoallw()  ???:0
 3 0x0000000000401a00 main()  /homedtic/u199149/lab2_T1G12/4_stencil/stencil_alltoallw.c:159
 4 0x00000000000234a3 __libc_start_main()  ???:0
 5 0x000000000040106e _start()  ???:0
=================================
[node003:567646] [ 1] /soft/easybuild/x86_64/software/OpenMPI/4.1.2-GCC-10.2.0-with-slurm/lib/libmpi.so.40(PMPI_Alltoallw+0x116)[0x14b30a13b3b6]
[node003:567646] [ 2] stencil_alltoallw[0x401a00]
[node002:1350820] *** Process received signal ***
[node002:1350820] Signal: Segmentation fault (11)
[node002:1350820] Signal code:  (-6)
[node002:1350820] Failing at address: 0xff77600149ca4
[node003:567646] [ 3] /lib64/libc.so.6(__libc_start_main+0xf3)[0x14b3098b84a3]
[node003:567646] [ 4] stencil_alltoallw[0x40106e]
[node003:567646] *** End of error message ***
[node002:1350820] [ 0] /lib64/libpthread.so.0(+0x12b30)[0x1486ce456b30]
[node002:1350820] [ 1] /soft/easybuild/x86_64/software/OpenMPI/4.1.2-GCC-10.2.0-with-slurm/lib/libmpi.so.40(PMPI_Alltoallw+0x116)[0x1486cf9fb3b6]
[node002:1350820] [ 2] stencil_alltoallw[0x401a00]
[node002:1350820] [ 3] /lib64/libc.so.6(__libc_start_main+0xf3)[0x1486cf1794a3]
[node002:1350820] [ 4] stencil_alltoallw[0x40106e]
[node002:1350820] *** End of error message ***
==== backtrace (tid:1350824) ====
 0 0x00000000000201f3 ucs_debug_print_backtrace()  /dev/shm/easybuild/UCX/1.9.0/GCCcore-10.2.0/ucx-1.9.0/src/ucs/debug/debug.c:656
 1 0x0000000000012b30 .annobin_sigaction.c()  sigaction.c:0
 2 0x00000000000663b6 MPI_Alltoallw()  ???:0
 3 0x0000000000401a00 main()  /homedtic/u199149/lab2_T1G12/4_stencil/stencil_alltoallw.c:159
 4 0x00000000000234a3 __libc_start_main()  ???:0
 5 0x000000000040106e _start()  ???:0
=================================
[node002:1350824] *** Process received signal ***
[node002:1350824] Signal: Segmentation fault (11)
[node002:1350824] Signal code:  (-6)
[node002:1350824] Failing at address: 0xff77600149ca8
[node002:1350824] [ 0] /lib64/libpthread.so.0(+0x12b30)[0x14bf9f6bdb30]
[node002:1350824] [ 1] /soft/easybuild/x86_64/software/OpenMPI/4.1.2-GCC-10.2.0-with-slurm/lib/libmpi.so.40(PMPI_Alltoallw+0x116)[0x14bfa0c623b6]
[node002:1350824] [ 2] stencil_alltoallw[0x401a00]
[node002:1350824] [ 3] /lib64/libc.so.6(__libc_start_main+0xf3)[0x14bfa03e04a3]
[node002:1350824] [ 4] stencil_alltoallw[0x40106e]
[node002:1350824] *** End of error message ***
[node003:567641:0:567641] Caught signal 11 (Segmentation fault: address not mapped to object at address 0x800000010)
==== backtrace (tid:1350821) ====
 0 0x00000000000201f3 ucs_debug_print_backtrace()  /dev/shm/easybuild/UCX/1.9.0/GCCcore-10.2.0/ucx-1.9.0/src/ucs/debug/debug.c:656
 1 0x0000000000012b30 .annobin_sigaction.c()  sigaction.c:0
 2 0x00000000000663b6 MPI_Alltoallw()  ???:0
 3 0x0000000000401a00 main()  /homedtic/u199149/lab2_T1G12/4_stencil/stencil_alltoallw.c:159
 4 0x00000000000234a3 __libc_start_main()  ???:0
 5 0x000000000040106e _start()  ???:0
=================================
[node002:1350821] *** Process received signal ***
[node002:1350821] Signal: Segmentation fault (11)
[node002:1350821] Signal code:  (-6)
[node002:1350821] Failing at address: 0xff77600149ca5
[node003:567642:0:567642] Caught signal 11 (Segmentation fault: address not mapped to object at address 0x800000010)
[node002:1350821] [ 0] /lib64/libpthread.so.0(+0x12b30)[0x14786bcedb30]
[node002:1350821] [ 1] /soft/easybuild/x86_64/software/OpenMPI/4.1.2-GCC-10.2.0-with-slurm/lib/libmpi.so.40(PMPI_Alltoallw+0x116)[0x14786d2923b6]
[node002:1350821] [ 2] stencil_alltoallw[0x401a00]
[node003:567624:0:567624] Caught signal 11 (Segmentation fault: address not mapped to object at address 0x800000010)
[node002:1350821] [ 3] /lib64/libc.so.6(__libc_start_main+0xf3)[0x14786ca104a3]
==== backtrace (tid: 567641) ====
 0 0x00000000000201f3 ucs_debug_print_backtrace()  /dev/shm/easybuild/UCX/1.9.0/GCCcore-10.2.0/ucx-1.9.0/src/ucs/debug/debug.c:656
 1 0x0000000000012b30 .annobin_sigaction.c()  sigaction.c:0
 2 0x00000000000663b6 MPI_Alltoallw()  ???:0
 3 0x0000000000401a00 main()  /homedtic/u199149/lab2_T1G12/4_stencil/stencil_alltoallw.c:159
 4 0x00000000000234a3 __libc_start_main()  ???:0
 5 0x000000000040106e _start()  ???:0
[node002:1350821] [ 4] stencil_alltoallw[0x40106e]
[node002:1350821] *** End of error message ***
=================================
==== backtrace (tid:1350822) ====
 0 0x00000000000201f3 ucs_debug_print_backtrace()  /dev/shm/easybuild/UCX/1.9.0/GCCcore-10.2.0/ucx-1.9.0/src/ucs/debug/debug.c:656
 1 0x0000000000012b30 .annobin_sigaction.c()  sigaction.c:0
 2 0x00000000000663b6 MPI_Alltoallw()  ???:0
 3 0x0000000000401a00 main()  /homedtic/u199149/lab2_T1G12/4_stencil/stencil_alltoallw.c:159
 4 0x00000000000234a3 __libc_start_main()  ???:0
 5 0x000000000040106e _start()  ???:0
=================================
[node003:567641] *** Process received signal ***
[node002:1350822] *** Process received signal ***
[node002:1350822] Signal: Segmentation fault (11)
[node002:1350822] Signal code:  (-6)
[node002:1350822] Failing at address: 0xff77600149ca6
[node003:567641] Signal: Segmentation fault (11)
[node003:567641] Signal code:  (-6)
[node003:567641] Failing at address: 0xff7760008a959
[node002:1350822] [ 0] /lib64/libpthread.so.0(+0x12b30)[0x14bc0fc77b30]
[node003:567641] [ 0] /lib64/libpthread.so.0(+0x12b30)[0x14f287dffb30]
[node002:1350822] [ 1] /soft/easybuild/x86_64/software/OpenMPI/4.1.2-GCC-10.2.0-with-slurm/lib/libmpi.so.40(PMPI_Alltoallw+0x116)[0x14bc1121c3b6]
[node002:1350822] [ 2] stencil_alltoallw[0x401a00]
[node003:567641] [ 1] /soft/easybuild/x86_64/software/OpenMPI/4.1.2-GCC-10.2.0-with-slurm/lib/libmpi.so.40(PMPI_Alltoallw+0x116)[0x14f2893a53b6]
[node003:567641] [ 2] stencil_alltoallw[0x401a00]
[node002:1350822] [ 3] /lib64/libc.so.6(__libc_start_main+0xf3)[0x14bc1099a4a3]
[node002:1350822] [ 4] stencil_alltoallw[0x40106e]
[node002:1350822] *** End of error message ***
==== backtrace (tid:1350823) ====
 0 0x00000000000201f3 ucs_debug_print_backtrace()  /dev/shm/easybuild/UCX/1.9.0/GCCcore-10.2.0/ucx-1.9.0/src/ucs/debug/debug.c:656
 1 0x0000000000012b30 .annobin_sigaction.c()  sigaction.c:0
 2 0x00000000000663b6 MPI_Alltoallw()  ???:0
 3 0x0000000000401a00 main()  /homedtic/u199149/lab2_T1G12/4_stencil/stencil_alltoallw.c:159
 4 0x00000000000234a3 __libc_start_main()  ???:0
 5 0x000000000040106e _start()  ???:0
[node003:567641] [ 3] /lib64/libc.so.6(__libc_start_main+0xf3)[0x14f288b224a3]
[node003:567641] [ 4] stencil_alltoallw[0x40106e]
[node003:567641] *** End of error message ***
=================================
[node002:1350823] *** Process received signal ***
[node002:1350823] Signal: Segmentation fault (11)
[node002:1350823] Signal code:  (-6)
[node002:1350823] Failing at address: 0xff77600149ca7
[node002:1350823] [ 0] /lib64/libpthread.so.0(+0x12b30)[0x146088528b30]
[node002:1350823] [ 1] /soft/easybuild/x86_64/software/OpenMPI/4.1.2-GCC-10.2.0-with-slurm/lib/libmpi.so.40(PMPI_Alltoallw+0x116)[0x146089acd3b6]
==== backtrace (tid: 567642) ====
 0 0x00000000000201f3 ucs_debug_print_backtrace()  /dev/shm/easybuild/UCX/1.9.0/GCCcore-10.2.0/ucx-1.9.0/src/ucs/debug/debug.c:656
 1 0x0000000000012b30 .annobin_sigaction.c()  sigaction.c:0
 2 0x00000000000663b6 MPI_Alltoallw()  ???:0
 3 0x0000000000401a00 main()  /homedtic/u199149/lab2_T1G12/4_stencil/stencil_alltoallw.c:159
 4 0x00000000000234a3 __libc_start_main()  ???:0
 5 0x000000000040106e _start()  ???:0
=================================
[node002:1350823] [ 2] stencil_alltoallw[0x401a00]
[node002:1350823] [ 3] /lib64/libc.so.6(__libc_start_main+0xf3)[0x14608924b4a3]
[node002:1350823] [ 4] stencil_alltoallw[0x40106e]
[node002:1350823] *** End of error message ***
[node003:567642] *** Process received signal ***
[node003:567642] Signal: Segmentation fault (11)
[node003:567642] Signal code:  (-6)
[node003:567642] Failing at address: 0xff7760008a95a
[node003:567642] [ 0] /lib64/libpthread.so.0(+0x12b30)[0x151e1311fb30]
[node003:567642] [ 1] /soft/easybuild/x86_64/software/OpenMPI/4.1.2-GCC-10.2.0-with-slurm/lib/libmpi.so.40(PMPI_Alltoallw+0x116)[0x151e146c53b6]
[node003:567642] [ 2] stencil_alltoallw[0x401a00]
[node003:567642] [ 3] /lib64/libc.so.6(__libc_start_main+0xf3)[0x151e13e424a3]
[node003:567642] [ 4] stencil_alltoallw[0x40106e]
[node003:567642] *** End of error message ***
[node003:567625:0:567625] Caught signal 11 (Segmentation fault: address not mapped to object at address 0x800000011)
==== backtrace (tid: 567624) ====
 0 0x00000000000201f3 ucs_debug_print_backtrace()  /dev/shm/easybuild/UCX/1.9.0/GCCcore-10.2.0/ucx-1.9.0/src/ucs/debug/debug.c:656
 1 0x0000000000012b30 .annobin_sigaction.c()  sigaction.c:0
 2 0x00000000000663b6 MPI_Alltoallw()  ???:0
 3 0x0000000000401a00 main()  /homedtic/u199149/lab2_T1G12/4_stencil/stencil_alltoallw.c:159
 4 0x00000000000234a3 __libc_start_main()  ???:0
 5 0x000000000040106e _start()  ???:0
=================================
[node003:567624] *** Process received signal ***
[node003:567624] Signal: Segmentation fault (11)
[node003:567624] Signal code:  (-6)
[node003:567624] Failing at address: 0xff7760008a948
[node003:567624] [ 0] /lib64/libpthread.so.0(+0x12b30)[0x14d7b861ab30]
[node003:567624] [ 1] /soft/easybuild/x86_64/software/OpenMPI/4.1.2-GCC-10.2.0-with-slurm/lib/libmpi.so.40(PMPI_Alltoallw+0x116)[0x14d7b9bc03b6]
[node003:567624] [ 2] stencil_alltoallw[0x401a00]
[node003:567624] [ 3] /lib64/libc.so.6(__libc_start_main+0xf3)[0x14d7b933d4a3]
[node003:567624] [ 4] stencil_alltoallw[0x40106e]
[node003:567624] *** End of error message ***
==== backtrace (tid: 567625) ====
 0 0x00000000000201f3 ucs_debug_print_backtrace()  /dev/shm/easybuild/UCX/1.9.0/GCCcore-10.2.0/ucx-1.9.0/src/ucs/debug/debug.c:656
 1 0x0000000000012b30 .annobin_sigaction.c()  sigaction.c:0
 2 0x00000000000663b6 MPI_Alltoallw()  ???:0
 3 0x0000000000401a00 main()  /homedtic/u199149/lab2_T1G12/4_stencil/stencil_alltoallw.c:159
 4 0x00000000000234a3 __libc_start_main()  ???:0
 5 0x000000000040106e _start()  ???:0
=================================
[node003:567625] *** Process received signal ***
[node003:567625] Signal: Segmentation fault (11)
[node003:567625] Signal code:  (-6)
[node003:567625] Failing at address: 0xff7760008a949
[node003:567625] [ 0] /lib64/libpthread.so.0(+0x12b30)[0x14b77eacfb30]
[node002:1350800:0:1350800] Caught signal 11 (Segmentation fault: address not mapped to object at address 0x800000010)
[node003:567625] [ 1] /soft/easybuild/x86_64/software/OpenMPI/4.1.2-GCC-10.2.0-with-slurm/lib/libmpi.so.40(PMPI_Alltoallw+0x116)[0x14b7800753b6]
[node003:567625] [ 2] stencil_alltoallw[0x401a00]
==== backtrace (tid:1350800) ====
 0 0x00000000000201f3 ucs_debug_print_backtrace()  /dev/shm/easybuild/UCX/1.9.0/GCCcore-10.2.0/ucx-1.9.0/src/ucs/debug/debug.c:656
 1 0x0000000000012b30 .annobin_sigaction.c()  sigaction.c:0
 2 0x00000000000663b6 MPI_Alltoallw()  ???:0
 3 0x0000000000401a5a main()  /homedtic/u199149/lab2_T1G12/4_stencil/stencil_alltoallw.c:162
 4 0x00000000000234a3 __libc_start_main()  ???:0
 5 0x000000000040106e _start()  ???:0
[node003:567625] [ 3] /lib64/libc.so.6(__libc_start_main+0xf3)[0x14b77f7f24a3]
[node003:567625] [ 4] stencil_alltoallw[0x40106e]
[node003:567625] *** End of error message ***
=================================
[node002:1350800] *** Process received signal ***
[node002:1350800] Signal: Segmentation fault (11)
[node002:1350800] Signal code:  (-6)
[node002:1350800] Failing at address: 0xff77600149c90
[node002:1350800] [ 0] /lib64/libpthread.so.0(+0x12b30)[0x14df8ecffb30]
[node002:1350800] [ 1] /soft/easybuild/x86_64/software/OpenMPI/4.1.2-GCC-10.2.0-with-slurm/lib/libmpi.so.40(PMPI_Alltoallw+0x116)[0x14df902a43b6]
[node002:1350800] [ 2] stencil_alltoallw[0x401a5a]
[node002:1350800] [ 3] /lib64/libc.so.6(__libc_start_main+0xf3)[0x14df8fa224a3]
[node002:1350800] [ 4] stencil_alltoallw[0x40106e]
[node002:1350800] *** End of error message ***
[node002:1350802:0:1350802] Caught signal 11 (Segmentation fault: address not mapped to object at address 0x800000010)
[node003:567640:0:567640] Caught signal 11 (Segmentation fault: address not mapped to object at address 0x800000010)
==== backtrace (tid:1350802) ====
 0 0x00000000000201f3 ucs_debug_print_backtrace()  /dev/shm/easybuild/UCX/1.9.0/GCCcore-10.2.0/ucx-1.9.0/src/ucs/debug/debug.c:656
 1 0x0000000000012b30 .annobin_sigaction.c()  sigaction.c:0
 2 0x00000000000663b6 MPI_Alltoallw()  ???:0
 3 0x0000000000401a00 main()  /homedtic/u199149/lab2_T1G12/4_stencil/stencil_alltoallw.c:159
 4 0x00000000000234a3 __libc_start_main()  ???:0
 5 0x000000000040106e _start()  ???:0
=================================
[node002:1350802] *** Process received signal ***
[node002:1350802] Signal: Segmentation fault (11)
[node002:1350802] Signal code:  (-6)
[node002:1350802] Failing at address: 0xff77600149c92
[node002:1350802] [ 0] /lib64/libpthread.so.0(+0x12b30)[0x154bc6c49b30]
[node003:567626:0:567626] Caught signal 11 (Segmentation fault: address not mapped to object at address 0x800000010)
[node002:1350802] [ 1] /soft/easybuild/x86_64/software/OpenMPI/4.1.2-GCC-10.2.0-with-slurm/lib/libmpi.so.40(PMPI_Alltoallw+0x116)[0x154bc81ee3b6]
[node002:1350802] [ 2] stencil_alltoallw[0x401a00]
==== backtrace (tid: 567640) ====
 0 0x00000000000201f3 ucs_debug_print_backtrace()  /dev/shm/easybuild/UCX/1.9.0/GCCcore-10.2.0/ucx-1.9.0/src/ucs/debug/debug.c:656
 1 0x0000000000012b30 .annobin_sigaction.c()  sigaction.c:0
 2 0x00000000000663b6 MPI_Alltoallw()  ???:0
 3 0x0000000000401a00 main()  /homedtic/u199149/lab2_T1G12/4_stencil/stencil_alltoallw.c:159
 4 0x00000000000234a3 __libc_start_main()  ???:0
 5 0x000000000040106e _start()  ???:0
[node002:1350802] [ 3] /lib64/libc.so.6(__libc_start_main+0xf3)[0x154bc796c4a3]
[node002:1350802] [ 4] stencil_alltoallw[0x40106e]
[node002:1350802] *** End of error message ***
=================================
[node003:567640] *** Process received signal ***
[node003:567640] Signal: Segmentation fault (11)
[node003:567640] Signal code:  (-6)
[node003:567640] Failing at address: 0xff7760008a958
[node003:567640] [ 0] /lib64/libpthread.so.0(+0x12b30)[0x154774c9bb30]
[node003:567640] [ 1] /soft/easybuild/x86_64/software/OpenMPI/4.1.2-GCC-10.2.0-with-slurm/lib/libmpi.so.40(PMPI_Alltoallw+0x116)[0x1547762413b6]
[node003:567640] [ 2] stencil_alltoallw[0x401a00]
[node003:567640] [ 3] /lib64/libc.so.6(__libc_start_main+0xf3)[0x1547759be4a3]
[node003:567640] [ 4] stencil_alltoallw[0x40106e]
[node003:567640] *** End of error message ***
==== backtrace (tid: 567626) ====
 0 0x00000000000201f3 ucs_debug_print_backtrace()  /dev/shm/easybuild/UCX/1.9.0/GCCcore-10.2.0/ucx-1.9.0/src/ucs/debug/debug.c:656
 1 0x0000000000012b30 .annobin_sigaction.c()  sigaction.c:0
 2 0x00000000000663b6 MPI_Alltoallw()  ???:0
 3 0x0000000000401a00 main()  /homedtic/u199149/lab2_T1G12/4_stencil/stencil_alltoallw.c:159
 4 0x00000000000234a3 __libc_start_main()  ???:0
 5 0x000000000040106e _start()  ???:0
=================================
[node003:567626] *** Process received signal ***
[node003:567626] Signal: Segmentation fault (11)
[node003:567626] Signal code:  (-6)
[node003:567626] Failing at address: 0xff7760008a94a
[node003:567626] [ 0] /lib64/libpthread.so.0(+0x12b30)[0x14be10526b30]
[node003:567626] [ 1] /soft/easybuild/x86_64/software/OpenMPI/4.1.2-GCC-10.2.0-with-slurm/lib/libmpi.so.40(PMPI_Alltoallw+0x116)[0x14be11acc3b6]
[node003:567626] [ 2] stencil_alltoallw[0x401a00]
[node003:567626] [ 3] /lib64/libc.so.6(__libc_start_main+0xf3)[0x14be112494a3]
[node003:567626] [ 4] stencil_alltoallw[0x40106e]
[node003:567626] *** End of error message ***
[node002:1350796:0:1350796] Caught signal 11 (Segmentation fault: address not mapped to object at address 0x800000010)
==== backtrace (tid:1350796) ====
 0 0x00000000000201f3 ucs_debug_print_backtrace()  /dev/shm/easybuild/UCX/1.9.0/GCCcore-10.2.0/ucx-1.9.0/src/ucs/debug/debug.c:656
 1 0x0000000000012b30 .annobin_sigaction.c()  sigaction.c:0
 2 0x00000000000663b6 MPI_Alltoallw()  ???:0
 3 0x0000000000401a5a main()  /homedtic/u199149/lab2_T1G12/4_stencil/stencil_alltoallw.c:162
 4 0x00000000000234a3 __libc_start_main()  ???:0
 5 0x000000000040106e _start()  ???:0
[node003:567629:0:567629] Caught signal 11 (Segmentation fault: address not mapped to object at address 0x800000010)
=================================
[node002:1350796] *** Process received signal ***
[node002:1350796] Signal: Segmentation fault (11)
[node002:1350796] Signal code:  (-6)
[node002:1350796] Failing at address: 0xff77600149c8c
[node002:1350796] [ 0] /lib64/libpthread.so.0(+0x12b30)[0x154ac1a30b30]
[node002:1350796] [ 1] /soft/easybuild/x86_64/software/OpenMPI/4.1.2-GCC-10.2.0-with-slurm/lib/libmpi.so.40(PMPI_Alltoallw+0x116)[0x154ac2fd53b6]
[node002:1350796] [ 2] stencil_alltoallw[0x401a5a]
[node002:1350796] [ 3] /lib64/libc.so.6(__libc_start_main+0xf3)[0x154ac27534a3]
[node002:1350796] [ 4] stencil_alltoallw[0x40106e]
[node002:1350796] *** End of error message ***
==== backtrace (tid: 567629) ====
 0 0x00000000000201f3 ucs_debug_print_backtrace()  /dev/shm/easybuild/UCX/1.9.0/GCCcore-10.2.0/ucx-1.9.0/src/ucs/debug/debug.c:656
 1 0x0000000000012b30 .annobin_sigaction.c()  sigaction.c:0
 2 0x00000000000663b6 MPI_Alltoallw()  ???:0
 3 0x0000000000401a00 main()  /homedtic/u199149/lab2_T1G12/4_stencil/stencil_alltoallw.c:159
 4 0x00000000000234a3 __libc_start_main()  ???:0
 5 0x000000000040106e _start()  ???:0
=================================
[node003:567629] *** Process received signal ***
[node003:567629] Signal: Segmentation fault (11)
[node003:567629] Signal code:  (-6)
[node003:567629] Failing at address: 0xff7760008a94d
[node003:567629] [ 0] /lib64/libpthread.so.0(+0x12b30)[0x147a8fd2fb30]
[node003:567629] [ 1] /soft/easybuild/x86_64/software/OpenMPI/4.1.2-GCC-10.2.0-with-slurm/lib/libmpi.so.40(PMPI_Alltoallw+0x116)[0x147a912d53b6]
[node003:567629] [ 2] stencil_alltoallw[0x401a00]
[node003:567629] [ 3] /lib64/libc.so.6(__libc_start_main+0xf3)[0x147a90a524a3]
[node003:567629] [ 4] stencil_alltoallw[0x40106e]
[node003:567629] *** End of error message ***
[node002:1350797:0:1350797] Caught signal 11 (Segmentation fault: address not mapped to object at address 0x800000010)
[node002:1350798:0:1350798] Caught signal 11 (Segmentation fault: address not mapped to object at address 0x800000010)
[node002:1350795:0:1350795] Caught signal 11 (Segmentation fault: address not mapped to object at address 0x800000010)
==== backtrace (tid:1350797) ====
 0 0x00000000000201f3 ucs_debug_print_backtrace()  /dev/shm/easybuild/UCX/1.9.0/GCCcore-10.2.0/ucx-1.9.0/src/ucs/debug/debug.c:656
 1 0x0000000000012b30 .annobin_sigaction.c()  sigaction.c:0
 2 0x00000000000663b6 MPI_Alltoallw()  ???:0
 3 0x0000000000401a5a main()  /homedtic/u199149/lab2_T1G12/4_stencil/stencil_alltoallw.c:162
 4 0x00000000000234a3 __libc_start_main()  ???:0
 5 0x000000000040106e _start()  ???:0
=================================
[node002:1350797] *** Process received signal ***
[node002:1350797] Signal: Segmentation fault (11)
[node002:1350797] Signal code:  (-6)
[node002:1350797] Failing at address: 0xff77600149c8d
[node002:1350797] [ 0] /lib64/libpthread.so.0(+0x12b30)[0x154a77dd5b30]
[node002:1350797] [ 1] /soft/easybuild/x86_64/software/OpenMPI/4.1.2-GCC-10.2.0-with-slurm/lib/libmpi.so.40(PMPI_Alltoallw+0x116)[0x154a7937a3b6]
[node002:1350797] [ 2] stencil_alltoallw[0x401a5a]
[node002:1350797] [ 3] /lib64/libc.so.6(__libc_start_main+0xf3)[0x154a78af84a3]
[node002:1350797] [ 4] stencil_alltoallw[0x40106e]
[node002:1350797] *** End of error message ***
==== backtrace (tid:1350798) ====
 0 0x00000000000201f3 ucs_debug_print_backtrace()  /dev/shm/easybuild/UCX/1.9.0/GCCcore-10.2.0/ucx-1.9.0/src/ucs/debug/debug.c:656
 1 0x0000000000012b30 .annobin_sigaction.c()  sigaction.c:0
 2 0x00000000000663b6 MPI_Alltoallw()  ???:0
 3 0x0000000000401a5a main()  /homedtic/u199149/lab2_T1G12/4_stencil/stencil_alltoallw.c:162
 4 0x00000000000234a3 __libc_start_main()  ???:0
 5 0x000000000040106e _start()  ???:0
=================================
[node002:1350798] *** Process received signal ***
[node002:1350798] Signal: Segmentation fault (11)
[node002:1350798] Signal code:  (-6)
[node002:1350798] Failing at address: 0xff77600149c8e
[node002:1350798] [ 0] /lib64/libpthread.so.0(+0x12b30)[0x1518cde9eb30]
[node002:1350798] [ 1] /soft/easybuild/x86_64/software/OpenMPI/4.1.2-GCC-10.2.0-with-slurm/lib/libmpi.so.40(PMPI_Alltoallw+0x116)[0x1518cf4433b6]
[node002:1350798] [ 2] stencil_alltoallw[0x401a5a]
[node002:1350798] [ 3] /lib64/libc.so.6(__libc_start_main+0xf3)[0x1518cebc14a3]
[node002:1350798] [ 4] stencil_alltoallw[0x40106e]
[node002:1350798] *** End of error message ***
==== backtrace (tid:1350795) ====
 0 0x00000000000201f3 ucs_debug_print_backtrace()  /dev/shm/easybuild/UCX/1.9.0/GCCcore-10.2.0/ucx-1.9.0/src/ucs/debug/debug.c:656
 1 0x0000000000012b30 .annobin_sigaction.c()  sigaction.c:0
 2 0x00000000000663b6 MPI_Alltoallw()  ???:0
 3 0x0000000000401a5a main()  /homedtic/u199149/lab2_T1G12/4_stencil/stencil_alltoallw.c:162
 4 0x00000000000234a3 __libc_start_main()  ???:0
 5 0x000000000040106e _start()  ???:0
=================================
[node002:1350795] *** Process received signal ***
[node002:1350795] Signal: Segmentation fault (11)
[node002:1350795] Signal code:  (-6)
[node002:1350795] Failing at address: 0xff77600149c8b
[node002:1350795] [ 0] /lib64/libpthread.so.0(+0x12b30)[0x1543da615b30]
[node002:1350795] [ 1] /soft/easybuild/x86_64/software/OpenMPI/4.1.2-GCC-10.2.0-with-slurm/lib/libmpi.so.40(PMPI_Alltoallw+0x116)[0x1543dbbba3b6]
[node002:1350795] [ 2] stencil_alltoallw[0x401a5a]
[node002:1350795] [ 3] /lib64/libc.so.6(__libc_start_main+0xf3)[0x1543db3384a3]
[node002:1350795] [ 4] stencil_alltoallw[0x40106e]
[node002:1350795] *** End of error message ***
