Proc   0. Counted votes = 3150255
Proc   1. Counted votes = 3087670
Proc   2. Counted votes = 3088725
Proc   3. Counted votes = 3015930
Proc   4. Counted votes = 3031510
Proc   5. Counted votes = 3184750
Proc   6. Counted votes = 3075940
Proc   7. Counted votes = 3202295
Proc   8. Counted votes = 3100395
Proc   9. Counted votes = 3313085
Proc  10. Counted votes = 3101580
Proc  11. Counted votes = 3152700
Proc  12. Counted votes = 3112690
Proc  13. Counted votes = 3138095
Proc  14. Counted votes = 3146680
Proc  15. Counted votes = 3019405
------------------------------------------------------------
Question 0: yes: 52.5% (5238511) no: 47.5% (4745830)
Question 1: yes: 11.7% (2334342) no: 38.3% (7649999)
Question 2: yes: 21.8% (6543912) no: 11.5% (3440429)
Question 3: yes: 1.9% (743497) no: 23.1% (9240844)
Question 4: yes: 9.1% (4539760) no: 10.9% (5444581)
------------------------------------------------------------
Total votes = 49921705
